#
# There is insufficient memory for the Java Runtime Environment to continue.
# Native memory allocation (mmap) failed to map 66060288 bytes for G1 virtual space
# Possible reasons:
#   The system is out of physical RAM or swap space
#   The process is running with CompressedOops enabled, and the Java Heap may be blocking the growth of the native heap
# Possible solutions:
#   Reduce memory load on the system
#   Increase physical memory or swap space
#   Check if swap backing store is full
#   Decrease Java heap size (-Xmx/-Xms)
#   Decrease number of Java threads
#   Decrease Java thread stack sizes (-Xss)
#   Set larger code cache with -XX:ReservedCodeCacheSize=
#   JVM is running with Unscaled Compressed Oops mode in which the Java heap is
#     placed in the first 4GB address space. The Java Heap base address is the
#     maximum limit for the native heap growth. Please use -XX:HeapBaseMinAddress
#     to set the Java Heap base and to place the Java Heap above 4GB virtual address.
# This output file may be truncated or incomplete.
#
#  Out of Memory Error (os_windows.cpp:3771), pid=2620, tid=6764
#
# JRE version: OpenJDK Runtime Environment (17.0.7) (build 17.0.7+0-b2043.56-10550314)
# Java VM: OpenJDK 64-Bit Server VM (17.0.7+0-b2043.56-10550314, mixed mode, tiered, compressed oops, compressed class ptrs, g1 gc, windows-amd64)
# No core dump will be written. Minidumps are not enabled by default on client versions of Windows
#

---------------  S U M M A R Y ------------

Command Line: --add-opens=java.base/java.util=ALL-UNNAMED --add-opens=java.base/java.lang=ALL-UNNAMED --add-opens=java.base/java.lang.invoke=ALL-UNNAMED --add-opens=java.prefs/java.util.prefs=ALL-UNNAMED --add-opens=java.base/java.nio.charset=ALL-UNNAMED --add-opens=java.base/java.net=ALL-UNNAMED --add-opens=java.base/java.util.concurrent.atomic=ALL-UNNAMED -Xmx2048m -Dfile.encoding=UTF-8 -Duser.country=ID -Duser.language=en -Duser.variant -javaagent:C:\Users\HP\.gradle\wrapper\dists\gradle-8.2-bin\bbg7u40eoinfdyxsxr3z4i7ta\gradle-8.2\lib\agents\gradle-instrumentation-agent-8.2.jar org.gradle.launcher.daemon.bootstrap.GradleDaemon 8.2

Host: 12th Gen Intel(R) Core(TM) i5-12500H, 16 cores, 7G,  Windows 11 , 64 bit Build 22621 (10.0.22621.3085)
Time: Sun Mar  3 08:29:57 2024 SE Asia Standard Time elapsed time: 5.628313 seconds (0d 0h 0m 5s)

---------------  T H R E A D  ---------------

Current thread (0x0000023e7faee340):  VMThread "VM Thread" [stack: 0x000000945d200000,0x000000945d300000] [id=6764]

Stack: [0x000000945d200000,0x000000945d300000]
Native frames: (J=compiled Java code, j=interpreted, Vv=VM code, C=native code)
V  [jvm.dll+0x683bfa]
V  [jvm.dll+0x8430a4]
V  [jvm.dll+0x8449be]
V  [jvm.dll+0x845023]
V  [jvm.dll+0x24ad2f]
V  [jvm.dll+0x680ac9]
V  [jvm.dll+0x67519a]
V  [jvm.dll+0x30b3cb]
V  [jvm.dll+0x312876]
V  [jvm.dll+0x36221e]
V  [jvm.dll+0x36244f]
V  [jvm.dll+0x2e14a8]
V  [jvm.dll+0x2df684]
V  [jvm.dll+0x2dec8c]
V  [jvm.dll+0x323b51]
V  [jvm.dll+0x8496eb]
V  [jvm.dll+0x84a424]
V  [jvm.dll+0x84a93d]
V  [jvm.dll+0x84ad14]
V  [jvm.dll+0x84ade0]
V  [jvm.dll+0x7f2aea]
V  [jvm.dll+0x682a35]
C  [ucrtbase.dll+0x29363]
C  [KERNEL32.DLL+0x1257d]
C  [ntdll.dll+0x5aa58]

VM_Operation (0x000000945eef2160): G1TryInitiateConcMark, mode: safepoint, requested by thread 0x0000023e0a126700


---------------  P R O C E S S  ---------------

Threads class SMR info:
_java_thread_list=0x0000023e0d90d5a0, length=75, elements={
0x0000023e695204a0, 0x0000023e7faeeac0, 0x0000023e041609b0, 0x0000023e041976b0,
0x0000023e04198430, 0x0000023e04199ff0, 0x0000023e0419cfc0, 0x0000023e0419dd50,
0x0000023e0419e7f0, 0x0000023e0419f5f0, 0x0000023e7faa4a00, 0x0000023e0432f280,
0x0000023e04357980, 0x0000023e044de0d0, 0x0000023e046e99b0, 0x0000023e047bba80,
0x0000023e095edeb0, 0x0000023e0aa28820, 0x0000023e0a30d420, 0x0000023e0b39a9b0,
0x0000023e0aa34d20, 0x0000023e09aa8660, 0x0000023e0a4c95f0, 0x0000023e0a126700,
0x0000023e090699c0, 0x0000023e0906b1d0, 0x0000023e09069e90, 0x0000023e0906a360,
0x0000023e09068b50, 0x0000023e0906b6a0, 0x0000023e090681b0, 0x0000023e0906a830,
0x0000023e090694f0, 0x0000023e09068680, 0x0000023e0906ad00, 0x0000023e0906bb70,
0x0000023e09069020, 0x0000023e0bb6fbb0, 0x0000023e0bb71890, 0x0000023e0bb71d60,
0x0000023e09edc040, 0x0000023e0bb72700, 0x0000023e0bb70080, 0x0000023e0bb72230,
0x0000023e0bb70550, 0x0000023e0bb70ef0, 0x0000023e0bb6ed40, 0x0000023e0bb72bd0,
0x0000023e0bb730a0, 0x0000023e0bb6f210, 0x0000023e0bb713c0, 0x0000023e0bb6f6e0,
0x0000023e0bb73570, 0x0000023e0bb6e3a0, 0x0000023e0bb73a40, 0x0000023e0bb73f10,
0x0000023e0bb6e870, 0x0000023e0bb743e0, 0x0000023e0bb6d060, 0x0000023e0bb6d530,
0x0000023e0bb6da00, 0x0000023e0bb6ded0, 0x0000023e0f5c12e0, 0x0000023e0f5c2fc0,
0x0000023e0f5c17b0, 0x0000023e0f5c0e10, 0x0000023e0f5bcf80, 0x0000023e0f5c1c80,
0x0000023e0f5c3960, 0x0000023e0f5bfad0, 0x0000023e0f5c3e30, 0x0000023e0f5c4300,
0x0000023e0f5be2c0, 0x0000023e0f5bffa0, 0x0000023e0f5c3490
}

Java Threads: ( => current thread )
  0x0000023e695204a0 JavaThread "main" [_thread_blocked, id=17248, stack(0x000000945cc00000,0x000000945cd00000)]
  0x0000023e7faeeac0 JavaThread "Reference Handler" daemon [_thread_blocked, id=15712, stack(0x000000945d300000,0x000000945d400000)]
  0x0000023e041609b0 JavaThread "Finalizer" daemon [_thread_blocked, id=17212, stack(0x000000945d400000,0x000000945d500000)]
  0x0000023e041976b0 JavaThread "Signal Dispatcher" daemon [_thread_blocked, id=11596, stack(0x000000945d500000,0x000000945d600000)]
  0x0000023e04198430 JavaThread "Attach Listener" daemon [_thread_blocked, id=17300, stack(0x000000945d600000,0x000000945d700000)]
  0x0000023e04199ff0 JavaThread "Service Thread" daemon [_thread_blocked, id=372, stack(0x000000945d700000,0x000000945d800000)]
  0x0000023e0419cfc0 JavaThread "Monitor Deflation Thread" daemon [_thread_blocked, id=12252, stack(0x000000945d800000,0x000000945d900000)]
  0x0000023e0419dd50 JavaThread "C2 CompilerThread0" daemon [_thread_blocked, id=8084, stack(0x000000945d900000,0x000000945da00000)]
  0x0000023e0419e7f0 JavaThread "C1 CompilerThread0" daemon [_thread_blocked, id=14540, stack(0x000000945da00000,0x000000945db00000)]
  0x0000023e0419f5f0 JavaThread "Sweeper thread" daemon [_thread_blocked, id=14036, stack(0x000000945db00000,0x000000945dc00000)]
  0x0000023e7faa4a00 JavaThread "Common-Cleaner" daemon [_thread_blocked, id=4772, stack(0x000000945dc00000,0x000000945dd00000)]
  0x0000023e0432f280 JavaThread "C1 CompilerThread1" daemon [_thread_blocked, id=7888, stack(0x000000945dd00000,0x000000945de00000)]
  0x0000023e04357980 JavaThread "C1 CompilerThread2" daemon [_thread_blocked, id=16172, stack(0x000000945de00000,0x000000945df00000)]
  0x0000023e044de0d0 JavaThread "Notification Thread" daemon [_thread_blocked, id=16004, stack(0x000000945df00000,0x000000945e000000)]
  0x0000023e046e99b0 JavaThread "C2 CompilerThread1" daemon [_thread_blocked, id=11892, stack(0x000000945e100000,0x000000945e200000)]
  0x0000023e047bba80 JavaThread "C2 CompilerThread2" daemon [_thread_blocked, id=16364, stack(0x000000945e200000,0x000000945e300000)]
  0x0000023e095edeb0 JavaThread "C1 CompilerThread3" daemon [_thread_blocked, id=4844, stack(0x000000945e300000,0x000000945e400000)]
  0x0000023e0aa28820 JavaThread "Daemon health stats" [_thread_blocked, id=15468, stack(0x000000945e800000,0x000000945e900000)]
  0x0000023e0a30d420 JavaThread "Incoming local TCP Connector on port 61349" [_thread_in_native, id=11616, stack(0x000000945e900000,0x000000945ea00000)]
  0x0000023e0b39a9b0 JavaThread "Daemon periodic checks" [_thread_blocked, id=14352, stack(0x000000945ea00000,0x000000945eb00000)]
  0x0000023e0aa34d20 JavaThread "Daemon" [_thread_blocked, id=11356, stack(0x000000945eb00000,0x000000945ec00000)]
  0x0000023e09aa8660 JavaThread "Handler for socket connection from /127.0.0.1:61349 to /127.0.0.1:61350" [_thread_in_native, id=9756, stack(0x000000945ec00000,0x000000945ed00000)]
  0x0000023e0a4c95f0 JavaThread "Cancel handler" [_thread_blocked, id=8772, stack(0x000000945ed00000,0x000000945ee00000)]
  0x0000023e0a126700 JavaThread "Daemon worker" [_thread_blocked, id=16380, stack(0x000000945ee00000,0x000000945ef00000)]
  0x0000023e090699c0 JavaThread "Asynchronous log dispatcher for DefaultDaemonConnection: socket connection from /127.0.0.1:61349 to /127.0.0.1:61350" [_thread_blocked, id=15984, stack(0x000000945ef00000,0x000000945f000000)]
  0x0000023e0906b1d0 JavaThread "Stdin handler" [_thread_blocked, id=14880, stack(0x000000945f000000,0x000000945f100000)]
  0x0000023e09069e90 JavaThread "Daemon client event forwarder" [_thread_blocked, id=1244, stack(0x000000945f100000,0x000000945f200000)]
  0x0000023e0906a360 JavaThread "Cache worker for journal cache (C:\Users\HP\.gradle\caches\journal-1)" [_thread_blocked, id=14380, stack(0x000000945fc00000,0x000000945fd00000)]
  0x0000023e09068b50 JavaThread "File lock request listener" [_thread_in_native, id=5004, stack(0x000000945fd00000,0x000000945fe00000)]
  0x0000023e0906b6a0 JavaThread "Cache worker for file hash cache (C:\Users\HP\.gradle\caches\8.2\fileHashes)" [_thread_blocked, id=16360, stack(0x000000945fe00000,0x000000945ff00000)]
  0x0000023e090681b0 JavaThread "File watcher server" daemon [_thread_in_native, id=7768, stack(0x000000945ff00000,0x0000009460000000)]
  0x0000023e0906a830 JavaThread "File watcher consumer" daemon [_thread_blocked, id=14512, stack(0x0000009460000000,0x0000009460100000)]
  0x0000023e090694f0 JavaThread "Cache worker for checksums cache (C:\Users\HP\AndroidStudioProjects\TugasCashierApp\.gradle\8.2\checksums)" [_thread_blocked, id=9696, stack(0x0000009460100000,0x0000009460200000)]
  0x0000023e09068680 JavaThread "Cache worker for cache directory md-rule (C:\Users\HP\.gradle\caches\8.2\md-rule)" [_thread_blocked, id=15388, stack(0x0000009460200000,0x0000009460300000)]
  0x0000023e0906ad00 JavaThread "Cache worker for file content cache (C:\Users\HP\.gradle\caches\8.2\fileContent)" [_thread_blocked, id=3172, stack(0x0000009460300000,0x0000009460400000)]
  0x0000023e0906bb70 JavaThread "Cache worker for file hash cache (C:\Users\HP\AndroidStudioProjects\TugasCashierApp\.gradle\8.2\fileHashes)" [_thread_blocked, id=1948, stack(0x0000009460400000,0x0000009460500000)]
  0x0000023e09069020 JavaThread "Cache worker for cache directory md-supplier (C:\Users\HP\.gradle\caches\8.2\md-supplier)" [_thread_blocked, id=4988, stack(0x0000009460500000,0x0000009460600000)]
  0x0000023e0bb6fbb0 JavaThread "Cache worker for execution history cache (C:\Users\HP\.gradle\caches\8.2\executionHistory)" [_thread_blocked, id=13020, stack(0x0000009460600000,0x0000009460700000)]
  0x0000023e0bb71890 JavaThread "jar transforms" [_thread_blocked, id=14472, stack(0x0000009460700000,0x0000009460800000)]
  0x0000023e0bb71d60 JavaThread "jar transforms Thread 2" [_thread_blocked, id=16220, stack(0x0000009460800000,0x0000009460900000)]
  0x0000023e09edc040 JavaThread "C2 CompilerThread3" daemon [_thread_blocked, id=16184, stack(0x0000009460900000,0x0000009460a00000)]
  0x0000023e0bb72700 JavaThread "Cache worker for kotlin-dsl (C:\Users\HP\.gradle\caches\8.2\kotlin-dsl)" [_thread_blocked, id=10392, stack(0x0000009460a00000,0x0000009460b00000)]
  0x0000023e0bb70080 JavaThread "jar transforms Thread 3" [_thread_blocked, id=15200, stack(0x0000009460b00000,0x0000009460c00000)]
  0x0000023e0bb72230 JavaThread "jar transforms Thread 4" [_thread_blocked, id=15796, stack(0x0000009460c00000,0x0000009460d00000)]
  0x0000023e0bb70550 JavaThread "jar transforms Thread 5" [_thread_blocked, id=4624, stack(0x0000009460d00000,0x0000009460e00000)]
  0x0000023e0bb70ef0 JavaThread "jar transforms Thread 6" [_thread_blocked, id=1680, stack(0x0000009460e00000,0x0000009460f00000)]
  0x0000023e0bb6ed40 JavaThread "Cache worker for dependencies-accessors (C:\Users\HP\AndroidStudioProjects\TugasCashierApp\.gradle\8.2\dependencies-accessors)" [_thread_blocked, id=15224, stack(0x0000009460f00000,0x0000009461000000)]
  0x0000023e0bb72bd0 JavaThread "Cache worker for Build Output Cleanup Cache (C:\Users\HP\AndroidStudioProjects\TugasCashierApp\.gradle\buildOutputCleanup)" [_thread_blocked, id=11768, stack(0x0000009461000000,0x0000009461100000)]
  0x0000023e0bb730a0 JavaThread "jar transforms Thread 7" [_thread_blocked, id=5640, stack(0x0000009461100000,0x0000009461200000)]
  0x0000023e0bb6f210 JavaThread "jar transforms Thread 8" [_thread_blocked, id=10100, stack(0x0000009461200000,0x0000009461300000)]
  0x0000023e0bb713c0 JavaThread "Unconstrained build operations" [_thread_blocked, id=15692, stack(0x0000009461300000,0x0000009461400000)]
  0x0000023e0bb6f6e0 JavaThread "Unconstrained build operations Thread 2" [_thread_blocked, id=12624, stack(0x0000009461400000,0x0000009461500000)]
  0x0000023e0bb73570 JavaThread "Unconstrained build operations Thread 3" [_thread_blocked, id=11336, stack(0x0000009461500000,0x0000009461600000)]
  0x0000023e0bb6e3a0 JavaThread "Unconstrained build operations Thread 4" [_thread_blocked, id=12324, stack(0x0000009461600000,0x0000009461700000)]
  0x0000023e0bb73a40 JavaThread "Unconstrained build operations Thread 5" [_thread_blocked, id=15152, stack(0x0000009461700000,0x0000009461800000)]
  0x0000023e0bb73f10 JavaThread "Unconstrained build operations Thread 6" [_thread_blocked, id=5828, stack(0x0000009461800000,0x0000009461900000)]
  0x0000023e0bb6e870 JavaThread "Unconstrained build operations Thread 7" [_thread_blocked, id=16268, stack(0x0000009461900000,0x0000009461a00000)]
  0x0000023e0bb743e0 JavaThread "Unconstrained build operations Thread 8" [_thread_blocked, id=12584, stack(0x0000009461a00000,0x0000009461b00000)]
  0x0000023e0bb6d060 JavaThread "Unconstrained build operations Thread 9" [_thread_blocked, id=10820, stack(0x0000009461b00000,0x0000009461c00000)]
  0x0000023e0bb6d530 JavaThread "Unconstrained build operations Thread 10" [_thread_blocked, id=7028, stack(0x0000009461c00000,0x0000009461d00000)]
  0x0000023e0bb6da00 JavaThread "Unconstrained build operations Thread 11" [_thread_blocked, id=756, stack(0x0000009461d00000,0x0000009461e00000)]
  0x0000023e0bb6ded0 JavaThread "Unconstrained build operations Thread 12" [_thread_blocked, id=14952, stack(0x0000009461e00000,0x0000009461f00000)]
  0x0000023e0f5c12e0 JavaThread "Unconstrained build operations Thread 13" [_thread_blocked, id=5728, stack(0x0000009461f00000,0x0000009462000000)]
  0x0000023e0f5c2fc0 JavaThread "Unconstrained build operations Thread 14" [_thread_blocked, id=7624, stack(0x0000009462000000,0x0000009462100000)]
  0x0000023e0f5c17b0 JavaThread "Unconstrained build operations Thread 15" [_thread_blocked, id=3936, stack(0x0000009462100000,0x0000009462200000)]
  0x0000023e0f5c0e10 JavaThread "jar transforms Thread 9" [_thread_blocked, id=5788, stack(0x0000009462200000,0x0000009462300000)]
  0x0000023e0f5bcf80 JavaThread "jar transforms Thread 10" [_thread_blocked, id=7292, stack(0x0000009462300000,0x0000009462400000)]
  0x0000023e0f5c1c80 JavaThread "jar transforms Thread 11" [_thread_blocked, id=10072, stack(0x0000009462400000,0x0000009462500000)]
  0x0000023e0f5c3960 JavaThread "jar transforms Thread 12" [_thread_blocked, id=6644, stack(0x0000009462500000,0x0000009462600000)]
  0x0000023e0f5bfad0 JavaThread "jar transforms Thread 13" [_thread_blocked, id=8068, stack(0x0000009462600000,0x0000009462700000)]
  0x0000023e0f5c3e30 JavaThread "jar transforms Thread 14" [_thread_blocked, id=14616, stack(0x0000009462700000,0x0000009462800000)]
  0x0000023e0f5c4300 JavaThread "jar transforms Thread 15" [_thread_blocked, id=580, stack(0x0000009462800000,0x0000009462900000)]
  0x0000023e0f5be2c0 JavaThread "jar transforms Thread 16" [_thread_blocked, id=6972, stack(0x0000009462900000,0x0000009462a00000)]
  0x0000023e0f5bffa0 JavaThread "build event listener" [_thread_blocked, id=7156, stack(0x0000009462a00000,0x0000009462b00000)]
  0x0000023e0f5c3490 JavaThread "Memory manager" [_thread_blocked, id=1240, stack(0x0000009462b00000,0x0000009462c00000)]

Other Threads:
=>0x0000023e7faee340 VMThread "VM Thread" [stack: 0x000000945d200000,0x000000945d300000] [id=6764]
  0x0000023e044de5a0 WatcherThread [stack: 0x000000945e000000,0x000000945e100000] [id=15940]
  0x0000023e6957c500 GCTaskThread "GC Thread#0" [stack: 0x000000945cd00000,0x000000945ce00000] [id=17276]
  0x0000023e0a259bf0 GCTaskThread "GC Thread#1" [stack: 0x000000945e400000,0x000000945e500000] [id=15500]
  0x0000023e09aadc60 GCTaskThread "GC Thread#2" [stack: 0x000000945e500000,0x000000945e600000] [id=11200]
  0x0000023e047ab150 GCTaskThread "GC Thread#3" [stack: 0x000000945e600000,0x000000945e700000] [id=11312]
  0x0000023e04ca02c0 GCTaskThread "GC Thread#4" [stack: 0x000000945e700000,0x000000945e800000] [id=4144]
  0x0000023e0906f190 GCTaskThread "GC Thread#5" [stack: 0x000000945f200000,0x000000945f300000] [id=15000]
  0x0000023e0a67ec50 GCTaskThread "GC Thread#6" [stack: 0x000000945f300000,0x000000945f400000] [id=10996]
  0x0000023e0a2c9840 GCTaskThread "GC Thread#7" [stack: 0x000000945f400000,0x000000945f500000] [id=6624]
  0x0000023e09e3fd10 GCTaskThread "GC Thread#8" [stack: 0x000000945f500000,0x000000945f600000] [id=16928]
  0x0000023e0a67d050 GCTaskThread "GC Thread#9" [stack: 0x000000945f600000,0x000000945f700000] [id=14728]
  0x0000023e0abda510 GCTaskThread "GC Thread#10" [stack: 0x000000945f700000,0x000000945f800000] [id=4200]
  0x0000023e0b24e0a0 GCTaskThread "GC Thread#11" [stack: 0x000000945f800000,0x000000945f900000] [id=9816]
  0x0000023e0b24f0c0 GCTaskThread "GC Thread#12" [stack: 0x000000945f900000,0x000000945fa00000] [id=12032]
  0x0000023e6958d440 ConcurrentGCThread "G1 Main Marker" [stack: 0x000000945ce00000,0x000000945cf00000] [id=1520]
  0x0000023e6958de50 ConcurrentGCThread "G1 Conc#0" [stack: 0x000000945cf00000,0x000000945d000000] [id=7116]
  0x0000023e0b24ee10 ConcurrentGCThread "G1 Conc#1" [stack: 0x000000945fa00000,0x000000945fb00000] [id=4752]
  0x0000023e0b24eb60 ConcurrentGCThread "G1 Conc#2" [stack: 0x000000945fb00000,0x000000945fc00000] [id=9960]
  0x0000023e695dd450 ConcurrentGCThread "G1 Refine#0" [stack: 0x000000945d000000,0x000000945d100000] [id=6008]
  0x0000023e7f971e80 ConcurrentGCThread "G1 Service" [stack: 0x000000945d100000,0x000000945d200000] [id=4152]

Threads with active compile tasks:
C2 CompilerThread0     5639 6894       4       java.math.BigInteger::montReduce (99 bytes)
C2 CompilerThread1     5639 6893 %     4       java.math.BigInteger::implSquareToLen @ 9 (154 bytes)
C2 CompilerThread2     5639 6904 % !   4       java.util.jar.Attributes::read @ 214 (494 bytes)
C2 CompilerThread3     5640 6906       4       java.util.jar.Manifest::parseName (84 bytes)

VM state: at safepoint (normal execution)

VM Mutex/Monitor currently owned by a thread:  ([mutex/lock_event])
[0x0000023e6951c570] Threads_lock - owner thread: 0x0000023e7faee340
[0x0000023e6951b130] Heap_lock - owner thread: 0x0000023e0a126700

Heap address: 0x0000000080000000, size: 2048 MB, Compressed Oops mode: 32-bit

CDS archive(s) not mapped
Compressed class space mapped at: 0x0000000100000000-0x0000000140000000, reserved size: 1073741824
Narrow klass base: 0x0000000000000000, Narrow klass shift: 3, Narrow klass range: 0x140000000

GC Precious Log:
 CPUs: 16 total, 16 available
 Memory: 7859M
 Large Page Support: Disabled
 NUMA Support: Disabled
 Compressed Oops: Enabled (32-bit)
 Heap Region Size: 1M
 Heap Min Capacity: 8M
 Heap Initial Capacity: 124M
 Heap Max Capacity: 2G
 Pre-touch: Disabled
 Parallel Workers: 13
 Concurrent Workers: 3
 Concurrent Refinement Workers: 13
 Periodic GC: Disabled

Heap:
 garbage-first heap   total 126976K, used 55142K [0x0000000080000000, 0x0000000100000000)
  region size 1024K, 3 young (3072K), 3 survivors (3072K)
 Metaspace       used 65296K, committed 65920K, reserved 1114112K
  class space    used 8714K, committed 9024K, reserved 1048576K

Heap Regions: E=young(eden), S=young(survivor), O=old, HS=humongous(starts), HC=humongous(continues), CS=collection set, F=free, OA=open archive, CA=closed archive, TAMS=top-at-mark-start (previous, next)
|   0|0x0000000080000000, 0x0000000080100000, 0x0000000080100000|100%|HS|  |TAMS 0x0000000080100000, 0x0000000080100000| Complete 
|   1|0x0000000080100000, 0x0000000080200000, 0x0000000080200000|100%|HC|  |TAMS 0x0000000080200000, 0x0000000080200000| Complete 
|   2|0x0000000080200000, 0x0000000080300000, 0x0000000080300000|100%|HC|  |TAMS 0x0000000080300000, 0x0000000080300000| Complete 
|   3|0x0000000080300000, 0x0000000080400000, 0x0000000080400000|100%|HC|  |TAMS 0x0000000080400000, 0x0000000080400000| Complete 
|   4|0x0000000080400000, 0x0000000080500000, 0x0000000080500000|100%| O|  |TAMS 0x0000000080500000, 0x0000000080500000| Untracked 
|   5|0x0000000080500000, 0x0000000080600000, 0x0000000080600000|100%| O|  |TAMS 0x0000000080600000, 0x0000000080600000| Untracked 
|   6|0x0000000080600000, 0x0000000080700000, 0x0000000080700000|100%| O|  |TAMS 0x0000000080700000, 0x0000000080700000| Untracked 
|   7|0x0000000080700000, 0x0000000080800000, 0x0000000080800000|100%| O|  |TAMS 0x0000000080800000, 0x0000000080800000| Untracked 
|   8|0x0000000080800000, 0x0000000080900000, 0x0000000080900000|100%| O|  |TAMS 0x0000000080900000, 0x0000000080900000| Untracked 
|   9|0x0000000080900000, 0x0000000080a00000, 0x0000000080a00000|100%| O|  |TAMS 0x0000000080a00000, 0x0000000080a00000| Untracked 
|  10|0x0000000080a00000, 0x0000000080a8d400, 0x0000000080b00000| 55%| O|  |TAMS 0x0000000080a8d400, 0x0000000080a8d400| Untracked 
|  11|0x0000000080b00000, 0x0000000080c00000, 0x0000000080c00000|100%| O|  |TAMS 0x0000000080c00000, 0x0000000080c00000| Untracked 
|  12|0x0000000080c00000, 0x0000000080d00000, 0x0000000080d00000|100%| O|  |TAMS 0x0000000080d00000, 0x0000000080d00000| Untracked 
|  13|0x0000000080d00000, 0x0000000080e00000, 0x0000000080e00000|100%| O|  |TAMS 0x0000000080e00000, 0x0000000080e00000| Untracked 
|  14|0x0000000080e00000, 0x0000000080f00000, 0x0000000080f00000|100%| O|  |TAMS 0x0000000080f00000, 0x0000000080f00000| Untracked 
|  15|0x0000000080f00000, 0x0000000081000000, 0x0000000081000000|100%| O|  |TAMS 0x0000000081000000, 0x0000000081000000| Untracked 
|  16|0x0000000081000000, 0x0000000081100000, 0x0000000081100000|100%| O|  |TAMS 0x0000000081100000, 0x0000000081100000| Untracked 
|  17|0x0000000081100000, 0x0000000081200000, 0x0000000081200000|100%| O|  |TAMS 0x0000000081200000, 0x0000000081200000| Untracked 
|  18|0x0000000081200000, 0x0000000081300000, 0x0000000081300000|100%| O|  |TAMS 0x0000000081300000, 0x0000000081300000| Untracked 
|  19|0x0000000081300000, 0x0000000081400000, 0x0000000081400000|100%| O|  |TAMS 0x0000000081400000, 0x0000000081400000| Untracked 
|  20|0x0000000081400000, 0x0000000081500000, 0x0000000081500000|100%| O|  |TAMS 0x0000000081500000, 0x0000000081500000| Untracked 
|  21|0x0000000081500000, 0x0000000081600000, 0x0000000081600000|100%| O|  |TAMS 0x0000000081600000, 0x0000000081600000| Untracked 
|  22|0x0000000081600000, 0x0000000081600000, 0x0000000081700000|  0%| F|  |TAMS 0x0000000081600000, 0x0000000081600000| Untracked 
|  23|0x0000000081700000, 0x0000000081800000, 0x0000000081800000|100%| O|  |TAMS 0x0000000081800000, 0x0000000081800000| Untracked 
|  24|0x0000000081800000, 0x0000000081900000, 0x0000000081900000|100%|HS|  |TAMS 0x0000000081900000, 0x0000000081900000| Complete 
|  25|0x0000000081900000, 0x0000000081a00000, 0x0000000081a00000|100%|HS|  |TAMS 0x0000000081a00000, 0x0000000081a00000| Complete 
|  26|0x0000000081a00000, 0x0000000081b00000, 0x0000000081b00000|100%| O|  |TAMS 0x0000000081b00000, 0x0000000081b00000| Untracked 
|  27|0x0000000081b00000, 0x0000000081c00000, 0x0000000081c00000|100%| O|  |TAMS 0x0000000081c00000, 0x0000000081c00000| Untracked 
|  28|0x0000000081c00000, 0x0000000081d00000, 0x0000000081d00000|100%| O|  |TAMS 0x0000000081d00000, 0x0000000081d00000| Untracked 
|  29|0x0000000081d00000, 0x0000000081e00000, 0x0000000081e00000|100%| O|  |TAMS 0x0000000081e00000, 0x0000000081e00000| Untracked 
|  30|0x0000000081e00000, 0x0000000081f00000, 0x0000000081f00000|100%| O|  |TAMS 0x0000000081f00000, 0x0000000081f00000| Untracked 
|  31|0x0000000081f00000, 0x0000000082000000, 0x0000000082000000|100%| O|  |TAMS 0x0000000082000000, 0x0000000082000000| Untracked 
|  32|0x0000000082000000, 0x0000000082100000, 0x0000000082100000|100%| O|  |TAMS 0x0000000082100000, 0x0000000082100000| Untracked 
|  33|0x0000000082100000, 0x0000000082200000, 0x0000000082200000|100%| O|  |TAMS 0x0000000082200000, 0x0000000082200000| Untracked 
|  34|0x0000000082200000, 0x0000000082300000, 0x0000000082300000|100%| O|  |TAMS 0x0000000082300000, 0x0000000082300000| Untracked 
|  35|0x0000000082300000, 0x0000000082400000, 0x0000000082400000|100%| O|  |TAMS 0x0000000082400000, 0x0000000082400000| Untracked 
|  36|0x0000000082400000, 0x0000000082500000, 0x0000000082500000|100%|HS|  |TAMS 0x0000000082500000, 0x0000000082500000| Complete 
|  37|0x0000000082500000, 0x0000000082600000, 0x0000000082600000|100%|HS|  |TAMS 0x0000000082600000, 0x0000000082600000| Complete 
|  38|0x0000000082600000, 0x0000000082700000, 0x0000000082700000|100%| O|  |TAMS 0x0000000082700000, 0x0000000082700000| Untracked 
|  39|0x0000000082700000, 0x0000000082800000, 0x0000000082800000|100%| O|  |TAMS 0x0000000082800000, 0x0000000082800000| Untracked 
|  40|0x0000000082800000, 0x0000000082900000, 0x0000000082900000|100%| O|  |TAMS 0x0000000082900000, 0x0000000082900000| Untracked 
|  41|0x0000000082900000, 0x0000000082a00000, 0x0000000082a00000|100%| O|  |TAMS 0x0000000082a00000, 0x0000000082a00000| Untracked 
|  42|0x0000000082a00000, 0x0000000082b00000, 0x0000000082b00000|100%| O|  |TAMS 0x0000000082b00000, 0x0000000082b00000| Untracked 
|  43|0x0000000082b00000, 0x0000000082c00000, 0x0000000082c00000|100%| O|  |TAMS 0x0000000082c00000, 0x0000000082c00000| Untracked 
|  44|0x0000000082c00000, 0x0000000082d00000, 0x0000000082d00000|100%| O|  |TAMS 0x0000000082d00000, 0x0000000082d00000| Untracked 
|  45|0x0000000082d00000, 0x0000000082e00000, 0x0000000082e00000|100%| O|  |TAMS 0x0000000082e00000, 0x0000000082e00000| Untracked 
|  46|0x0000000082e00000, 0x0000000082f00000, 0x0000000082f00000|100%| O|  |TAMS 0x0000000082e79000, 0x0000000082f00000| Untracked 
|  47|0x0000000082f00000, 0x0000000083000000, 0x0000000083000000|100%|HS|  |TAMS 0x0000000083000000, 0x0000000083000000| Complete 
|  48|0x0000000083000000, 0x0000000083100000, 0x0000000083100000|100%| O|  |TAMS 0x0000000083000000, 0x0000000083100000| Untracked 
|  49|0x0000000083100000, 0x0000000083200000, 0x0000000083200000|100%|HS|  |TAMS 0x0000000083100000, 0x0000000083200000| Complete 
|  50|0x0000000083200000, 0x0000000083300000, 0x0000000083300000|100%| O|  |TAMS 0x0000000083200000, 0x0000000083300000| Untracked 
|  51|0x0000000083300000, 0x0000000083400000, 0x0000000083400000|100%| O|  |TAMS 0x0000000083300000, 0x0000000083400000| Untracked 
|  52|0x0000000083400000, 0x00000000834eea00, 0x0000000083500000| 93%| O|  |TAMS 0x0000000083400000, 0x00000000834eea00| Untracked 
|  53|0x0000000083500000, 0x0000000083500000, 0x0000000083600000|  0%| F|  |TAMS 0x0000000083500000, 0x0000000083500000| Untracked 
|  54|0x0000000083600000, 0x0000000083600000, 0x0000000083700000|  0%| F|  |TAMS 0x0000000083600000, 0x0000000083600000| Untracked 
|  55|0x0000000083700000, 0x0000000083700000, 0x0000000083800000|  0%| F|  |TAMS 0x0000000083700000, 0x0000000083700000| Untracked 
|  56|0x0000000083800000, 0x0000000083800000, 0x0000000083900000|  0%| F|  |TAMS 0x0000000083800000, 0x0000000083800000| Untracked 
|  57|0x0000000083900000, 0x0000000083900000, 0x0000000083a00000|  0%| F|  |TAMS 0x0000000083900000, 0x0000000083900000| Untracked 
|  58|0x0000000083a00000, 0x0000000083a00000, 0x0000000083b00000|  0%| F|  |TAMS 0x0000000083a00000, 0x0000000083a00000| Untracked 
|  59|0x0000000083b00000, 0x0000000083b00000, 0x0000000083c00000|  0%| F|  |TAMS 0x0000000083b00000, 0x0000000083b00000| Untracked 
|  60|0x0000000083c00000, 0x0000000083c00000, 0x0000000083d00000|  0%| F|  |TAMS 0x0000000083c00000, 0x0000000083c00000| Untracked 
|  61|0x0000000083d00000, 0x0000000083d00000, 0x0000000083e00000|  0%| F|  |TAMS 0x0000000083d00000, 0x0000000083d00000| Untracked 
|  62|0x0000000083e00000, 0x0000000083e00000, 0x0000000083f00000|  0%| F|  |TAMS 0x0000000083e00000, 0x0000000083e00000| Untracked 
|  63|0x0000000083f00000, 0x0000000083f00000, 0x0000000084000000|  0%| F|  |TAMS 0x0000000083f00000, 0x0000000083f00000| Untracked 
|  64|0x0000000084000000, 0x0000000084000000, 0x0000000084100000|  0%| F|  |TAMS 0x0000000084000000, 0x0000000084000000| Untracked 
|  65|0x0000000084100000, 0x0000000084100000, 0x0000000084200000|  0%| F|  |TAMS 0x0000000084100000, 0x0000000084100000| Untracked 
|  66|0x0000000084200000, 0x0000000084200000, 0x0000000084300000|  0%| F|  |TAMS 0x0000000084200000, 0x0000000084200000| Untracked 
|  67|0x0000000084300000, 0x0000000084300000, 0x0000000084400000|  0%| F|  |TAMS 0x0000000084300000, 0x0000000084300000| Untracked 
|  68|0x0000000084400000, 0x0000000084400000, 0x0000000084500000|  0%| F|  |TAMS 0x0000000084400000, 0x0000000084400000| Untracked 
|  69|0x0000000084500000, 0x0000000084500000, 0x0000000084600000|  0%| F|  |TAMS 0x0000000084500000, 0x0000000084500000| Untracked 
|  70|0x0000000084600000, 0x0000000084600000, 0x0000000084700000|  0%| F|  |TAMS 0x0000000084600000, 0x0000000084600000| Untracked 
|  71|0x0000000084700000, 0x0000000084700000, 0x0000000084800000|  0%| F|  |TAMS 0x0000000084700000, 0x0000000084700000| Untracked 
|  72|0x0000000084800000, 0x0000000084800000, 0x0000000084900000|  0%| F|  |TAMS 0x0000000084800000, 0x0000000084800000| Untracked 
|  73|0x0000000084900000, 0x0000000084900000, 0x0000000084a00000|  0%| F|  |TAMS 0x0000000084900000, 0x0000000084900000| Untracked 
|  74|0x0000000084a00000, 0x0000000084a00000, 0x0000000084b00000|  0%| F|  |TAMS 0x0000000084a00000, 0x0000000084a00000| Untracked 
|  75|0x0000000084b00000, 0x0000000084b00000, 0x0000000084c00000|  0%| F|  |TAMS 0x0000000084b00000, 0x0000000084b00000| Untracked 
|  76|0x0000000084c00000, 0x0000000084c00000, 0x0000000084d00000|  0%| F|  |TAMS 0x0000000084c00000, 0x0000000084c00000| Untracked 
|  77|0x0000000084d00000, 0x0000000084d00000, 0x0000000084e00000|  0%| F|  |TAMS 0x0000000084d00000, 0x0000000084d00000| Untracked 
|  78|0x0000000084e00000, 0x0000000084e00000, 0x0000000084f00000|  0%| F|  |TAMS 0x0000000084e00000, 0x0000000084e00000| Untracked 
|  79|0x0000000084f00000, 0x0000000084f00000, 0x0000000085000000|  0%| F|  |TAMS 0x0000000084f00000, 0x0000000084f00000| Untracked 
|  80|0x0000000085000000, 0x0000000085000000, 0x0000000085100000|  0%| F|  |TAMS 0x0000000085000000, 0x0000000085000000| Untracked 
|  81|0x0000000085100000, 0x0000000085100000, 0x0000000085200000|  0%| F|  |TAMS 0x0000000085100000, 0x0000000085100000| Untracked 
|  82|0x0000000085200000, 0x0000000085200000, 0x0000000085300000|  0%| F|  |TAMS 0x0000000085200000, 0x0000000085200000| Untracked 
|  83|0x0000000085300000, 0x0000000085300000, 0x0000000085400000|  0%| F|  |TAMS 0x0000000085300000, 0x0000000085300000| Untracked 
|  84|0x0000000085400000, 0x0000000085400000, 0x0000000085500000|  0%| F|  |TAMS 0x0000000085400000, 0x0000000085400000| Untracked 
|  85|0x0000000085500000, 0x0000000085500000, 0x0000000085600000|  0%| F|  |TAMS 0x0000000085500000, 0x0000000085500000| Untracked 
|  86|0x0000000085600000, 0x0000000085600000, 0x0000000085700000|  0%| F|  |TAMS 0x0000000085600000, 0x0000000085600000| Untracked 
|  87|0x0000000085700000, 0x0000000085700000, 0x0000000085800000|  0%| F|  |TAMS 0x0000000085700000, 0x0000000085700000| Untracked 
|  88|0x0000000085800000, 0x0000000085800000, 0x0000000085900000|  0%| F|  |TAMS 0x0000000085800000, 0x0000000085800000| Untracked 
|  89|0x0000000085900000, 0x0000000085900000, 0x0000000085a00000|  0%| F|  |TAMS 0x0000000085900000, 0x0000000085900000| Untracked 
|  90|0x0000000085a00000, 0x0000000085a00000, 0x0000000085b00000|  0%| F|  |TAMS 0x0000000085a00000, 0x0000000085a00000| Untracked 
|  91|0x0000000085b00000, 0x0000000085b00000, 0x0000000085c00000|  0%| F|  |TAMS 0x0000000085b00000, 0x0000000085b00000| Untracked 
|  92|0x0000000085c00000, 0x0000000085c00000, 0x0000000085d00000|  0%| F|  |TAMS 0x0000000085c00000, 0x0000000085c00000| Untracked 
|  93|0x0000000085d00000, 0x0000000085d00000, 0x0000000085e00000|  0%| F|  |TAMS 0x0000000085d00000, 0x0000000085d00000| Untracked 
|  94|0x0000000085e00000, 0x0000000085e5dd00, 0x0000000085f00000| 36%| S|CS|TAMS 0x0000000085e00000, 0x0000000085e00000| Complete 
|  95|0x0000000085f00000, 0x0000000086000000, 0x0000000086000000|100%| S|CS|TAMS 0x0000000085f00000, 0x0000000085f00000| Complete 
|  96|0x0000000086000000, 0x0000000086100000, 0x0000000086100000|100%| S|CS|TAMS 0x0000000086000000, 0x0000000086000000| Complete 
|  97|0x0000000086100000, 0x0000000086100000, 0x0000000086200000|  0%| F|  |TAMS 0x0000000086100000, 0x0000000086100000| Untracked 
|  98|0x0000000086200000, 0x0000000086200000, 0x0000000086300000|  0%| F|  |TAMS 0x0000000086200000, 0x0000000086200000| Untracked 
|  99|0x0000000086300000, 0x0000000086300000, 0x0000000086400000|  0%| F|  |TAMS 0x0000000086300000, 0x0000000086300000| Untracked 
| 100|0x0000000086400000, 0x0000000086400000, 0x0000000086500000|  0%| F|  |TAMS 0x0000000086400000, 0x0000000086400000| Untracked 
| 101|0x0000000086500000, 0x0000000086500000, 0x0000000086600000|  0%| F|  |TAMS 0x0000000086500000, 0x0000000086500000| Untracked 
| 102|0x0000000086600000, 0x0000000086600000, 0x0000000086700000|  0%| F|  |TAMS 0x0000000086600000, 0x0000000086600000| Untracked 
| 103|0x0000000086700000, 0x0000000086700000, 0x0000000086800000|  0%| F|  |TAMS 0x0000000086700000, 0x0000000086700000| Untracked 
| 104|0x0000000086800000, 0x0000000086800000, 0x0000000086900000|  0%| F|  |TAMS 0x0000000086800000, 0x0000000086800000| Untracked 
| 105|0x0000000086900000, 0x0000000086900000, 0x0000000086a00000|  0%| F|  |TAMS 0x0000000086900000, 0x0000000086900000| Untracked 
| 106|0x0000000086a00000, 0x0000000086a00000, 0x0000000086b00000|  0%| F|  |TAMS 0x0000000086a00000, 0x0000000086a00000| Untracked 
| 107|0x0000000086b00000, 0x0000000086b00000, 0x0000000086c00000|  0%| F|  |TAMS 0x0000000086b00000, 0x0000000086b00000| Untracked 
| 108|0x0000000086c00000, 0x0000000086c00000, 0x0000000086d00000|  0%| F|  |TAMS 0x0000000086c00000, 0x0000000086c00000| Untracked 
| 109|0x0000000086d00000, 0x0000000086d00000, 0x0000000086e00000|  0%| F|  |TAMS 0x0000000086d00000, 0x0000000086d00000| Untracked 
| 110|0x0000000086e00000, 0x0000000086e00000, 0x0000000086f00000|  0%| F|  |TAMS 0x0000000086e00000, 0x0000000086e00000| Untracked 
| 111|0x0000000086f00000, 0x0000000086f00000, 0x0000000087000000|  0%| F|  |TAMS 0x0000000086f00000, 0x0000000086f00000| Untracked 
| 112|0x0000000087000000, 0x0000000087000000, 0x0000000087100000|  0%| F|  |TAMS 0x0000000087000000, 0x0000000087000000| Untracked 
| 113|0x0000000087100000, 0x0000000087100000, 0x0000000087200000|  0%| F|  |TAMS 0x0000000087100000, 0x0000000087100000| Untracked 
| 114|0x0000000087200000, 0x0000000087200000, 0x0000000087300000|  0%| F|  |TAMS 0x0000000087200000, 0x0000000087200000| Untracked 
| 115|0x0000000087300000, 0x0000000087300000, 0x0000000087400000|  0%| F|  |TAMS 0x0000000087300000, 0x0000000087300000| Untracked 
| 116|0x0000000087400000, 0x0000000087400000, 0x0000000087500000|  0%| F|  |TAMS 0x0000000087400000, 0x0000000087400000| Untracked 
| 117|0x0000000087500000, 0x0000000087500000, 0x0000000087600000|  0%| F|  |TAMS 0x0000000087500000, 0x0000000087500000| Untracked 
| 118|0x0000000087600000, 0x0000000087600000, 0x0000000087700000|  0%| F|  |TAMS 0x0000000087600000, 0x0000000087600000| Untracked 
| 119|0x0000000087700000, 0x0000000087700000, 0x0000000087800000|  0%| F|  |TAMS 0x0000000087700000, 0x0000000087700000| Untracked 
| 120|0x0000000087800000, 0x0000000087800000, 0x0000000087900000|  0%| F|  |TAMS 0x0000000087800000, 0x0000000087800000| Untracked 
| 121|0x0000000087900000, 0x0000000087900000, 0x0000000087a00000|  0%| F|  |TAMS 0x0000000087900000, 0x0000000087900000| Untracked 
| 122|0x0000000087a00000, 0x0000000087a00000, 0x0000000087b00000|  0%| F|  |TAMS 0x0000000087a00000, 0x0000000087a00000| Untracked 
| 123|0x0000000087b00000, 0x0000000087b00000, 0x0000000087c00000|  0%| F|  |TAMS 0x0000000087b00000, 0x0000000087b00000| Untracked 

Card table byte_map: [0x0000023e7c690000,0x0000023e7ca90000] _byte_map_base: 0x0000023e7c290000

Marking Bits (Prev, Next): (CMBitMap*) 0x0000023e6957cb50, (CMBitMap*) 0x0000023e6957cb10
 Prev Bits: [0x0000023e00000000, 0x0000023e02000000)
 Next Bits: [0x0000023e7ce90000, 0x0000023e7ee90000)

Polling page: 0x0000023e68ce0000

Metaspace:

Usage:
  Non-class:     55.26 MB used.
      Class:      8.51 MB used.
       Both:     63.77 MB used.

Virtual space:
  Non-class space:       64.00 MB reserved,      55.56 MB ( 87%) committed,  1 nodes.
      Class space:        1.00 GB reserved,       8.81 MB ( <1%) committed,  1 nodes.
             Both:        1.06 GB reserved,      64.38 MB (  6%) committed. 

Chunk freelists:
   Non-Class:  8.07 MB
       Class:  7.15 MB
        Both:  15.23 MB

MaxMetaspaceSize: unlimited
CompressedClassSpaceSize: 1.00 GB
Initial GC threshold: 21.00 MB
Current GC threshold: 99.81 MB
CDS: off
MetaspaceReclaimPolicy: balanced
 - commit_granule_bytes: 65536.
 - commit_granule_words: 8192.
 - virtual_space_node_default_size: 8388608.
 - enlarge_chunks_in_place: 1.
 - new_chunks_are_fully_committed: 0.
 - uncommit_free_chunks: 1.
 - use_allocation_guard: 0.
 - handle_deallocations: 1.


Internal statistics:

num_allocs_failed_limit: 6.
num_arena_births: 726.
num_arena_deaths: 0.
num_vsnodes_births: 2.
num_vsnodes_deaths: 0.
num_space_committed: 1030.
num_space_uncommitted: 0.
num_chunks_returned_to_freelist: 6.
num_chunks_taken_from_freelist: 2846.
num_chunk_merges: 6.
num_chunk_splits: 1902.
num_chunks_enlarged: 1287.
num_inconsistent_stats: 0.

CodeHeap 'non-profiled nmethods': size=119168Kb used=3522Kb max_used=3522Kb free=115645Kb
 bounds [0x0000023e74590000, 0x0000023e74910000, 0x0000023e7b9f0000]
CodeHeap 'profiled nmethods': size=119104Kb used=11656Kb max_used=11656Kb free=107448Kb
 bounds [0x0000023e6c9f0000, 0x0000023e6d560000, 0x0000023e73e40000]
CodeHeap 'non-nmethods': size=7488Kb used=4038Kb max_used=4109Kb free=3449Kb
 bounds [0x0000023e73e40000, 0x0000023e74250000, 0x0000023e74590000]
 total_blobs=7025 nmethods=6149 adapters=784
 compilation: enabled
              stopped_count=0, restarted_count=0
 full_count=0

Compilation events (20 events):
Event: 5.612 Thread 0x0000023e0419dd50 nmethod 6888% 0x0000023e748f8190 code [0x0000023e748f8320, 0x0000023e748f8878]
Event: 5.613 Thread 0x0000023e0432f280 6898       3       sun.security.provider.SHA2::implCompress0 (490 bytes)
Event: 5.613 Thread 0x0000023e04357980 6899       3       sun.security.util.SignatureFileVerifier::updateSigners (132 bytes)
Event: 5.613 Thread 0x0000023e095edeb0 6900       3       sun.security.util.SignatureFileVerifier::matches (93 bytes)
Event: 5.613 Thread 0x0000023e0419dd50 6894       4       java.math.BigInteger::montReduce (99 bytes)
Event: 5.613 Thread 0x0000023e0419e7f0 6901       3       java.security.Provider$UString::hashCode (8 bytes)
Event: 5.613 Thread 0x0000023e0419e7f0 nmethod 6901 0x0000023e6d54d310 code [0x0000023e6d54d4c0, 0x0000023e6d54d608]
Event: 5.614 Thread 0x0000023e0419e7f0 6902       3       sun.security.util.SecurityProviderConstants::getAliases (65 bytes)
Event: 5.614 Thread 0x0000023e0432f280 nmethod 6898 0x0000023e6d54d710 code [0x0000023e6d54d900, 0x0000023e6d54e1a8]
Event: 5.614 Thread 0x0000023e0432f280 6903       3       java.util.Collections$UnmodifiableList::get (11 bytes)
Event: 5.614 Thread 0x0000023e09edc040 nmethod 6892% 0x0000023e748f8b10 code [0x0000023e748f8ca0, 0x0000023e748f9198]
Event: 5.614 Thread 0x0000023e095edeb0 nmethod 6900 0x0000023e6d54e690 code [0x0000023e6d54e8c0, 0x0000023e6d54f178]
Event: 5.615 Thread 0x0000023e0432f280 nmethod 6903 0x0000023e6d550d10 code [0x0000023e6d550ec0, 0x0000023e6d551088]
Event: 5.615 Thread 0x0000023e04357980 nmethod 6899 0x0000023e6d54f490 code [0x0000023e6d54f740, 0x0000023e6d5506f8]
Event: 5.615 Thread 0x0000023e0419e7f0 nmethod 6902 0x0000023e6d551190 code [0x0000023e6d551400, 0x0000023e6d551d08]
Event: 5.622 Thread 0x0000023e047bba80 nmethod 6814% 0x0000023e748f9310 code [0x0000023e748f9680, 0x0000023e748fdf58]
Event: 5.622 Thread 0x0000023e047bba80 6904 % !   4       java.util.jar.Attributes::read @ 214 (494 bytes)
Event: 5.622 Thread 0x0000023e09edc040 6905       4       java.io.ByteArrayOutputStream::<init> (43 bytes)
Event: 5.625 Thread 0x0000023e09edc040 nmethod 6905 0x0000023e74900590 code [0x0000023e74900720, 0x0000023e74900978]
Event: 5.625 Thread 0x0000023e09edc040 6906       4       java.util.jar.Manifest::parseName (84 bytes)

GC Heap History (20 events):
Event: 3.354 GC heap after
{Heap after GC invocations=11 (full 0):
 garbage-first heap   total 87040K, used 31385K [0x0000000080000000, 0x0000000100000000)
  region size 1024K, 6 young (6144K), 6 survivors (6144K)
 Metaspace       used 44186K, committed 44544K, reserved 1114112K
  class space    used 5801K, committed 5952K, reserved 1048576K
}
Event: 3.684 GC heap before
{Heap before GC invocations=11 (full 0):
 garbage-first heap   total 87040K, used 68249K [0x0000000080000000, 0x0000000100000000)
  region size 1024K, 40 young (40960K), 6 survivors (6144K)
 Metaspace       used 48404K, committed 48896K, reserved 1114112K
  class space    used 6403K, committed 6656K, reserved 1048576K
}
Event: 3.688 GC heap after
{Heap after GC invocations=12 (full 0):
 garbage-first heap   total 87040K, used 33836K [0x0000000080000000, 0x0000000100000000)
  region size 1024K, 3 young (3072K), 3 survivors (3072K)
 Metaspace       used 48404K, committed 48896K, reserved 1114112K
  class space    used 6403K, committed 6656K, reserved 1048576K
}
Event: 4.065 GC heap before
{Heap before GC invocations=12 (full 0):
 garbage-first heap   total 87040K, used 66604K [0x0000000080000000, 0x0000000100000000)
  region size 1024K, 35 young (35840K), 3 survivors (3072K)
 Metaspace       used 52436K, committed 52928K, reserved 1114112K
  class space    used 7051K, committed 7296K, reserved 1048576K
}
Event: 4.068 GC heap after
{Heap after GC invocations=13 (full 0):
 garbage-first heap   total 87040K, used 35106K [0x0000000080000000, 0x0000000100000000)
  region size 1024K, 4 young (4096K), 4 survivors (4096K)
 Metaspace       used 52436K, committed 52928K, reserved 1114112K
  class space    used 7051K, committed 7296K, reserved 1048576K
}
Event: 4.545 GC heap before
{Heap before GC invocations=13 (full 0):
 garbage-first heap   total 87040K, used 69922K [0x0000000080000000, 0x0000000100000000)
  region size 1024K, 37 young (37888K), 4 survivors (4096K)
 Metaspace       used 54467K, committed 54912K, reserved 1114112K
  class space    used 7286K, committed 7488K, reserved 1048576K
}
Event: 4.548 GC heap after
{Heap after GC invocations=14 (full 0):
 garbage-first heap   total 87040K, used 40792K [0x0000000080000000, 0x0000000100000000)
  region size 1024K, 5 young (5120K), 5 survivors (5120K)
 Metaspace       used 54467K, committed 54912K, reserved 1114112K
  class space    used 7286K, committed 7488K, reserved 1048576K
}
Event: 4.608 GC heap before
{Heap before GC invocations=14 (full 0):
 garbage-first heap   total 87040K, used 48984K [0x0000000080000000, 0x0000000100000000)
  region size 1024K, 13 young (13312K), 5 survivors (5120K)
 Metaspace       used 54567K, committed 55040K, reserved 1114112K
  class space    used 7293K, committed 7488K, reserved 1048576K
}
Event: 4.611 GC heap after
{Heap after GC invocations=15 (full 0):
 garbage-first heap   total 87040K, used 45886K [0x0000000080000000, 0x0000000100000000)
  region size 1024K, 4 young (4096K), 4 survivors (4096K)
 Metaspace       used 54567K, committed 55040K, reserved 1114112K
  class space    used 7293K, committed 7488K, reserved 1048576K
}
Event: 4.722 GC heap before
{Heap before GC invocations=16 (full 0):
 garbage-first heap   total 87040K, used 57150K [0x0000000080000000, 0x0000000100000000)
  region size 1024K, 16 young (16384K), 4 survivors (4096K)
 Metaspace       used 55467K, committed 55936K, reserved 1114112K
  class space    used 7402K, committed 7616K, reserved 1048576K
}
Event: 4.724 GC heap after
{Heap after GC invocations=17 (full 0):
 garbage-first heap   total 104448K, used 48369K [0x0000000080000000, 0x0000000100000000)
  region size 1024K, 2 young (2048K), 2 survivors (2048K)
 Metaspace       used 55467K, committed 55936K, reserved 1114112K
  class space    used 7402K, committed 7616K, reserved 1048576K
}
Event: 4.980 GC heap before
{Heap before GC invocations=18 (full 0):
 garbage-first heap   total 104448K, used 74993K [0x0000000080000000, 0x0000000100000000)
  region size 1024K, 27 young (27648K), 2 survivors (2048K)
 Metaspace       used 57714K, committed 58240K, reserved 1114112K
  class space    used 7735K, committed 7936K, reserved 1048576K
}
Event: 4.983 GC heap after
{Heap after GC invocations=19 (full 0):
 garbage-first heap   total 104448K, used 50229K [0x0000000080000000, 0x0000000100000000)
  region size 1024K, 3 young (3072K), 3 survivors (3072K)
 Metaspace       used 57714K, committed 58240K, reserved 1114112K
  class space    used 7735K, committed 7936K, reserved 1048576K
}
Event: 5.227 GC heap before
{Heap before GC invocations=19 (full 0):
 garbage-first heap   total 104448K, used 75829K [0x0000000080000000, 0x0000000100000000)
  region size 1024K, 29 young (29696K), 3 survivors (3072K)
 Metaspace       used 60762K, committed 61312K, reserved 1114112K
  class space    used 8093K, committed 8320K, reserved 1048576K
}
Event: 5.229 GC heap after
{Heap after GC invocations=20 (full 0):
 garbage-first heap   total 104448K, used 50941K [0x0000000080000000, 0x0000000100000000)
  region size 1024K, 3 young (3072K), 3 survivors (3072K)
 Metaspace       used 60762K, committed 61312K, reserved 1114112K
  class space    used 8093K, committed 8320K, reserved 1048576K
}
Event: 5.606 GC heap before
{Heap before GC invocations=21 (full 0):
 garbage-first heap   total 104448K, used 79613K [0x0000000080000000, 0x0000000100000000)
  region size 1024K, 31 young (31744K), 3 survivors (3072K)
 Metaspace       used 65254K, committed 65792K, reserved 1114112K
  class space    used 8709K, committed 8960K, reserved 1048576K
}
Event: 5.609 GC heap after
{Heap after GC invocations=22 (full 0):
 garbage-first heap   total 104448K, used 53168K [0x0000000080000000, 0x0000000100000000)
  region size 1024K, 4 young (4096K), 4 survivors (4096K)
 Metaspace       used 65254K, committed 65792K, reserved 1114112K
  class space    used 8709K, committed 8960K, reserved 1048576K
}
Event: 5.618 GC heap before
{Heap before GC invocations=22 (full 0):
 garbage-first heap   total 104448K, used 55216K [0x0000000080000000, 0x0000000100000000)
  region size 1024K, 5 young (5120K), 4 survivors (4096K)
 Metaspace       used 65296K, committed 65920K, reserved 1114112K
  class space    used 8714K, committed 9024K, reserved 1048576K
}
Event: 5.621 GC heap after
{Heap after GC invocations=23 (full 0):
 garbage-first heap   total 104448K, used 53129K [0x0000000080000000, 0x0000000100000000)
  region size 1024K, 1 young (1024K), 1 survivors (1024K)
 Metaspace       used 65296K, committed 65920K, reserved 1114112K
  class space    used 8714K, committed 9024K, reserved 1048576K
}
Event: 5.625 GC heap before
{Heap before GC invocations=23 (full 0):
 garbage-first heap   total 104448K, used 56201K [0x0000000080000000, 0x0000000100000000)
  region size 1024K, 5 young (5120K), 1 survivors (1024K)
 Metaspace       used 65296K, committed 65920K, reserved 1114112K
  class space    used 8714K, committed 9024K, reserved 1048576K
}

Dll operation events (3 events):
Event: 0.014 Loaded shared library C:\Program Files\Android\Android Studio\jbr\bin\java.dll
Event: 0.114 Loaded shared library C:\Program Files\Android\Android Studio\jbr\bin\zip.dll
Event: 0.303 Loaded shared library C:\Program Files\Android\Android Studio\jbr\bin\verify.dll

Deoptimization events (20 events):
Event: 5.616 Thread 0x0000023e0a126700 DEOPT PACKING pc=0x0000023e7469ca9c sp=0x000000945eef0e70
Event: 5.616 Thread 0x0000023e0a126700 DEOPT UNPACKING pc=0x0000023e73e969a3 sp=0x000000945eef0e00 mode 2
Event: 5.616 Thread 0x0000023e0a126700 Uncommon trap: trap_request=0xffffff45 fr.pc=0x0000023e74878c80 relative=0x00000000000001e0
Event: 5.616 Thread 0x0000023e0a126700 Uncommon trap: reason=unstable_if action=reinterpret pc=0x0000023e74878c80 method=java.security.CodeSource.matchCerts(Ljava/security/CodeSource;Z)Z @ 11 c2
Event: 5.616 Thread 0x0000023e0a126700 DEOPT PACKING pc=0x0000023e74878c80 sp=0x000000945eef0d20
Event: 5.616 Thread 0x0000023e0a126700 DEOPT UNPACKING pc=0x0000023e73e969a3 sp=0x000000945eef0c30 mode 2
Event: 5.616 Thread 0x0000023e0a126700 Uncommon trap: trap_request=0xffffff45 fr.pc=0x0000023e7483526c relative=0x000000000000006c
Event: 5.616 Thread 0x0000023e0a126700 Uncommon trap: reason=unstable_if action=reinterpret pc=0x0000023e7483526c method=java.lang.ClassLoader.compareCerts([Ljava/security/cert/Certificate;[Ljava/security/cert/Certificate;)Z @ 2 c2
Event: 5.616 Thread 0x0000023e0a126700 DEOPT PACKING pc=0x0000023e7483526c sp=0x000000945eef0d00
Event: 5.616 Thread 0x0000023e0a126700 DEOPT UNPACKING pc=0x0000023e73e969a3 sp=0x000000945eef0c58 mode 2
Event: 5.616 Thread 0x0000023e0a126700 Uncommon trap: trap_request=0xffffff45 fr.pc=0x0000023e748619c4 relative=0x0000000000001004
Event: 5.616 Thread 0x0000023e0a126700 Uncommon trap: reason=unstable_if action=reinterpret pc=0x0000023e748619c4 method=java.security.CodeSource.getCertificates()[Ljava/security/cert/Certificate; @ 4 c2
Event: 5.616 Thread 0x0000023e0a126700 DEOPT PACKING pc=0x0000023e748619c4 sp=0x000000945eef0d90
Event: 5.616 Thread 0x0000023e0a126700 DEOPT UNPACKING pc=0x0000023e73e969a3 sp=0x000000945eef0d28 mode 2
Event: 5.616 Thread 0x0000023e0a126700 Uncommon trap: trap_request=0xffffff45 fr.pc=0x0000023e745e0fbc relative=0x000000000000141c
Event: 5.616 Thread 0x0000023e0a126700 Uncommon trap: reason=unstable_if action=reinterpret pc=0x0000023e745e0fbc method=java.util.jar.JarFile.getEntry(Ljava/lang/String;)Ljava/util/zip/ZipEntry; @ 15 c2
Event: 5.616 Thread 0x0000023e0a126700 DEOPT PACKING pc=0x0000023e745e0fbc sp=0x000000945eef2a00
Event: 5.616 Thread 0x0000023e0a126700 DEOPT UNPACKING pc=0x0000023e73e969a3 sp=0x000000945eef2a08 mode 2
Event: 5.623 Thread 0x0000023e0a126700 DEOPT PACKING pc=0x0000023e6cde8088 sp=0x000000945eef2490
Event: 5.623 Thread 0x0000023e0a126700 DEOPT UNPACKING pc=0x0000023e73e97143 sp=0x000000945eef1a30 mode 0

Classes unloaded (0 events):
No events

Classes redefined (0 events):
No events

Internal exceptions (20 events):
Event: 4.493 Thread 0x0000023e09069e90 Exception <a 'java/lang/NoSuchMethodError'{0x0000000083829120}: static Lorg/gradle/internal/build/event/types/DefaultProjectConfigurationSuccessResult;.<clinit>()V> (0x0000000083829120) 
thrown [s\src\hotspot\share\prims\jni.cpp, line 1108]
Event: 4.493 Thread 0x0000023e09069e90 Exception <a 'java/lang/NoSuchMethodError'{0x000000008382a428}: static Lorg/gradle/internal/build/event/types/AbstractProjectConfigurationResult;.<clinit>()V> (0x000000008382a428) 
thrown [s\src\hotspot\share\prims\jni.cpp, line 1108]
Event: 4.494 Thread 0x0000023e09069e90 Exception <a 'java/lang/NoSuchMethodError'{0x000000008382b938}: static Lorg/gradle/internal/build/event/types/AbstractOperationResult;.<clinit>()V> (0x000000008382b938) 
thrown [s\src\hotspot\share\prims\jni.cpp, line 1108]
Event: 4.494 Thread 0x0000023e09069e90 Exception <a 'java/lang/NoSuchMethodError'{0x000000008382c8f8}: static Lorg/gradle/internal/build/event/types/AbstractResult;.<clinit>()V> (0x000000008382c8f8) 
thrown [s\src\hotspot\share\prims\jni.cpp, line 1108]
Event: 4.496 Thread 0x0000023e09069e90 Exception <a 'java/lang/NoSuchMethodError'{0x0000000083842460}: static Lorg/gradle/internal/build/event/types/DefaultPluginApplicationResult;.<clinit>()V> (0x0000000083842460) 
thrown [s\src\hotspot\share\prims\jni.cpp, line 1108]
Event: 4.497 Thread 0x0000023e09069e90 Exception <a 'java/lang/NoSuchMethodError'{0x000000008384f748}: static Lorg/gradle/internal/build/event/types/DefaultBinaryPluginIdentifier;.<clinit>()V> (0x000000008384f748) 
thrown [s\src\hotspot\share\prims\jni.cpp, line 1108]
Event: 4.500 Thread 0x0000023e09069e90 Exception <a 'java/lang/NoSuchMethodError'{0x00000000838cf720}: static Lorg/gradle/internal/build/event/types/DefaultScriptPluginIdentifier;.<clinit>()V> (0x00000000838cf720) 
thrown [s\src\hotspot\share\prims\jni.cpp, line 1108]
Event: 4.529 Thread 0x0000023e0a126700 Implicit null exception at 0x0000023e745bc692 to 0x0000023e745bcd6c
Event: 4.529 Thread 0x0000023e0a126700 Implicit null exception at 0x0000023e745e6c94 to 0x0000023e745e7308
Event: 4.604 Thread 0x0000023e0a126700 Exception <a 'java/lang/ClassNotFoundException'{0x0000000084ef90e0}: sun/misc/SharedSecrets> (0x0000000084ef90e0) 
thrown [s\src\hotspot\share\classfile\systemDictionary.cpp, line 256]
Event: 4.604 Thread 0x0000023e0a126700 Exception <a 'java/lang/ClassNotFoundException'{0x0000000084efa6b8}: org/gradle/api/internal/plugins/DefaultObjectConfigurationActionBeanInfo> (0x0000000084efa6b8) 
thrown [s\src\hotspot\share\classfile\systemDictionary.cpp, line 256]
Event: 4.605 Thread 0x0000023e0a126700 Exception <a 'java/lang/ClassNotFoundException'{0x0000000084d0f5f0}: org/gradle/api/internal/plugins/DefaultObjectConfigurationActionCustomizer> (0x0000000084d0f5f0) 
thrown [s\src\hotspot\share\classfile\systemDictionary.cpp, line 256]
Event: 4.793 Thread 0x0000023e0a126700 Exception <a 'java/lang/NoSuchMethodError'{0x0000000085eb7fd0}: 'java.lang.Object java.lang.invoke.DirectMethodHandle$Holder.newInvokeSpecial(java.lang.Object, java.lang.Object, java.lang.Object, java.lang.Object, int)'> (0x0000000085eb7fd0) 
thrown [s\src\hotspot\share\interpreter\linkResolver.cpp, line 771]
Event: 4.793 Thread 0x0000023e0a126700 Exception <a 'java/lang/NoSuchMethodError'{0x0000000085ebd3d0}: 'java.lang.Object java.lang.invoke.DirectMethodHandle$Holder.invokeSpecial(java.lang.Object, java.lang.Object, java.lang.Object, java.lang.Object, java.lang.Object, int)'> (0x0000000085ebd3d0) 
thrown [s\src\hotspot\share\interpreter\linkResolver.cpp, line 771]
Event: 4.793 Thread 0x0000023e0a126700 Exception <a 'java/lang/NoSuchMethodError'{0x0000000085ec2108}: 'java.lang.Object java.lang.invoke.Invokers$Holder.linkToTargetMethod(java.lang.Object, java.lang.Object, java.lang.Object, int, java.lang.Object)'> (0x0000000085ec2108) 
thrown [s\src\hotspot\share\interpreter\linkResolver.cpp, line 771]
Event: 5.006 Thread 0x0000023e0a126700 Exception <a 'java/lang/NoSuchMethodError'{0x000000008641cc78}: 'int java.lang.invoke.DirectMethodHandle$Holder.invokeInterface(java.lang.Object, java.lang.Object, java.lang.Object, java.lang.Object)'> (0x000000008641cc78) 
thrown [s\src\hotspot\share\interpreter\linkResolver.cpp, line 771]
Event: 5.440 Thread 0x0000023e0a126700 Exception <a 'java/lang/IncompatibleClassChangeError'{0x00000000858debc8}: Found class java.lang.Object, but interface was expected> (0x00000000858debc8) 
thrown [s\src\hotspot\share\interpreter\linkResolver.cpp, line 838]
Event: 5.485 Thread 0x0000023e0a126700 Implicit null exception at 0x0000023e748554d9 to 0x0000023e74855678
Event: 5.485 Thread 0x0000023e0a126700 Implicit null exception at 0x0000023e74857645 to 0x0000023e74859244
Event: 5.577 Thread 0x0000023e0a126700 Implicit null exception at 0x0000023e7478b88c to 0x0000023e7478b9be

VM Operations (20 events):
Event: 4.983 Executing VM operation: G1CollectForAllocation done
Event: 4.996 Executing VM operation: HandshakeAllThreads
Event: 4.996 Executing VM operation: HandshakeAllThreads done
Event: 5.006 Executing VM operation: HandshakeAllThreads
Event: 5.006 Executing VM operation: HandshakeAllThreads done
Event: 5.227 Executing VM operation: G1CollectForAllocation
Event: 5.230 Executing VM operation: G1CollectForAllocation done
Event: 5.240 Executing VM operation: G1Concurrent
Event: 5.243 Executing VM operation: G1Concurrent done
Event: 5.249 Executing VM operation: G1Concurrent
Event: 5.249 Executing VM operation: G1Concurrent done
Event: 5.563 Executing VM operation: HandshakeAllThreads
Event: 5.564 Executing VM operation: HandshakeAllThreads done
Event: 5.581 Executing VM operation: HandshakeAllThreads
Event: 5.581 Executing VM operation: HandshakeAllThreads done
Event: 5.606 Executing VM operation: G1CollectForAllocation
Event: 5.609 Executing VM operation: G1CollectForAllocation done
Event: 5.618 Executing VM operation: G1CollectForAllocation
Event: 5.621 Executing VM operation: G1CollectForAllocation done
Event: 5.625 Executing VM operation: G1TryInitiateConcMark

Events (20 events):
Event: 5.594 loading class java/security/cert/CertPathValidatorException$BasicReason
Event: 5.594 loading class java/security/cert/CertPathValidatorException$Reason
Event: 5.594 loading class java/security/cert/CertPathValidatorException$Reason done
Event: 5.594 loading class java/security/cert/CertPathValidatorException$BasicReason done
Event: 5.594 loading class java/security/SignatureException
Event: 5.594 loading class java/security/SignatureException done
Event: 5.598 loading class sun/security/rsa/RSASignature$SHA256withRSA
Event: 5.598 loading class sun/security/rsa/RSASignature$SHA256withRSA done
Event: 5.599 loading class sun/security/provider/DSA$SHA256withDSA
Event: 5.599 loading class sun/security/provider/DSA$SHA256withDSA done
Event: 5.611 loading class java/util/Base64
Event: 5.611 loading class java/util/Base64 done
Event: 5.611 loading class java/util/Base64$Decoder
Event: 5.611 loading class java/util/Base64$Decoder done
Event: 5.611 loading class java/util/Base64$Encoder
Event: 5.611 loading class java/util/Base64$Encoder done
Event: 5.612 loading class java/util/jar/JarVerifier$VerifierStream
Event: 5.612 loading class java/util/jar/JarVerifier$VerifierStream done
Event: 5.612 loading class sun/security/util/ManifestEntryVerifier$SunProviderHolder
Event: 5.613 loading class sun/security/util/ManifestEntryVerifier$SunProviderHolder done


Dynamic libraries:
0x00007ff6e6ad0000 - 0x00007ff6e6ada000 	C:\Program Files\Android\Android Studio\jbr\bin\java.exe
0x00007ff860530000 - 0x00007ff860747000 	C:\windows\SYSTEM32\ntdll.dll
0x00007ff85e280000 - 0x00007ff85e344000 	C:\windows\System32\KERNEL32.DLL
0x00007ff85daf0000 - 0x00007ff85de96000 	C:\windows\System32\KERNELBASE.dll
0x00007ff85e080000 - 0x00007ff85e191000 	C:\windows\System32\ucrtbase.dll
0x00007ff8361c0000 - 0x00007ff8361d7000 	C:\Program Files\Android\Android Studio\jbr\bin\jli.dll
0x00007ff839940000 - 0x00007ff83995b000 	C:\Program Files\Android\Android Studio\jbr\bin\VCRUNTIME140.dll
0x00007ff85f170000 - 0x00007ff85f31e000 	C:\windows\System32\USER32.dll
0x00007ff85e250000 - 0x00007ff85e276000 	C:\windows\System32\win32u.dll
0x00007ff85f140000 - 0x00007ff85f169000 	C:\windows\System32\GDI32.dll
0x00007ff85d910000 - 0x00007ff85da28000 	C:\windows\System32\gdi32full.dll
0x00007ff85d870000 - 0x00007ff85d90a000 	C:\windows\System32\msvcp_win.dll
0x00007ff83aab0000 - 0x00007ff83ad43000 	C:\windows\WinSxS\amd64_microsoft.windows.common-controls_6595b64144ccf1df_6.0.22621.2506_none_270c5ae97388e100\COMCTL32.dll
0x00007ff860440000 - 0x00007ff8604e7000 	C:\windows\System32\msvcrt.dll
0x00007ff8600d0000 - 0x00007ff860101000 	C:\windows\System32\IMM32.DLL
0x00007ff846020000 - 0x00007ff84602c000 	C:\Program Files\Android\Android Studio\jbr\bin\vcruntime140_1.dll
0x00007ff817b10000 - 0x00007ff817b9d000 	C:\Program Files\Android\Android Studio\jbr\bin\msvcp140.dll
0x00007ffff1560000 - 0x00007ffff21e0000 	C:\Program Files\Android\Android Studio\jbr\bin\server\jvm.dll
0x00007ff85ec70000 - 0x00007ff85ed23000 	C:\windows\System32\ADVAPI32.dll
0x00007ff85e520000 - 0x00007ff85e5c8000 	C:\windows\System32\sechost.dll
0x00007ff85e1a0000 - 0x00007ff85e1c8000 	C:\windows\System32\bcrypt.dll
0x00007ff85e400000 - 0x00007ff85e517000 	C:\windows\System32\RPCRT4.dll
0x00007ff82c990000 - 0x00007ff82c999000 	C:\windows\SYSTEM32\WSOCK32.dll
0x00007ff854130000 - 0x00007ff85413a000 	C:\windows\SYSTEM32\VERSION.dll
0x00007ff854910000 - 0x00007ff854944000 	C:\windows\SYSTEM32\WINMM.dll
0x00007ff8602e0000 - 0x00007ff860351000 	C:\windows\System32\WS2_32.dll
0x00007ff85c9a0000 - 0x00007ff85c9b8000 	C:\windows\SYSTEM32\kernel.appcore.dll
0x00007ff854250000 - 0x00007ff85425a000 	C:\Program Files\Android\Android Studio\jbr\bin\jimage.dll
0x00007ff85b230000 - 0x00007ff85b463000 	C:\windows\SYSTEM32\DBGHELP.DLL
0x00007ff85edb0000 - 0x00007ff85f139000 	C:\windows\System32\combase.dll
0x00007ff860360000 - 0x00007ff860437000 	C:\windows\System32\OLEAUT32.dll
0x00007ff853fc0000 - 0x00007ff853ff2000 	C:\windows\SYSTEM32\dbgcore.DLL
0x00007ff85e1d0000 - 0x00007ff85e24a000 	C:\windows\System32\bcryptPrimitives.dll
0x00007ff836ea0000 - 0x00007ff836eae000 	C:\Program Files\Android\Android Studio\jbr\bin\instrument.dll
0x00007ff839a70000 - 0x00007ff839a95000 	C:\Program Files\Android\Android Studio\jbr\bin\java.dll
0x00007ff846000000 - 0x00007ff846018000 	C:\Program Files\Android\Android Studio\jbr\bin\zip.dll
0x00007ff85f7d0000 - 0x00007ff86002b000 	C:\windows\System32\SHELL32.dll
0x00007ff85b780000 - 0x00007ff85c076000 	C:\windows\SYSTEM32\windows.storage.dll
0x00007ff85b640000 - 0x00007ff85b77e000 	C:\windows\SYSTEM32\wintypes.dll
0x00007ff85e5d0000 - 0x00007ff85e6c3000 	C:\windows\System32\SHCORE.dll
0x00007ff85e890000 - 0x00007ff85e8ee000 	C:\windows\System32\shlwapi.dll
0x00007ff85d7a0000 - 0x00007ff85d7c6000 	C:\windows\SYSTEM32\profapi.dll
0x00007ff8390b0000 - 0x00007ff8390c9000 	C:\Program Files\Android\Android Studio\jbr\bin\net.dll
0x00007ff857c60000 - 0x00007ff857d97000 	C:\windows\SYSTEM32\WINHTTP.dll
0x00007ff85ce20000 - 0x00007ff85ce89000 	C:\windows\system32\mswsock.dll
0x00007ff836f00000 - 0x00007ff836f16000 	C:\Program Files\Android\Android Studio\jbr\bin\nio.dll
0x00007ff83a1b0000 - 0x00007ff83a1c0000 	C:\Program Files\Android\Android Studio\jbr\bin\verify.dll
0x00007ff8542e0000 - 0x00007ff854307000 	C:\Users\HP\.gradle\native\68d5fa5c4cc2d200863cafc0d521ce42e7d3e7ee720ec0a83991735586a16f82\windows-amd64\native-platform.dll
0x00007ff813e70000 - 0x00007ff813fb4000 	C:\Users\HP\.gradle\native\e376f236ea51e6404a007f0833ffe2c6e607c4080706a723a18a27aeea778392\windows-amd64\native-platform-file-events.dll
0x00007ff839c10000 - 0x00007ff839c19000 	C:\Program Files\Android\Android Studio\jbr\bin\management.dll
0x00007ff836ef0000 - 0x00007ff836efb000 	C:\Program Files\Android\Android Studio\jbr\bin\management_ext.dll
0x00007ff8602d0000 - 0x00007ff8602d8000 	C:\windows\System32\PSAPI.DLL
0x00007ff85d080000 - 0x00007ff85d09b000 	C:\windows\SYSTEM32\CRYPTSP.dll
0x00007ff85c900000 - 0x00007ff85c935000 	C:\windows\system32\rsaenh.dll
0x00007ff85cf10000 - 0x00007ff85cf3c000 	C:\windows\SYSTEM32\USERENV.dll
0x00007ff85d070000 - 0x00007ff85d07c000 	C:\windows\SYSTEM32\CRYPTBASE.dll
0x00007ff85c370000 - 0x00007ff85c39d000 	C:\windows\SYSTEM32\IPHLPAPI.DLL
0x00007ff85f320000 - 0x00007ff85f329000 	C:\windows\System32\NSI.dll
0x00007ff857c40000 - 0x00007ff857c59000 	C:\windows\SYSTEM32\dhcpcsvc6.DLL
0x00007ff857ab0000 - 0x00007ff857acf000 	C:\windows\SYSTEM32\dhcpcsvc.DLL
0x00007ff85c3a0000 - 0x00007ff85c499000 	C:\windows\SYSTEM32\DNSAPI.dll
0x00007ff838600000 - 0x00007ff838608000 	C:\windows\system32\wshunix.dll

dbghelp: loaded successfully - version: 4.0.5 - missing functions: none
symbol engine: initialized successfully - sym options: 0x614 - pdb path: .;C:\Program Files\Android\Android Studio\jbr\bin;C:\windows\SYSTEM32;C:\windows\WinSxS\amd64_microsoft.windows.common-controls_6595b64144ccf1df_6.0.22621.2506_none_270c5ae97388e100;C:\Program Files\Android\Android Studio\jbr\bin\server;C:\Users\HP\.gradle\native\68d5fa5c4cc2d200863cafc0d521ce42e7d3e7ee720ec0a83991735586a16f82\windows-amd64;C:\Users\HP\.gradle\native\e376f236ea51e6404a007f0833ffe2c6e607c4080706a723a18a27aeea778392\windows-amd64

VM Arguments:
jvm_args: --add-opens=java.base/java.util=ALL-UNNAMED --add-opens=java.base/java.lang=ALL-UNNAMED --add-opens=java.base/java.lang.invoke=ALL-UNNAMED --add-opens=java.prefs/java.util.prefs=ALL-UNNAMED --add-opens=java.base/java.nio.charset=ALL-UNNAMED --add-opens=java.base/java.net=ALL-UNNAMED --add-opens=java.base/java.util.concurrent.atomic=ALL-UNNAMED -Xmx2048m -Dfile.encoding=UTF-8 -Duser.country=ID -Duser.language=en -Duser.variant -javaagent:C:\Users\HP\.gradle\wrapper\dists\gradle-8.2-bin\bbg7u40eoinfdyxsxr3z4i7ta\gradle-8.2\lib\agents\gradle-instrumentation-agent-8.2.jar 
java_command: org.gradle.launcher.daemon.bootstrap.GradleDaemon 8.2
java_class_path (initial): C:\Users\HP\.gradle\wrapper\dists\gradle-8.2-bin\bbg7u40eoinfdyxsxr3z4i7ta\gradle-8.2\lib\gradle-launcher-8.2.jar
Launcher Type: SUN_STANDARD

[Global flags]
     intx CICompilerCount                          = 12                                        {product} {ergonomic}
     uint ConcGCThreads                            = 3                                         {product} {ergonomic}
     uint G1ConcRefinementThreads                  = 13                                        {product} {ergonomic}
   size_t G1HeapRegionSize                         = 1048576                                   {product} {ergonomic}
    uintx GCDrainStackTargetSize                   = 64                                        {product} {ergonomic}
   size_t InitialHeapSize                          = 130023424                                 {product} {ergonomic}
   size_t MarkStackSize                            = 4194304                                   {product} {ergonomic}
   size_t MaxHeapSize                              = 2147483648                                {product} {command line}
   size_t MaxNewSize                               = 1287651328                                {product} {ergonomic}
   size_t MinHeapDeltaBytes                        = 1048576                                   {product} {ergonomic}
   size_t MinHeapSize                              = 8388608                                   {product} {ergonomic}
    uintx NonNMethodCodeHeapSize                   = 7602480                                {pd product} {ergonomic}
    uintx NonProfiledCodeHeapSize                  = 122027880                              {pd product} {ergonomic}
    uintx ProfiledCodeHeapSize                     = 122027880                              {pd product} {ergonomic}
    uintx ReservedCodeCacheSize                    = 251658240                              {pd product} {ergonomic}
     bool SegmentedCodeCache                       = true                                      {product} {ergonomic}
   size_t SoftMaxHeapSize                          = 2147483648                             {manageable} {ergonomic}
     bool UseCompressedClassPointers               = true                           {product lp64_product} {ergonomic}
     bool UseCompressedOops                        = true                           {product lp64_product} {ergonomic}
     bool UseG1GC                                  = true                                      {product} {ergonomic}
     bool UseLargePagesIndividualAllocation        = false                                  {pd product} {ergonomic}

Logging:
Log output configuration:
 #0: stdout all=warning uptime,level,tags
 #1: stderr all=off uptime,level,tags

Environment Variables:
JAVA_HOME=C:\Program Files\Java\jdk-20\bin
PATH=C:\app\HP\product\21c\dbhomeXE\bin;C:\Program Files\Common Files\Oracle\Java\javapath;C:\windows\system32;C:\windows;C:\windows\System32\Wbem;C:\windows\System32\WindowsPowerShell\v1.0\;C:\windows\System32\OpenSSH\;C:\Program Files (x86)\NVIDIA Corporation\PhysX\Common;C:\Program Files\NVIDIA Corporation\NVIDIA NvDLISR;C:\Program Files\Java\jdk-20\bin;C:\Program Files\MySQL\MySQL Server 8.0\bin;C:\Program Files\Git\cmd;C:\Users\HP\AppData\Local\Programs\Python\Python312\Scripts\;C:\Users\HP\AppData\Local\Programs\Python\Python312\;C:\Program Files\MySQL\MySQL Shell 8.0\bin\;C:\Users\HP\AppData\Local\Microsoft\WindowsApps;;C:\Program Files\JetBrains\IntelliJ IDEA 2023.2.1\bin;;C:\Program Files\JetBrains\IntelliJ IDEA Community Edition 2023.2.1\bin;;C:\Users\HP\AppData\Local\Programs\Microsoft VS Code\bin
USERNAME=HP
OS=Windows_NT
PROCESSOR_IDENTIFIER=Intel64 Family 6 Model 154 Stepping 3, GenuineIntel
TMP=C:\Users\HP\AppData\Local\Temp
TEMP=C:\Users\HP\AppData\Local\Temp


JNI global refs:
JNI global refs: 34, weak refs: 0

JNI global refs memory usage: 843, weak refs: 209

OOME stack traces (most recent first):
Classloader memory used:
Loader org.gradle.internal.classloader.VisitableURLClassLoader                         : 3500K
Loader bootstrap                                                                       : 2797K
Loader org.gradle.initialization.MixInLegacyTypesClassLoader                           : 1085K
Loader org.gradle.internal.classloader.VisitableURLClassLoader$InstrumentingVisitableURLClassLoader: 659K
Loader jdk.internal.loader.ClassLoaders$PlatformClassLoader                            : 67412B
Loader jdk.internal.loader.ClassLoaders$AppClassLoader                                 : 28452B
Loader jdk.internal.reflect.DelegatingClassLoader                                      : 23357B
Loader org.gradle.groovy.scripts.internal.DefaultScriptCompilationHandler$ScriptClassLoader: 1714B
Loader sun.reflect.misc.MethodUtil                                                     : 373B
Loader org.codehaus.groovy.runtime.callsite.CallSiteClassLoader                        : 356B

Classes loaded by more than one classloader:
Class Program                                                                         : loaded 4 times (x 72B)
Class com.google.common.collect.Iterators$MergingIterator                             : loaded 2 times (x 79B)
Class [Lcom.google.common.collect.AbstractMapEntry;                                   : loaded 2 times (x 67B)
Class com.google.common.collect.SingletonImmutableList                                : loaded 2 times (x 167B)
Class com.google.common.cache.CacheLoader$SupplierToCacheLoader                       : loaded 2 times (x 73B)
Class org.gradle.internal.classpath.ClassPath                                         : loaded 2 times (x 68B)
Class com.google.common.cache.RemovalListener                                         : loaded 2 times (x 68B)
Class org.gradle.api.internal.classpath.DefaultModuleRegistry                         : loaded 2 times (x 84B)
Class Settings_gradle$1$1                                                             : loaded 2 times (x 72B)
Class com.google.common.collect.ListMultimap                                          : loaded 2 times (x 68B)
Class com.google.common.base.CharMatcher$JavaDigit                                    : loaded 2 times (x 109B)
Class com.google.common.base.CharMatcher$Digit                                        : loaded 2 times (x 110B)
Class com.google.common.collect.AbstractMultimap                                      : loaded 2 times (x 121B)
Class com.google.common.cache.CacheBuilder$OneWeigher                                 : loaded 2 times (x 80B)
Class org.gradle.api.Action                                                           : loaded 2 times (x 68B)
Class com.google.common.collect.ImmutableEntry                                        : loaded 2 times (x 80B)
Class com.google.common.collect.Lists$StringAsImmutableList                           : loaded 2 times (x 167B)
Class com.google.common.base.CharMatcher                                              : loaded 2 times (x 109B)
Class com.google.common.base.CharMatcher$IsNot                                        : loaded 2 times (x 109B)
Class com.google.common.base.Splitter                                                 : loaded 2 times (x 70B)
Class [Lcom.google.common.cache.Weigher;                                              : loaded 2 times (x 67B)
Class com.google.common.collect.Iterators$ArrayItr                                    : loaded 2 times (x 95B)
Class com.google.common.cache.LocalCache$Segment                                      : loaded 2 times (x 152B)
Class org.gradle.api.internal.DefaultClassPathProvider                                : loaded 2 times (x 74B)
Class org.gradle.internal.installation.GradleInstallation$1                           : loaded 2 times (x 73B)
Class com.google.common.base.CharMatcher$BitSetMatcher                                : loaded 2 times (x 110B)
Class com.google.common.collect.ImmutableMap$IteratorBasedImmutableMap                : loaded 2 times (x 123B)
Class com.google.common.collect.ImmutableMap                                          : loaded 2 times (x 118B)
Class com.google.common.base.Converter                                                : loaded 2 times (x 88B)
Class com.google.common.collect.ImmutableSet$EmptySetBuilderImpl                      : loaded 2 times (x 74B)
Class com.google.common.base.Equivalence                                              : loaded 2 times (x 80B)
Class com.google.common.cache.LocalCache$EntryFactory$1                               : loaded 2 times (x 81B)
Class com.google.common.cache.LocalCache$EntryFactory$2                               : loaded 2 times (x 81B)
Class com.google.common.cache.LocalCache$EntryFactory$3                               : loaded 2 times (x 81B)
Class com.google.common.cache.LocalCache$EntryFactory$4                               : loaded 2 times (x 81B)
Class com.google.common.cache.LocalCache$EntryFactory$5                               : loaded 2 times (x 81B)
Class com.google.common.cache.LocalCache$EntryFactory$6                               : loaded 2 times (x 81B)
Class com.google.common.cache.LocalCache$EntryFactory$7                               : loaded 2 times (x 81B)
Class com.google.common.cache.LocalCache$EntryFactory$8                               : loaded 2 times (x 81B)
Class com.google.common.base.Predicate                                                : loaded 2 times (x 68B)
Class org.gradle.internal.classloader.FilteringClassLoader                            : loaded 2 times (x 102B)
Class com.google.common.collect.RegularImmutableSet                                   : loaded 2 times (x 146B)
Class [Lcom.google.common.cache.LocalCache$Strength;                                  : loaded 2 times (x 67B)
Class org.gradle.internal.classpath.DefaultClassPath$ImmutableUniqueList$Builder      : loaded 2 times (x 73B)
Class com.google.common.collect.Maps$8                                                : loaded 2 times (x 80B)
Class com.google.common.base.PatternCompiler                                          : loaded 2 times (x 68B)
Class [Lcom.google.common.cache.CacheBuilder$NullListener;                            : loaded 2 times (x 67B)
Class com.google.common.base.CharMatcher$InRange                                      : loaded 2 times (x 109B)
Class com.google.common.collect.BiMap                                                 : loaded 2 times (x 68B)
Class com.google.common.collect.Lists                                                 : loaded 2 times (x 69B)
Class com.google.common.math.IntMath$1                                                : loaded 2 times (x 69B)
Class org.gradle.internal.classloader.ClassLoaderVisitor                              : loaded 2 times (x 74B)
Class com.google.common.cache.CacheBuilder$NullListener                               : loaded 2 times (x 80B)
Class com.google.common.math.MathPreconditions                                        : loaded 2 times (x 69B)
Class org.gradle.internal.service.DefaultServiceLocator                               : loaded 2 times (x 81B)
Class org.gradle.internal.service.UnknownServiceException                             : loaded 2 times (x 81B)
Class com.google.common.collect.ArrayListMultimap                                     : loaded 2 times (x 170B)
Class com.google.common.base.Strings                                                  : loaded 2 times (x 69B)
Class com.google.common.cache.CacheLoader$InvalidCacheLoadException                   : loaded 2 times (x 80B)
Class org.gradle.internal.classloader.DefaultClassLoaderFactory                       : loaded 2 times (x 80B)
Class com.google.common.collect.UnmodifiableIterator                                  : loaded 2 times (x 78B)
Class com.google.common.base.Platform$JdkPatternCompiler                              : loaded 2 times (x 73B)
Class com.google.common.cache.LocalCache$LoadingValueReference                        : loaded 2 times (x 94B)
Class com.google.common.base.CharMatcher$SingleWidth                                  : loaded 2 times (x 110B)
Class com.google.common.collect.Hashing                                               : loaded 2 times (x 69B)
Class com.google.common.base.JdkPattern                                               : loaded 2 times (x 73B)
Class com.google.common.collect.Multimap                                              : loaded 2 times (x 68B)
Class com.google.common.base.FunctionalEquivalence                                    : loaded 2 times (x 81B)
Class com.google.common.cache.LocalCache$1                                            : loaded 2 times (x 87B)
Class com.google.common.cache.LocalCache$2                                            : loaded 2 times (x 140B)
Class com.google.common.collect.RegularImmutableBiMap                                 : loaded 2 times (x 146B)
Class org.gradle.internal.classloader.VisitableURLClassLoader$Spec                    : loaded 2 times (x 72B)
Class org.gradle.api.GradleException                                                  : loaded 2 times (x 80B)
Class com.google.common.base.CharMatcher$JavaLetterOrDigit                            : loaded 2 times (x 109B)
Class org.gradle.api.internal.classpath.ModuleRegistry                                : loaded 2 times (x 68B)
Class com.google.common.collect.ForwardingObject                                      : loaded 2 times (x 70B)
Class com.google.common.cache.CacheBuilder                                            : loaded 2 times (x 70B)
Class com.google.common.collect.ImmutableCollection                                   : loaded 2 times (x 123B)
Class com.google.common.base.PairwiseEquivalence                                      : loaded 2 times (x 81B)
Class com.google.common.base.Ticker                                                   : loaded 2 times (x 70B)
Class org.gradle.api.internal.ClassPathProvider                                       : loaded 2 times (x 68B)
Class com.google.common.collect.RegularImmutableMap$Values                            : loaded 2 times (x 167B)
Class org.gradle.internal.classloader.ClasspathUtil$1                                 : loaded 2 times (x 74B)
Class com.google.common.collect.ImmutableEnumMap                                      : loaded 2 times (x 123B)
Class com.google.common.collect.ForwardingMap                                         : loaded 2 times (x 130B)
Class com.google.common.collect.ImmutableList$ReverseImmutableList                    : loaded 2 times (x 168B)
Class com.google.common.cache.AbstractCache$StatsCounter                              : loaded 2 times (x 68B)
Class com.google.common.cache.LocalCache$Strength$1                                   : loaded 2 times (x 79B)
Class com.google.common.cache.LocalCache$Strength$2                                   : loaded 2 times (x 79B)
Class com.google.common.cache.LocalCache$Strength$3                                   : loaded 2 times (x 79B)
Class org.gradle.internal.classloader.ClassLoaderFactory                              : loaded 2 times (x 68B)
Class com.google.common.collect.ObjectArrays                                          : loaded 2 times (x 69B)
Class com.google.common.collect.Iterators$10                                          : loaded 2 times (x 79B)
Class com.google.common.collect.ImmutableList                                         : loaded 2 times (x 166B)
Class org.gradle.api.internal.classpath.ManifestUtil                                  : loaded 2 times (x 69B)
Class org.gradle.api.specs.Spec                                                       : loaded 2 times (x 68B)
Class com.google.common.cache.CacheLoader$UnsupportedLoadingOperationException        : loaded 2 times (x 80B)
Class com.google.common.base.CharMatcher$Whitespace                                   : loaded 2 times (x 110B)
Class com.google.common.collect.Iterators$1                                           : loaded 2 times (x 79B)
Class com.google.common.collect.Iterators$4                                           : loaded 2 times (x 80B)
Class com.google.common.collect.RegularImmutableMap$BucketOverflowException           : loaded 2 times (x 80B)
Class com.google.common.collect.Iterators$5                                           : loaded 2 times (x 80B)
Class com.google.common.base.Equivalence$Equals                                       : loaded 2 times (x 80B)
Class com.google.common.base.Preconditions                                            : loaded 2 times (x 69B)
Class com.google.common.base.Function                                                 : loaded 2 times (x 68B)
Class com.google.common.collect.Iterators$9                                           : loaded 2 times (x 79B)
Class org.gradle.internal.IoActions                                                   : loaded 2 times (x 69B)
Class com.google.common.cache.ReferenceEntry                                          : loaded 2 times (x 68B)
Class com.google.common.collect.RegularImmutableMap$KeySet                            : loaded 2 times (x 148B)
Class com.google.common.collect.CollectPreconditions                                  : loaded 2 times (x 69B)
Class com.google.common.collect.Maps                                                  : loaded 2 times (x 69B)
Class com.google.common.collect.RegularImmutableMap                                   : loaded 2 times (x 119B)
Class com.google.common.collect.AbstractIndexedListIterator                           : loaded 2 times (x 94B)
Class com.google.common.base.CharMatcher$None                                         : loaded 2 times (x 110B)
Class org.gradle.api.internal.classpath.EffectiveClassPath                            : loaded 2 times (x 88B)
Class com.google.common.collect.UnmodifiableListIterator                              : loaded 2 times (x 93B)
Class com.google.common.cache.CacheLoader$FunctionToCacheLoader                       : loaded 2 times (x 73B)
Class com.google.common.cache.CacheBuilder$1                                          : loaded 2 times (x 83B)
Class com.google.common.cache.CacheBuilder$2                                          : loaded 2 times (x 77B)
Class com.google.common.collect.ImmutableList$1                                       : loaded 2 times (x 95B)
Class com.google.common.base.Splitter$Strategy                                        : loaded 2 times (x 68B)
Class com.google.common.cache.CacheBuilder$3                                          : loaded 2 times (x 70B)
Class com.google.common.collect.ImmutableMapEntrySet$RegularEntrySet                  : loaded 2 times (x 149B)
Class [Lcom.google.common.cache.RemovalListener;                                      : loaded 2 times (x 67B)
Class [Lcom.google.common.collect.ImmutableMapEntry;                                  : loaded 2 times (x 67B)
Class org.gradle.internal.installation.CurrentGradleInstallation                      : loaded 2 times (x 71B)
Class org.gradle.internal.agents.InstrumentingClassLoader                             : loaded 2 times (x 68B)
Class org.gradle.internal.installation.CurrentGradleInstallationLocator               : loaded 2 times (x 69B)
Class [Lcom.google.common.cache.LocalCache$Segment;                                   : loaded 2 times (x 67B)
Class org.gradle.api.internal.classpath.Module                                        : loaded 2 times (x 68B)
Class com.google.common.base.Splitter$1$1                                             : loaded 2 times (x 84B)
Class com.google.common.collect.ImmutableSet$JdkBackedSetBuilderImpl                  : loaded 2 times (x 74B)
Class com.google.common.collect.ImmutableSet$RegularSetBuilderImpl                    : loaded 2 times (x 75B)
Class org.gradle.internal.service.CachingServiceLocator                               : loaded 2 times (x 80B)
Class [Lcom.google.common.collect.ImmutableEntry;                                     : loaded 2 times (x 67B)
Class org.gradle.internal.classpath.DefaultClassPath                                  : loaded 2 times (x 88B)
Class com.google.common.base.Splitter$SplittingIterator                               : loaded 2 times (x 82B)
Class com.google.common.cache.LocalCache$LocalManualCache$1                           : loaded 2 times (x 73B)
Class [Lcom.google.common.cache.LocalCache$EntryFactory;                              : loaded 2 times (x 67B)
Class com.google.common.base.CharMatcher$Is                                           : loaded 2 times (x 109B)
Class com.google.common.base.Platform                                                 : loaded 2 times (x 69B)
Class com.google.common.collect.RegularImmutableAsList                                : loaded 2 times (x 176B)
Class com.google.common.collect.PeekingIterator                                       : loaded 2 times (x 68B)
Class com.google.common.collect.ImmutableMapEntrySet                                  : loaded 2 times (x 149B)
Class com.google.common.cache.CacheLoader                                             : loaded 2 times (x 72B)
Class com.google.common.collect.ImmutableBiMapFauxverideShim                          : loaded 2 times (x 118B)
Class com.google.common.cache.Cache                                                   : loaded 2 times (x 68B)
Class org.gradle.internal.classloader.SystemClassLoaderSpec                           : loaded 2 times (x 69B)
Class com.google.common.collect.SingletonImmutableSet                                 : loaded 2 times (x 144B)
Class [Lcom.google.common.base.AbstractIterator$State;                                : loaded 2 times (x 67B)
Class com.google.common.collect.ImmutableMap$Builder                                  : loaded 2 times (x 80B)
Class com.google.common.base.AbstractIterator                                         : loaded 2 times (x 78B)
Class com.google.common.base.AbstractIterator$1                                       : loaded 2 times (x 69B)
Class [Lcom.google.common.cache.CacheBuilder$OneWeigher;                              : loaded 2 times (x 67B)
Class com.google.common.collect.Iterators                                             : loaded 2 times (x 69B)
Class com.google.common.base.CharMatcher$Ascii                                        : loaded 2 times (x 110B)
Class com.google.common.base.CharMatcher$1                                            : loaded 2 times (x 111B)
Class com.google.common.cache.LocalCache$ComputingValueReference                      : loaded 2 times (x 94B)
Class org.gradle.api.UncheckedIOException                                             : loaded 2 times (x 80B)
Class com.google.common.base.CharMatcher$And                                          : loaded 2 times (x 110B)
Class com.google.common.collect.IndexedImmutableSet                                   : loaded 2 times (x 148B)
Class com.google.common.collect.AbstractListMultimap                                  : loaded 2 times (x 170B)
Class com.google.common.base.CharMatcher$Any                                          : loaded 2 times (x 110B)
Class org.gradle.internal.installation.GradleInstallation                             : loaded 2 times (x 73B)
Class com.google.common.cache.LocalCache$Strength                                     : loaded 2 times (x 79B)
Class com.google.common.collect.ArrayListMultimapGwtSerializationDependencies         : loaded 2 times (x 170B)
Class com.google.common.base.CharMatcher$RangesMatcher                                : loaded 2 times (x 110B)
Class com.google.common.collect.ImmutableList$SubList                                 : loaded 2 times (x 168B)
Class com.google.common.cache.LocalCache$ValueReference                               : loaded 2 times (x 68B)
Class org.gradle.internal.classloader.ClasspathUtil                                   : loaded 2 times (x 69B)
Class com.google.common.base.Splitter$1                                               : loaded 2 times (x 75B)
Class com.google.common.base.Ticker$1                                                 : loaded 2 times (x 70B)
Class com.google.common.collect.Maps$BiMapConverter                                   : loaded 2 times (x 88B)
Class org.gradle.api.internal.DefaultClassPathRegistry                                : loaded 2 times (x 74B)
Class com.google.common.collect.ImmutableSet$SetBuilderImpl                           : loaded 2 times (x 74B)
Class org.gradle.api.internal.classpath.DefaultModuleRegistry$DefaultModule           : loaded 2 times (x 84B)
Class com.google.common.base.CharMatcher$JavaIsoControl                               : loaded 2 times (x 110B)
Class com.google.common.collect.ImmutableMap$1                                        : loaded 2 times (x 79B)
Class com.google.common.base.CharMatcher$Or                                           : loaded 2 times (x 110B)
Class com.google.common.base.Suppliers$SupplierOfInstance                             : loaded 2 times (x 77B)
Class com.google.common.collect.Iterables                                             : loaded 2 times (x 69B)
Class com.google.common.base.CharMatcher$JavaLowerCase                                : loaded 2 times (x 109B)
Class org.gradle.api.internal.classpath.UnknownModuleException                        : loaded 2 times (x 80B)
Class com.google.common.collect.Maps$EntryTransformer                                 : loaded 2 times (x 68B)
Class com.google.common.collect.ImmutableCollection$Builder                           : loaded 2 times (x 74B)
Class com.google.common.collect.SingletonImmutableBiMap                               : loaded 2 times (x 141B)
Class com.google.common.base.CommonPattern                                            : loaded 2 times (x 72B)
Class com.google.common.base.Suppliers                                                : loaded 2 times (x 69B)
Class com.google.common.cache.LoadingCache                                            : loaded 2 times (x 68B)
Class org.gradle.internal.service.ServiceLookupException                              : loaded 2 times (x 80B)
Class org.gradle.cache.GlobalCache                                                    : loaded 2 times (x 68B)
Class com.google.common.base.CharMatcher$NegatedFastMatcher                           : loaded 2 times (x 111B)
Class [Lorg.gradle.api.internal.ClassPathProvider;                                    : loaded 2 times (x 67B)
Class org.gradle.util.internal.GUtil                                                  : loaded 2 times (x 69B)
Class com.google.common.math.IntMath                                                  : loaded 2 times (x 69B)
Class com.google.common.collect.AbstractIterator                                      : loaded 2 times (x 80B)
Class org.gradle.internal.classloader.ClassLoaderSpec                                 : loaded 2 times (x 69B)
Class com.google.common.base.NullnessCasts                                            : loaded 2 times (x 69B)
Class com.google.common.cache.LocalCache$LocalManualCache                             : loaded 2 times (x 97B)
Class com.google.common.collect.AbstractMapEntry                                      : loaded 2 times (x 79B)
Class com.google.common.base.CharMatcher$Negated                                      : loaded 2 times (x 111B)
Class com.google.common.cache.CacheLoader$1                                           : loaded 2 times (x 73B)
Class com.google.common.collect.ImmutableSet$Builder                                  : loaded 2 times (x 83B)
Class com.google.common.base.CharMatcher$ForPredicate                                 : loaded 2 times (x 110B)
Class com.google.common.collect.ImmutableMap$MapViewOfValuesAsSingletonSets           : loaded 2 times (x 123B)
Class com.google.common.base.MoreObjects                                              : loaded 2 times (x 69B)
Class com.google.common.collect.SortedMapDifference                                   : loaded 2 times (x 68B)
Class com.google.common.cache.CacheStats                                              : loaded 2 times (x 69B)
Class org.gradle.internal.classloader.VisitableURLClassLoader                         : loaded 2 times (x 114B)
Class com.google.common.cache.LocalCache$LocalLoadingCache                            : loaded 2 times (x 132B)
Class com.google.common.base.Supplier                                                 : loaded 2 times (x 68B)
Class com.google.common.collect.ImmutableBiMap                                        : loaded 2 times (x 141B)
Class org.gradle.internal.Cast                                                        : loaded 2 times (x 69B)
Class org.gradle.api.internal.ClassPathRegistry                                       : loaded 2 times (x 68B)
Class com.google.common.cache.LocalCache$EntryFactory                                 : loaded 2 times (x 81B)
Class com.google.common.util.concurrent.UncheckedExecutionException                   : loaded 2 times (x 80B)
Class com.google.common.collect.ImmutableSet                                          : loaded 2 times (x 143B)
Class org.gradle.internal.classloader.VisitableURLClassLoader$InstrumentingVisitableURLClassLoader: loaded 2 times (x 120B)
Class org.gradle.internal.classloader.ClassLoaderHierarchy                            : loaded 2 times (x 68B)
Class com.google.common.base.AbstractIterator$State                                   : loaded 2 times (x 77B)
Class com.google.common.cache.Weigher                                                 : loaded 2 times (x 68B)
Class com.google.common.base.CharMatcher$NamedFastMatcher                             : loaded 2 times (x 110B)
Class org.gradle.internal.InternalTransformer                                         : loaded 2 times (x 68B)
Class org.gradle.internal.service.ServiceLocator                                      : loaded 2 times (x 68B)
Class Settings_gradle$1                                                               : loaded 2 times (x 72B)
Class com.google.common.collect.ImmutableMapEntry                                     : loaded 2 times (x 83B)
Class com.google.common.base.CharMatcher$Invisible                                    : loaded 2 times (x 110B)
Class com.google.common.base.CharMatcher$FastMatcher                                  : loaded 2 times (x 109B)
Class org.gradle.internal.classpath.DefaultClassPath$ImmutableUniqueList              : loaded 2 times (x 159B)
Class com.google.common.base.CharMatcher$JavaLetter                                   : loaded 2 times (x 109B)
Class org.gradle.internal.classpath.TransformedClassPath                              : loaded 2 times (x 94B)
Class com.google.common.collect.MapDifference                                         : loaded 2 times (x 68B)
Class Settings_gradle                                                                 : loaded 2 times (x 126B)
Class com.google.common.collect.Platform                                              : loaded 2 times (x 69B)
Class com.google.common.collect.ImmutableAsList                                       : loaded 2 times (x 169B)
Class com.google.common.util.concurrent.ExecutionError                                : loaded 2 times (x 80B)
Class com.google.common.base.Equivalence$Identity                                     : loaded 2 times (x 80B)
Class com.google.common.base.CharMatcher$AnyOf                                        : loaded 2 times (x 110B)
Class com.google.common.base.CharMatcher$IsEither                                     : loaded 2 times (x 109B)
Class com.google.common.cache.LocalCache                                              : loaded 2 times (x 185B)
Class com.google.common.collect.RegularImmutableList                                  : loaded 2 times (x 172B)
Class com.google.common.base.CharMatcher$JavaUpperCase                                : loaded 2 times (x 109B)
Class com.google.common.collect.Multiset                                              : loaded 2 times (x 68B)
Class com.google.common.collect.ImmutableSet$CachingAsList                            : loaded 2 times (x 145B)
Class com.google.common.collect.ImmutableMapEntry$NonTerminalImmutableMapEntry        : loaded 2 times (x 83B)
Class com.google.common.collect.AbstractMapBasedMultimap                              : loaded 2 times (x 137B)


---------------  S Y S T E M  ---------------

OS:
 Windows 11 , 64 bit Build 22621 (10.0.22621.3085)
OS uptime: 0 days 1:05 hours
Hyper-V role detected

CPU: total 16 (initial active 16) (8 cores per cpu, 2 threads per core) family 6 model 154 stepping 3 microcode 0x42c, cx8, cmov, fxsr, ht, mmx, 3dnowpref, sse, sse2, sse3, ssse3, sse4.1, sse4.2, popcnt, lzcnt, tsc, tscinvbit, avx, avx2, aes, erms, clmul, bmi1, bmi2, adx, sha, fma, vzeroupper, clflush, clflushopt, clwb, hv

Memory: 4k page, system-wide physical 7859M (746M free)
TotalPageFile size 9907M (AvailPageFile size 12M)
current process WorkingSet (physical memory assigned to process): 308M, peak: 326M
current process commit charge ("private bytes"): 375M, peak: 439M

vm_info: OpenJDK 64-Bit Server VM (17.0.7+0-b2043.56-10550314) for windows-amd64 JRE (17.0.7+0-b2043.56-10550314), built on Jul 24 2023 18:27:45 by "androidbuild" with MS VC++ 16.10 / 16.11 (VS2019)

END.
