#
# There is insufficient memory for the Java Runtime Environment to continue.
# Native memory allocation (mmap) failed to map 17825792 bytes for G1 virtual space
# Possible reasons:
#   The system is out of physical RAM or swap space
#   The process is running with CompressedOops enabled, and the Java Heap may be blocking the growth of the native heap
# Possible solutions:
#   Reduce memory load on the system
#   Increase physical memory or swap space
#   Check if swap backing store is full
#   Decrease Java heap size (-Xmx/-Xms)
#   Decrease number of Java threads
#   Decrease Java thread stack sizes (-Xss)
#   Set larger code cache with -XX:ReservedCodeCacheSize=
#   JVM is running with Unscaled Compressed Oops mode in which the Java heap is
#     placed in the first 4GB address space. The Java Heap base address is the
#     maximum limit for the native heap growth. Please use -XX:HeapBaseMinAddress
#     to set the Java Heap base and to place the Java Heap above 4GB virtual address.
# This output file may be truncated or incomplete.
#
#  Out of Memory Error (os_windows.cpp:3771), pid=9184, tid=6332
#
# JRE version: OpenJDK Runtime Environment (17.0.7) (build 17.0.7+0-b2043.56-10550314)
# Java VM: OpenJDK 64-Bit Server VM (17.0.7+0-b2043.56-10550314, mixed mode, tiered, compressed oops, compressed class ptrs, g1 gc, windows-amd64)
# No core dump will be written. Minidumps are not enabled by default on client versions of Windows
#

---------------  S U M M A R Y ------------

Command Line: --add-opens=java.base/java.util=ALL-UNNAMED --add-opens=java.base/java.lang=ALL-UNNAMED --add-opens=java.base/java.lang.invoke=ALL-UNNAMED --add-opens=java.prefs/java.util.prefs=ALL-UNNAMED --add-opens=java.base/java.nio.charset=ALL-UNNAMED --add-opens=java.base/java.net=ALL-UNNAMED --add-opens=java.base/java.util.concurrent.atomic=ALL-UNNAMED -Xmx2048m -Dfile.encoding=UTF-8 -Duser.country=ID -Duser.language=en -Duser.variant -javaagent:C:\Users\HP\.gradle\wrapper\dists\gradle-8.2-bin\bbg7u40eoinfdyxsxr3z4i7ta\gradle-8.2\lib\agents\gradle-instrumentation-agent-8.2.jar org.gradle.launcher.daemon.bootstrap.GradleDaemon 8.2

Host: 12th Gen Intel(R) Core(TM) i5-12500H, 16 cores, 7G,  Windows 11 , 64 bit Build 22621 (10.0.22621.3085)
Time: Sun Mar  3 08:41:37 2024 SE Asia Standard Time elapsed time: 4.856499 seconds (0d 0h 0m 4s)

---------------  T H R E A D  ---------------

Current thread (0x000001a86c03db70):  VMThread "VM Thread" [stack: 0x0000007ae8b00000,0x0000007ae8c00000] [id=6332]

Stack: [0x0000007ae8b00000,0x0000007ae8c00000]
Native frames: (J=compiled Java code, j=interpreted, Vv=VM code, C=native code)
V  [jvm.dll+0x683bfa]
V  [jvm.dll+0x8430a4]
V  [jvm.dll+0x8449be]
V  [jvm.dll+0x845023]
V  [jvm.dll+0x24ad2f]
V  [jvm.dll+0x680ac9]
V  [jvm.dll+0x67519a]
V  [jvm.dll+0x30b3cb]
V  [jvm.dll+0x312876]
V  [jvm.dll+0x36221e]
V  [jvm.dll+0x36244f]
V  [jvm.dll+0x2e14a8]
V  [jvm.dll+0x2df684]
V  [jvm.dll+0x2dec8c]
V  [jvm.dll+0x32382b]
V  [jvm.dll+0x8496eb]
V  [jvm.dll+0x84a424]
V  [jvm.dll+0x84a93d]
V  [jvm.dll+0x84ad14]
V  [jvm.dll+0x84ade0]
V  [jvm.dll+0x7f2aea]
V  [jvm.dll+0x682a35]
C  [ucrtbase.dll+0x29363]
C  [KERNEL32.DLL+0x1257d]
C  [ntdll.dll+0x5aa58]

VM_Operation (0x0000007aea8f46d0): G1CollectForAllocation, mode: safepoint, requested by thread 0x000001a87303d9a0


---------------  P R O C E S S  ---------------

Threads class SMR info:
_java_thread_list=0x000001a876916090, length=72, elements={
0x000001a8500f1510, 0x000001a86cb6b020, 0x000001a86cb6bca0, 0x000001a86cb82c90,
0x000001a86cb93ad0, 0x000001a86cb947b0, 0x000001a86cb97690, 0x000001a86cb98330,
0x000001a86cb99700, 0x000001a86cba1910, 0x000001a86c020b10, 0x000001a86cd6e120,
0x000001a86cd6e630, 0x000001a86cd8eb00, 0x000001a86cebe070, 0x000001a86cef0ca0,
0x000001a87128ae60, 0x000001a87337b4d0, 0x000001a871c855c0, 0x000001a8733c9630,
0x000001a872b23390, 0x000001a8716c30d0, 0x000001a87303c850, 0x000001a87303d9a0,
0x000001a87300c6e0, 0x000001a87300d080, 0x000001a87300cbb0, 0x000001a87300d550,
0x000001a87300c210, 0x000001a87300aed0, 0x000001a87300a060, 0x000001a87300a530,
0x000001a87300b870, 0x000001a87300bd40, 0x000001a87300aa00, 0x000001a873d82a30,
0x000001a873d81bc0, 0x000001a873d7f070, 0x000001a873d7fa10, 0x000001a873d833d0,
0x000001a873d84240, 0x000001a873d81220, 0x000001a873d85580, 0x000001a873d82f00,
0x000001a873d80d50, 0x000001a873d7fee0, 0x000001a873d85a50, 0x000001a873d84be0,
0x000001a873d80880, 0x000001a873d85f20, 0x000001a873d863f0, 0x000001a873d868c0,
0x000001a8768076e0, 0x000001a876808a20, 0x000001a87680c8b0, 0x000001a876807bb0,
0x000001a8768063a0, 0x000001a87680b0a0, 0x000001a87680c3e0, 0x000001a87680cd80,
0x000001a876806d40, 0x000001a8768093c0, 0x000001a876809890, 0x000001a87680d250,
0x000001a876807210, 0x000001a87680a230, 0x000001a87680ba40, 0x000001a87680bf10,
0x000001a876808ef0, 0x000001a87680b570, 0x000001a87680d720, 0x000001a87680a700
}

Java Threads: ( => current thread )
  0x000001a8500f1510 JavaThread "main" [_thread_blocked, id=3768, stack(0x0000007ae8500000,0x0000007ae8600000)]
  0x000001a86cb6b020 JavaThread "Reference Handler" daemon [_thread_blocked, id=5844, stack(0x0000007ae8c00000,0x0000007ae8d00000)]
  0x000001a86cb6bca0 JavaThread "Finalizer" daemon [_thread_blocked, id=16944, stack(0x0000007ae8d00000,0x0000007ae8e00000)]
  0x000001a86cb82c90 JavaThread "Signal Dispatcher" daemon [_thread_blocked, id=9580, stack(0x0000007ae8e00000,0x0000007ae8f00000)]
  0x000001a86cb93ad0 JavaThread "Attach Listener" daemon [_thread_blocked, id=9880, stack(0x0000007ae8f00000,0x0000007ae9000000)]
  0x000001a86cb947b0 JavaThread "Service Thread" daemon [_thread_blocked, id=14488, stack(0x0000007ae9000000,0x0000007ae9100000)]
  0x000001a86cb97690 JavaThread "Monitor Deflation Thread" daemon [_thread_blocked, id=15328, stack(0x0000007ae9100000,0x0000007ae9200000)]
  0x000001a86cb98330 JavaThread "C2 CompilerThread0" daemon [_thread_blocked, id=17180, stack(0x0000007ae9200000,0x0000007ae9300000)]
  0x000001a86cb99700 JavaThread "C1 CompilerThread0" daemon [_thread_blocked, id=17308, stack(0x0000007ae9300000,0x0000007ae9400000)]
  0x000001a86cba1910 JavaThread "Sweeper thread" daemon [_thread_blocked, id=16468, stack(0x0000007ae9400000,0x0000007ae9500000)]
  0x000001a86c020b10 JavaThread "Common-Cleaner" daemon [_thread_blocked, id=15072, stack(0x0000007ae9500000,0x0000007ae9600000)]
  0x000001a86cd6e120 JavaThread "C1 CompilerThread1" daemon [_thread_blocked, id=2756, stack(0x0000007ae9600000,0x0000007ae9700000)]
  0x000001a86cd6e630 JavaThread "C1 CompilerThread2" daemon [_thread_blocked, id=16444, stack(0x0000007ae9700000,0x0000007ae9800000)]
  0x000001a86cd8eb00 JavaThread "C1 CompilerThread3" daemon [_thread_blocked, id=2948, stack(0x0000007ae9800000,0x0000007ae9900000)]
  0x000001a86cebe070 JavaThread "Notification Thread" daemon [_thread_blocked, id=17292, stack(0x0000007ae9900000,0x0000007ae9a00000)]
  0x000001a86cef0ca0 JavaThread "C2 CompilerThread1" daemon [_thread_blocked, id=15320, stack(0x0000007ae9b00000,0x0000007ae9c00000)]
  0x000001a87128ae60 JavaThread "C2 CompilerThread2" daemon [_thread_in_native, id=15424, stack(0x0000007ae9c00000,0x0000007ae9d00000)]
  0x000001a87337b4d0 JavaThread "Daemon health stats" [_thread_blocked, id=9756, stack(0x0000007aea200000,0x0000007aea300000)]
  0x000001a871c855c0 JavaThread "Incoming local TCP Connector on port 61640" [_thread_in_native, id=16764, stack(0x0000007aea300000,0x0000007aea400000)]
  0x000001a8733c9630 JavaThread "Daemon periodic checks" [_thread_blocked, id=14972, stack(0x0000007aea400000,0x0000007aea500000)]
  0x000001a872b23390 JavaThread "Daemon" [_thread_blocked, id=9948, stack(0x0000007aea500000,0x0000007aea600000)]
  0x000001a8716c30d0 JavaThread "Handler for socket connection from /127.0.0.1:61640 to /127.0.0.1:61641" [_thread_in_native, id=16232, stack(0x0000007aea600000,0x0000007aea700000)]
  0x000001a87303c850 JavaThread "Cancel handler" [_thread_blocked, id=14724, stack(0x0000007aea700000,0x0000007aea800000)]
  0x000001a87303d9a0 JavaThread "Daemon worker" [_thread_blocked, id=7172, stack(0x0000007aea800000,0x0000007aea900000)]
  0x000001a87300c6e0 JavaThread "Asynchronous log dispatcher for DefaultDaemonConnection: socket connection from /127.0.0.1:61640 to /127.0.0.1:61641" [_thread_blocked, id=2772, stack(0x0000007aea900000,0x0000007aeaa00000)]
  0x000001a87300d080 JavaThread "Stdin handler" [_thread_blocked, id=1700, stack(0x0000007aeaa00000,0x0000007aeab00000)]
  0x000001a87300cbb0 JavaThread "Daemon client event forwarder" [_thread_blocked, id=13916, stack(0x0000007aeab00000,0x0000007aeac00000)]
  0x000001a87300d550 JavaThread "Cache worker for journal cache (C:\Users\HP\.gradle\caches\journal-1)" [_thread_blocked, id=10208, stack(0x0000007ae9d00000,0x0000007ae9e00000)]
  0x000001a87300c210 JavaThread "File lock request listener" [_thread_in_native, id=16656, stack(0x0000007aeb600000,0x0000007aeb700000)]
  0x000001a87300aed0 JavaThread "Cache worker for file hash cache (C:\Users\HP\.gradle\caches\8.2\fileHashes)" [_thread_blocked, id=17300, stack(0x0000007aeb700000,0x0000007aeb800000)]
  0x000001a87300a060 JavaThread "File watcher server" daemon [_thread_in_native, id=15452, stack(0x0000007aeb800000,0x0000007aeb900000)]
  0x000001a87300a530 JavaThread "File watcher consumer" daemon [_thread_blocked, id=15404, stack(0x0000007aeb900000,0x0000007aeba00000)]
  0x000001a87300b870 JavaThread "Cache worker for checksums cache (C:\Users\HP\AndroidStudioProjects\TugasCashierApp\.gradle\8.2\checksums)" [_thread_blocked, id=3408, stack(0x0000007aeba00000,0x0000007aebb00000)]
  0x000001a87300bd40 JavaThread "Cache worker for cache directory md-rule (C:\Users\HP\.gradle\caches\8.2\md-rule)" [_thread_blocked, id=8420, stack(0x0000007aebb00000,0x0000007aebc00000)]
  0x000001a87300aa00 JavaThread "Cache worker for file content cache (C:\Users\HP\.gradle\caches\8.2\fileContent)" [_thread_blocked, id=184, stack(0x0000007aebc00000,0x0000007aebd00000)]
  0x000001a873d82a30 JavaThread "Cache worker for file hash cache (C:\Users\HP\AndroidStudioProjects\TugasCashierApp\.gradle\8.2\fileHashes)" [_thread_blocked, id=15228, stack(0x0000007aebd00000,0x0000007aebe00000)]
  0x000001a873d81bc0 JavaThread "Cache worker for cache directory md-supplier (C:\Users\HP\.gradle\caches\8.2\md-supplier)" [_thread_blocked, id=3640, stack(0x0000007aebe00000,0x0000007aebf00000)]
  0x000001a873d7f070 JavaThread "Cache worker for execution history cache (C:\Users\HP\.gradle\caches\8.2\executionHistory)" [_thread_blocked, id=1956, stack(0x0000007aebf00000,0x0000007aec000000)]
  0x000001a873d7fa10 JavaThread "jar transforms" [_thread_blocked, id=3700, stack(0x0000007aec000000,0x0000007aec100000)]
  0x000001a873d833d0 JavaThread "jar transforms Thread 2" [_thread_blocked, id=1068, stack(0x0000007aec100000,0x0000007aec200000)]
  0x000001a873d84240 JavaThread "Cache worker for kotlin-dsl (C:\Users\HP\.gradle\caches\8.2\kotlin-dsl)" [_thread_blocked, id=5808, stack(0x0000007aec200000,0x0000007aec300000)]
  0x000001a873d81220 JavaThread "jar transforms Thread 3" [_thread_blocked, id=8424, stack(0x0000007aec300000,0x0000007aec400000)]
  0x000001a873d85580 JavaThread "jar transforms Thread 4" [_thread_blocked, id=3396, stack(0x0000007aec400000,0x0000007aec500000)]
  0x000001a873d82f00 JavaThread "jar transforms Thread 5" [_thread_blocked, id=12052, stack(0x0000007aec500000,0x0000007aec600000)]
  0x000001a873d80d50 JavaThread "jar transforms Thread 6" [_thread_blocked, id=2976, stack(0x0000007aec600000,0x0000007aec700000)]
  0x000001a873d7fee0 JavaThread "Cache worker for dependencies-accessors (C:\Users\HP\AndroidStudioProjects\TugasCashierApp\.gradle\8.2\dependencies-accessors)" [_thread_blocked, id=8540, stack(0x0000007aec700000,0x0000007aec800000)]
  0x000001a873d85a50 JavaThread "Cache worker for Build Output Cleanup Cache (C:\Users\HP\AndroidStudioProjects\TugasCashierApp\.gradle\buildOutputCleanup)" [_thread_blocked, id=16808, stack(0x0000007aec800000,0x0000007aec900000)]
  0x000001a873d84be0 JavaThread "jar transforms Thread 7" [_thread_blocked, id=8736, stack(0x0000007aec900000,0x0000007aeca00000)]
  0x000001a873d80880 JavaThread "jar transforms Thread 8" [_thread_blocked, id=8952, stack(0x0000007aeca00000,0x0000007aecb00000)]
  0x000001a873d85f20 JavaThread "Unconstrained build operations" [_thread_blocked, id=15904, stack(0x0000007aecb00000,0x0000007aecc00000)]
  0x000001a873d863f0 JavaThread "Unconstrained build operations Thread 2" [_thread_blocked, id=16824, stack(0x0000007aecc00000,0x0000007aecd00000)]
  0x000001a873d868c0 JavaThread "Unconstrained build operations Thread 3" [_thread_blocked, id=16380, stack(0x0000007aecd00000,0x0000007aece00000)]
  0x000001a8768076e0 JavaThread "Unconstrained build operations Thread 4" [_thread_blocked, id=17084, stack(0x0000007aece00000,0x0000007aecf00000)]
  0x000001a876808a20 JavaThread "Unconstrained build operations Thread 5" [_thread_blocked, id=15356, stack(0x0000007aecf00000,0x0000007aed000000)]
  0x000001a87680c8b0 JavaThread "Unconstrained build operations Thread 6" [_thread_blocked, id=16768, stack(0x0000007aed000000,0x0000007aed100000)]
  0x000001a876807bb0 JavaThread "Unconstrained build operations Thread 7" [_thread_blocked, id=12520, stack(0x0000007aed100000,0x0000007aed200000)]
  0x000001a8768063a0 JavaThread "Unconstrained build operations Thread 8" [_thread_blocked, id=6248, stack(0x0000007aed200000,0x0000007aed300000)]
  0x000001a87680b0a0 JavaThread "Unconstrained build operations Thread 9" [_thread_blocked, id=10900, stack(0x0000007aed300000,0x0000007aed400000)]
  0x000001a87680c3e0 JavaThread "Unconstrained build operations Thread 10" [_thread_blocked, id=14772, stack(0x0000007aed400000,0x0000007aed500000)]
  0x000001a87680cd80 JavaThread "Unconstrained build operations Thread 11" [_thread_blocked, id=452, stack(0x0000007aed500000,0x0000007aed600000)]
  0x000001a876806d40 JavaThread "Unconstrained build operations Thread 12" [_thread_blocked, id=3692, stack(0x0000007aed600000,0x0000007aed700000)]
  0x000001a8768093c0 JavaThread "Unconstrained build operations Thread 13" [_thread_blocked, id=14440, stack(0x0000007aed700000,0x0000007aed800000)]
  0x000001a876809890 JavaThread "Unconstrained build operations Thread 14" [_thread_blocked, id=2720, stack(0x0000007aed800000,0x0000007aed900000)]
  0x000001a87680d250 JavaThread "Unconstrained build operations Thread 15" [_thread_blocked, id=13268, stack(0x0000007aed900000,0x0000007aeda00000)]
  0x000001a876807210 JavaThread "jar transforms Thread 9" [_thread_blocked, id=15056, stack(0x0000007aeda00000,0x0000007aedb00000)]
  0x000001a87680a230 JavaThread "jar transforms Thread 10" [_thread_blocked, id=14496, stack(0x0000007aedb00000,0x0000007aedc00000)]
  0x000001a87680ba40 JavaThread "jar transforms Thread 11" [_thread_blocked, id=10912, stack(0x0000007aedc00000,0x0000007aedd00000)]
  0x000001a87680bf10 JavaThread "jar transforms Thread 12" [_thread_blocked, id=11500, stack(0x0000007aedd00000,0x0000007aede00000)]
  0x000001a876808ef0 JavaThread "jar transforms Thread 13" [_thread_blocked, id=10656, stack(0x0000007aede00000,0x0000007aedf00000)]
  0x000001a87680b570 JavaThread "jar transforms Thread 14" [_thread_blocked, id=11928, stack(0x0000007aedf00000,0x0000007aee000000)]
  0x000001a87680d720 JavaThread "jar transforms Thread 15" [_thread_blocked, id=7616, stack(0x0000007aee000000,0x0000007aee100000)]
  0x000001a87680a700 JavaThread "jar transforms Thread 16" [_thread_blocked, id=9088, stack(0x0000007aee100000,0x0000007aee200000)]

Other Threads:
=>0x000001a86c03db70 VMThread "VM Thread" [stack: 0x0000007ae8b00000,0x0000007ae8c00000] [id=6332]
  0x000001a8500f2290 WatcherThread [stack: 0x0000007ae9a00000,0x0000007ae9b00000] [id=17104]
  0x000001a85014d480 GCTaskThread "GC Thread#0" [stack: 0x0000007ae8600000,0x0000007ae8700000] [id=15460]
  0x000001a872a75ca0 GCTaskThread "GC Thread#1" [stack: 0x0000007ae9e00000,0x0000007ae9f00000] [id=14928]
  0x000001a871563330 GCTaskThread "GC Thread#2" [stack: 0x0000007ae9f00000,0x0000007aea000000] [id=3992]
  0x000001a8715635e0 GCTaskThread "GC Thread#3" [stack: 0x0000007aea000000,0x0000007aea100000] [id=3048]
  0x000001a8721b06c0 GCTaskThread "GC Thread#4" [stack: 0x0000007aea100000,0x0000007aea200000] [id=17000]
  0x000001a8733791e0 GCTaskThread "GC Thread#5" [stack: 0x0000007aeac00000,0x0000007aead00000] [id=16596]
  0x000001a872bb27d0 GCTaskThread "GC Thread#6" [stack: 0x0000007aead00000,0x0000007aeae00000] [id=8156]
  0x000001a872a09b40 GCTaskThread "GC Thread#7" [stack: 0x0000007aeae00000,0x0000007aeaf00000] [id=16584]
  0x000001a8736b17f0 GCTaskThread "GC Thread#8" [stack: 0x0000007aeaf00000,0x0000007aeb000000] [id=10308]
  0x000001a8730e9040 GCTaskThread "GC Thread#9" [stack: 0x0000007aeb000000,0x0000007aeb100000] [id=16240]
  0x000001a8735ada40 GCTaskThread "GC Thread#10" [stack: 0x0000007aeb100000,0x0000007aeb200000] [id=16652]
  0x000001a873593fc0 GCTaskThread "GC Thread#11" [stack: 0x0000007aeb200000,0x0000007aeb300000] [id=9676]
  0x000001a873592fa0 GCTaskThread "GC Thread#12" [stack: 0x0000007aeb300000,0x0000007aeb400000] [id=7272]
  0x000001a85015e2d0 ConcurrentGCThread "G1 Main Marker" [stack: 0x0000007ae8700000,0x0000007ae8800000] [id=12436]
  0x000001a85015ebf0 ConcurrentGCThread "G1 Conc#0" [stack: 0x0000007ae8800000,0x0000007ae8900000] [id=16500]
  0x000001a873593500 ConcurrentGCThread "G1 Conc#1" [stack: 0x0000007aeb400000,0x0000007aeb500000] [id=15564]
  0x000001a873594270 ConcurrentGCThread "G1 Conc#2" [stack: 0x0000007aeb500000,0x0000007aeb600000] [id=10272]
  0x000001a8501ae6e0 ConcurrentGCThread "G1 Refine#0" [stack: 0x0000007ae8900000,0x0000007ae8a00000] [id=15348]
  0x000001a86beea130 ConcurrentGCThread "G1 Service" [stack: 0x0000007ae8a00000,0x0000007ae8b00000] [id=12180]

Threads with active compile tasks:
C2 CompilerThread2     4869 6171       4       org.gradle.internal.reflect.MethodSet::add (50 bytes)

VM state: at safepoint (normal execution)

VM Mutex/Monitor currently owned by a thread:  ([mutex/lock_event])
[0x000001a8500ee200] Threads_lock - owner thread: 0x000001a86c03db70
[0x000001a8500ece50] Heap_lock - owner thread: 0x000001a87303d9a0

Heap address: 0x0000000080000000, size: 2048 MB, Compressed Oops mode: 32-bit

CDS archive(s) not mapped
Compressed class space mapped at: 0x0000000100000000-0x0000000140000000, reserved size: 1073741824
Narrow klass base: 0x0000000000000000, Narrow klass shift: 3, Narrow klass range: 0x140000000

GC Precious Log:
 CPUs: 16 total, 16 available
 Memory: 7859M
 Large Page Support: Disabled
 NUMA Support: Disabled
 Compressed Oops: Enabled (32-bit)
 Heap Region Size: 1M
 Heap Min Capacity: 8M
 Heap Initial Capacity: 124M
 Heap Max Capacity: 2G
 Pre-touch: Disabled
 Parallel Workers: 13
 Concurrent Workers: 3
 Concurrent Refinement Workers: 13
 Periodic GC: Disabled

Heap:
 garbage-first heap   total 86016K, used 49816K [0x0000000080000000, 0x0000000100000000)
  region size 1024K, 2 young (2048K), 2 survivors (2048K)
 Metaspace       used 55996K, committed 56512K, reserved 1114112K
  class space    used 7522K, committed 7744K, reserved 1048576K

Heap Regions: E=young(eden), S=young(survivor), O=old, HS=humongous(starts), HC=humongous(continues), CS=collection set, F=free, OA=open archive, CA=closed archive, TAMS=top-at-mark-start (previous, next)
|   0|0x0000000080000000, 0x0000000080100000, 0x0000000080100000|100%|HS|  |TAMS 0x0000000080100000, 0x0000000080000000| Complete 
|   1|0x0000000080100000, 0x0000000080200000, 0x0000000080200000|100%|HC|  |TAMS 0x0000000080200000, 0x0000000080100000| Complete 
|   2|0x0000000080200000, 0x0000000080300000, 0x0000000080300000|100%|HC|  |TAMS 0x0000000080300000, 0x0000000080200000| Complete 
|   3|0x0000000080300000, 0x0000000080400000, 0x0000000080400000|100%|HC|  |TAMS 0x0000000080400000, 0x0000000080300000| Complete 
|   4|0x0000000080400000, 0x0000000080500000, 0x0000000080500000|100%| O|  |TAMS 0x0000000080500000, 0x0000000080400000| Untracked 
|   5|0x0000000080500000, 0x0000000080600000, 0x0000000080600000|100%| O|  |TAMS 0x0000000080600000, 0x0000000080500000| Untracked 
|   6|0x0000000080600000, 0x0000000080700000, 0x0000000080700000|100%| O|  |TAMS 0x0000000080700000, 0x0000000080600000| Untracked 
|   7|0x0000000080700000, 0x0000000080800000, 0x0000000080800000|100%| O|  |TAMS 0x0000000080800000, 0x0000000080700000| Untracked 
|   8|0x0000000080800000, 0x0000000080900000, 0x0000000080900000|100%| O|  |TAMS 0x0000000080900000, 0x0000000080800000| Untracked 
|   9|0x0000000080900000, 0x0000000080a00000, 0x0000000080a00000|100%| O|  |TAMS 0x0000000080a00000, 0x0000000080900000| Untracked 
|  10|0x0000000080a00000, 0x0000000080ab5800, 0x0000000080b00000| 70%| O|  |TAMS 0x0000000080ab5800, 0x0000000080a00000| Untracked 
|  11|0x0000000080b00000, 0x0000000080c00000, 0x0000000080c00000|100%| O|  |TAMS 0x0000000080c00000, 0x0000000080b00000| Untracked 
|  12|0x0000000080c00000, 0x0000000080d00000, 0x0000000080d00000|100%| O|  |TAMS 0x0000000080d00000, 0x0000000080c00000| Untracked 
|  13|0x0000000080d00000, 0x0000000080e00000, 0x0000000080e00000|100%| O|  |TAMS 0x0000000080e00000, 0x0000000080d00000| Untracked 
|  14|0x0000000080e00000, 0x0000000080f00000, 0x0000000080f00000|100%| O|  |TAMS 0x0000000080f00000, 0x0000000080e00000| Untracked 
|  15|0x0000000080f00000, 0x0000000081000000, 0x0000000081000000|100%| O|  |TAMS 0x0000000081000000, 0x0000000080f00000| Untracked 
|  16|0x0000000081000000, 0x0000000081100000, 0x0000000081100000|100%| O|  |TAMS 0x0000000081100000, 0x0000000081000000| Untracked 
|  17|0x0000000081100000, 0x0000000081200000, 0x0000000081200000|100%| O|  |TAMS 0x0000000081200000, 0x0000000081100000| Untracked 
|  18|0x0000000081200000, 0x0000000081300000, 0x0000000081300000|100%| O|  |TAMS 0x0000000081300000, 0x0000000081200000| Untracked 
|  19|0x0000000081300000, 0x0000000081400000, 0x0000000081400000|100%| O|  |TAMS 0x0000000081400000, 0x0000000081300000| Untracked 
|  20|0x0000000081400000, 0x0000000081500000, 0x0000000081500000|100%| O|  |TAMS 0x0000000081500000, 0x0000000081400000| Untracked 
|  21|0x0000000081500000, 0x0000000081600000, 0x0000000081600000|100%| O|  |TAMS 0x0000000081600000, 0x0000000081500000| Untracked 
|  22|0x0000000081600000, 0x0000000081700000, 0x0000000081700000|100%| O|  |TAMS 0x0000000081700000, 0x0000000081600000| Untracked 
|  23|0x0000000081700000, 0x0000000081800000, 0x0000000081800000|100%| O|  |TAMS 0x0000000081800000, 0x0000000081700000| Untracked 
|  24|0x0000000081800000, 0x0000000081900000, 0x0000000081900000|100%| O|  |TAMS 0x0000000081900000, 0x0000000081800000| Untracked 
|  25|0x0000000081900000, 0x0000000081a00000, 0x0000000081a00000|100%| O|  |TAMS 0x0000000081a00000, 0x0000000081900000| Untracked 
|  26|0x0000000081a00000, 0x0000000081b00000, 0x0000000081b00000|100%| O|  |TAMS 0x0000000081b00000, 0x0000000081a00000| Untracked 
|  27|0x0000000081b00000, 0x0000000081c00000, 0x0000000081c00000|100%| O|  |TAMS 0x0000000081c00000, 0x0000000081b00000| Untracked 
|  28|0x0000000081c00000, 0x0000000081d00000, 0x0000000081d00000|100%| O|  |TAMS 0x0000000081d00000, 0x0000000081c00000| Untracked 
|  29|0x0000000081d00000, 0x0000000081e00000, 0x0000000081e00000|100%| O|  |TAMS 0x0000000081e00000, 0x0000000081d00000| Untracked 
|  30|0x0000000081e00000, 0x0000000081f00000, 0x0000000081f00000|100%| O|  |TAMS 0x0000000081f00000, 0x0000000081e00000| Untracked 
|  31|0x0000000081f00000, 0x0000000082000000, 0x0000000082000000|100%| O|  |TAMS 0x0000000082000000, 0x0000000081f00000| Untracked 
|  32|0x0000000082000000, 0x0000000082100000, 0x0000000082100000|100%| O|  |TAMS 0x0000000082100000, 0x0000000082000000| Complete 
|  33|0x0000000082100000, 0x0000000082200000, 0x0000000082200000|100%| O|  |TAMS 0x0000000082134400, 0x0000000082100000| Untracked 
|  34|0x0000000082200000, 0x0000000082300000, 0x0000000082300000|100%|HS|  |TAMS 0x0000000082300000, 0x0000000082200000| Complete 
|  35|0x0000000082300000, 0x0000000082400000, 0x0000000082400000|100%|HS|  |TAMS 0x0000000082400000, 0x0000000082300000| Complete 
|  36|0x0000000082400000, 0x0000000082500000, 0x0000000082500000|100%|HS|  |TAMS 0x0000000082500000, 0x0000000082400000| Complete 
|  37|0x0000000082500000, 0x0000000082600000, 0x0000000082600000|100%|HS|  |TAMS 0x0000000082500000, 0x0000000082500000| Complete 
|  38|0x0000000082600000, 0x0000000082700000, 0x0000000082700000|100%| O|  |TAMS 0x0000000082600000, 0x0000000082600000| Untracked 
|  39|0x0000000082700000, 0x0000000082800000, 0x0000000082800000|100%| O|  |TAMS 0x0000000082700000, 0x0000000082700000| Untracked 
|  40|0x0000000082800000, 0x0000000082900000, 0x0000000082900000|100%| O|  |TAMS 0x0000000082800000, 0x0000000082800000| Untracked 
|  41|0x0000000082900000, 0x0000000082a00000, 0x0000000082a00000|100%| O|  |TAMS 0x0000000082900000, 0x0000000082900000| Untracked 
|  42|0x0000000082a00000, 0x0000000082b00000, 0x0000000082b00000|100%|HS|  |TAMS 0x0000000082a00000, 0x0000000082a00000| Complete 
|  43|0x0000000082b00000, 0x0000000082c00000, 0x0000000082c00000|100%| O|  |TAMS 0x0000000082b00000, 0x0000000082b00000| Untracked 
|  44|0x0000000082c00000, 0x0000000082d00000, 0x0000000082d00000|100%| O|  |TAMS 0x0000000082c00000, 0x0000000082c00000| Untracked 
|  45|0x0000000082d00000, 0x0000000082e00000, 0x0000000082e00000|100%| O|  |TAMS 0x0000000082d00000, 0x0000000082d00000| Untracked 
|  46|0x0000000082e00000, 0x0000000082f00000, 0x0000000082f00000|100%| O|  |TAMS 0x0000000082e00000, 0x0000000082e00000| Untracked 
|  47|0x0000000082f00000, 0x0000000082f3f800, 0x0000000083000000| 24%| O|  |TAMS 0x0000000082f00000, 0x0000000082f00000| Untracked 
|  48|0x0000000083000000, 0x0000000083000000, 0x0000000083100000|  0%| F|  |TAMS 0x0000000083000000, 0x0000000083000000| Untracked 
|  49|0x0000000083100000, 0x0000000083100000, 0x0000000083200000|  0%| F|  |TAMS 0x0000000083100000, 0x0000000083100000| Untracked 
|  50|0x0000000083200000, 0x0000000083200000, 0x0000000083300000|  0%| F|  |TAMS 0x0000000083200000, 0x0000000083200000| Untracked 
|  51|0x0000000083300000, 0x0000000083300000, 0x0000000083400000|  0%| F|  |TAMS 0x0000000083300000, 0x0000000083300000| Untracked 
|  52|0x0000000083400000, 0x0000000083400000, 0x0000000083500000|  0%| F|  |TAMS 0x0000000083400000, 0x0000000083400000| Untracked 
|  53|0x0000000083500000, 0x0000000083500000, 0x0000000083600000|  0%| F|  |TAMS 0x0000000083500000, 0x0000000083500000| Untracked 
|  54|0x0000000083600000, 0x0000000083600000, 0x0000000083700000|  0%| F|  |TAMS 0x0000000083600000, 0x0000000083600000| Untracked 
|  55|0x0000000083700000, 0x0000000083700000, 0x0000000083800000|  0%| F|  |TAMS 0x0000000083700000, 0x0000000083700000| Untracked 
|  56|0x0000000083800000, 0x0000000083800000, 0x0000000083900000|  0%| F|  |TAMS 0x0000000083800000, 0x0000000083800000| Untracked 
|  57|0x0000000083900000, 0x00000000839b13a0, 0x0000000083a00000| 69%| S|CS|TAMS 0x0000000083900000, 0x0000000083900000| Complete 
|  58|0x0000000083a00000, 0x0000000083b00000, 0x0000000083b00000|100%| S|CS|TAMS 0x0000000083a00000, 0x0000000083a00000| Complete 
|  59|0x0000000083b00000, 0x0000000083b00000, 0x0000000083c00000|  0%| F|  |TAMS 0x0000000083b00000, 0x0000000083b00000| Untracked 
|  60|0x0000000083c00000, 0x0000000083c00000, 0x0000000083d00000|  0%| F|  |TAMS 0x0000000083c00000, 0x0000000083c00000| Untracked 
|  61|0x0000000083d00000, 0x0000000083d00000, 0x0000000083e00000|  0%| F|  |TAMS 0x0000000083d00000, 0x0000000083d00000| Untracked 
|  62|0x0000000083e00000, 0x0000000083e00000, 0x0000000083f00000|  0%| F|  |TAMS 0x0000000083e00000, 0x0000000083e00000| Untracked 
|  63|0x0000000083f00000, 0x0000000083f00000, 0x0000000084000000|  0%| F|  |TAMS 0x0000000083f00000, 0x0000000083f00000| Untracked 
|  64|0x0000000084000000, 0x0000000084000000, 0x0000000084100000|  0%| F|  |TAMS 0x0000000084000000, 0x0000000084000000| Untracked 
|  65|0x0000000084100000, 0x0000000084100000, 0x0000000084200000|  0%| F|  |TAMS 0x0000000084100000, 0x0000000084100000| Untracked 
|  66|0x0000000084200000, 0x0000000084200000, 0x0000000084300000|  0%| F|  |TAMS 0x0000000084200000, 0x0000000084200000| Untracked 
|  67|0x0000000084300000, 0x0000000084300000, 0x0000000084400000|  0%| F|  |TAMS 0x0000000084300000, 0x0000000084300000| Untracked 
|  68|0x0000000084400000, 0x0000000084400000, 0x0000000084500000|  0%| F|  |TAMS 0x0000000084400000, 0x0000000084400000| Untracked 
|  69|0x0000000084500000, 0x0000000084500000, 0x0000000084600000|  0%| F|  |TAMS 0x0000000084500000, 0x0000000084500000| Untracked 
|  70|0x0000000084600000, 0x0000000084600000, 0x0000000084700000|  0%| F|  |TAMS 0x0000000084600000, 0x0000000084600000| Untracked 
|  71|0x0000000084700000, 0x0000000084700000, 0x0000000084800000|  0%| F|  |TAMS 0x0000000084700000, 0x0000000084700000| Untracked 
|  72|0x0000000084800000, 0x0000000084800000, 0x0000000084900000|  0%| F|  |TAMS 0x0000000084800000, 0x0000000084800000| Untracked 
|  73|0x0000000084900000, 0x0000000084900000, 0x0000000084a00000|  0%| F|  |TAMS 0x0000000084900000, 0x0000000084900000| Untracked 
|  74|0x0000000084a00000, 0x0000000084a00000, 0x0000000084b00000|  0%| F|  |TAMS 0x0000000084a00000, 0x0000000084a00000| Untracked 
|  75|0x0000000084b00000, 0x0000000084b00000, 0x0000000084c00000|  0%| F|  |TAMS 0x0000000084b00000, 0x0000000084b00000| Untracked 
|  76|0x0000000084c00000, 0x0000000084c00000, 0x0000000084d00000|  0%| F|  |TAMS 0x0000000084c00000, 0x0000000084c00000| Untracked 
|  77|0x0000000084d00000, 0x0000000084d00000, 0x0000000084e00000|  0%| F|  |TAMS 0x0000000084d00000, 0x0000000084d00000| Untracked 
|  78|0x0000000084e00000, 0x0000000084e00000, 0x0000000084f00000|  0%| F|  |TAMS 0x0000000084e00000, 0x0000000084e00000| Untracked 
|  79|0x0000000084f00000, 0x0000000084f00000, 0x0000000085000000|  0%| F|  |TAMS 0x0000000084f00000, 0x0000000084f00000| Untracked 
|  80|0x0000000085000000, 0x0000000085000000, 0x0000000085100000|  0%| F|  |TAMS 0x0000000085000000, 0x0000000085000000| Untracked 
|  81|0x0000000085100000, 0x0000000085100000, 0x0000000085200000|  0%| F|  |TAMS 0x0000000085100000, 0x0000000085100000| Untracked 
|  82|0x0000000085200000, 0x0000000085200000, 0x0000000085300000|  0%| F|  |TAMS 0x0000000085200000, 0x0000000085200000| Untracked 
| 123|0x0000000087b00000, 0x0000000087b00000, 0x0000000087c00000|  0%| F|  |TAMS 0x0000000087b00000, 0x0000000087b00000| Untracked 

Card table byte_map: [0x000001a865170000,0x000001a865570000] _byte_map_base: 0x000001a864d70000

Marking Bits (Prev, Next): (CMBitMap*) 0x000001a85014d9e0, (CMBitMap*) 0x000001a85014d9a0
 Prev Bits: [0x000001a867970000, 0x000001a869970000)
 Next Bits: [0x000001a865970000, 0x000001a867970000)

Polling page: 0x000001a8501b0000

Metaspace:

Usage:
  Non-class:     47.34 MB used.
      Class:      7.35 MB used.
       Both:     54.68 MB used.

Virtual space:
  Non-class space:       64.00 MB reserved,      47.62 MB ( 74%) committed,  1 nodes.
      Class space:        1.00 GB reserved,       7.56 MB ( <1%) committed,  1 nodes.
             Both:        1.06 GB reserved,      55.19 MB (  5%) committed. 

Chunk freelists:
   Non-Class:  432.00 KB
       Class:  8.40 MB
        Both:  8.82 MB

MaxMetaspaceSize: unlimited
CompressedClassSpaceSize: 1.00 GB
Initial GC threshold: 21.00 MB
Current GC threshold: 89.50 MB
CDS: off
MetaspaceReclaimPolicy: balanced
 - commit_granule_bytes: 65536.
 - commit_granule_words: 8192.
 - virtual_space_node_default_size: 8388608.
 - enlarge_chunks_in_place: 1.
 - new_chunks_are_fully_committed: 0.
 - uncommit_free_chunks: 1.
 - use_allocation_guard: 0.
 - handle_deallocations: 1.


Internal statistics:

num_allocs_failed_limit: 6.
num_arena_births: 620.
num_arena_deaths: 0.
num_vsnodes_births: 2.
num_vsnodes_deaths: 0.
num_space_committed: 883.
num_space_uncommitted: 0.
num_chunks_returned_to_freelist: 6.
num_chunks_taken_from_freelist: 2411.
num_chunk_merges: 6.
num_chunk_splits: 1634.
num_chunks_enlarged: 1131.
num_inconsistent_stats: 0.

CodeHeap 'non-profiled nmethods': size=119168Kb used=2699Kb max_used=3278Kb free=116468Kb
 bounds [0x000001a85c930000, 0x000001a85cc70000, 0x000001a863d90000]
CodeHeap 'profiled nmethods': size=119104Kb used=9999Kb max_used=10937Kb free=109104Kb
 bounds [0x000001a854d90000, 0x000001a855840000, 0x000001a85c1e0000]
CodeHeap 'non-nmethods': size=7488Kb used=4007Kb max_used=4082Kb free=3480Kb
 bounds [0x000001a85c1e0000, 0x000001a85c5f0000, 0x000001a85c930000]
 total_blobs=6217 nmethods=5383 adapters=743
 compilation: enabled
              stopped_count=0, restarted_count=0
 full_count=0

Compilation events (20 events):
Event: 4.830 Thread 0x000001a86cd6e630 nmethod 6167 0x000001a85ca21690 code [0x000001a85ca21820, 0x000001a85ca218f8]
Event: 4.835 Thread 0x000001a86cd8eb00 6170       1       com.google.common.collect.ImmutableCollection::internalArray (2 bytes)
Event: 4.835 Thread 0x000001a86cd8eb00 nmethod 6170 0x000001a85ca21110 code [0x000001a85ca212a0, 0x000001a85ca21378]
Event: 4.835 Thread 0x000001a87128ae60 6171       4       org.gradle.internal.reflect.MethodSet::add (50 bytes)
Event: 4.836 Thread 0x000001a86cb99700 6172       3       com.google.common.collect.RegularImmutableMap::fromEntries (8 bytes)
Event: 4.836 Thread 0x000001a86cb99700 nmethod 6172 0x000001a8550c6c10 code [0x000001a8550c6de0, 0x000001a8550c7108]
Event: 4.837 Thread 0x000001a86cd8eb00 6173       3       sun.reflect.generics.tree.BottomSignature::make (4 bytes)
Event: 4.837 Thread 0x000001a86cd8eb00 nmethod 6173 0x000001a85509a410 code [0x000001a85509a5a0, 0x000001a85509a698]
Event: 4.837 Thread 0x000001a86cb99700 6174       3       sun.reflect.generics.reflectiveObjects.LazyReflectiveObjectGenerator::<init> (10 bytes)
Event: 4.837 Thread 0x000001a86cb99700 nmethod 6174 0x000001a85506b510 code [0x000001a85506b6a0, 0x000001a85506b858]
Event: 4.839 Thread 0x000001a86cd6e120 6175   !   3       java.lang.reflect.Field::declaredAnnotations (82 bytes)
Event: 4.839 Thread 0x000001a86cb98330 6176       4       org.objectweb.asm.MethodWriter::visitVarInsn (302 bytes)
Event: 4.840 Thread 0x000001a86cd6e120 nmethod 6175 0x000001a854f47990 code [0x000001a854f47b80, 0x000001a854f48088]
Event: 4.841 Thread 0x000001a86cd8eb00 6181       3       com.google.common.collect.ImmutableList::builder (8 bytes)
Event: 4.841 Thread 0x000001a86cd8eb00 nmethod 6181 0x000001a855026c10 code [0x000001a855026dc0, 0x000001a855027178]
Event: 4.843 Thread 0x000001a86cb98330 nmethod 6176 0x000001a85c9a9590 code [0x000001a85c9a9740, 0x000001a85c9a9c48]
Event: 4.845 Thread 0x000001a86cb98330 6182       4       org.objectweb.asm.ByteVector::putUTF8 (144 bytes)
Event: 4.846 Thread 0x000001a86cd6e120 6183       3       org.gradle.model.internal.asm.MethodVisitorScope::_GOTO (9 bytes)
Event: 4.846 Thread 0x000001a86cd6e120 nmethod 6183 0x000001a855026710 code [0x000001a8550268c0, 0x000001a855026b28]
Event: 4.848 Thread 0x000001a86cb98330 nmethod 6182 0x000001a85ca13b90 code [0x000001a85ca13d40, 0x000001a85ca14108]

GC Heap History (20 events):
Event: 1.986 GC heap after
{Heap after GC invocations=5 (full 0):
 garbage-first heap   total 71680K, used 21027K [0x0000000080000000, 0x0000000100000000)
  region size 1024K, 3 young (3072K), 3 survivors (3072K)
 Metaspace       used 26070K, committed 26368K, reserved 1114112K
  class space    used 3394K, committed 3520K, reserved 1048576K
}
Event: 2.270 GC heap before
{Heap before GC invocations=5 (full 0):
 garbage-first heap   total 71680K, used 49699K [0x0000000080000000, 0x0000000100000000)
  region size 1024K, 31 young (31744K), 3 survivors (3072K)
 Metaspace       used 30084K, committed 30400K, reserved 1114112K
  class space    used 4047K, committed 4160K, reserved 1048576K
}
Event: 2.273 GC heap after
{Heap after GC invocations=6 (full 0):
 garbage-first heap   total 71680K, used 22324K [0x0000000080000000, 0x0000000100000000)
  region size 1024K, 4 young (4096K), 4 survivors (4096K)
 Metaspace       used 30084K, committed 30400K, reserved 1114112K
  class space    used 4047K, committed 4160K, reserved 1048576K
}
Event: 2.624 GC heap before
{Heap before GC invocations=6 (full 0):
 garbage-first heap   total 71680K, used 52020K [0x0000000080000000, 0x0000000100000000)
  region size 1024K, 33 young (33792K), 4 survivors (4096K)
 Metaspace       used 34325K, committed 34624K, reserved 1114112K
  class space    used 4702K, committed 4800K, reserved 1048576K
}
Event: 2.627 GC heap after
{Heap after GC invocations=7 (full 0):
 garbage-first heap   total 71680K, used 23851K [0x0000000080000000, 0x0000000100000000)
  region size 1024K, 3 young (3072K), 3 survivors (3072K)
 Metaspace       used 34325K, committed 34624K, reserved 1114112K
  class space    used 4702K, committed 4800K, reserved 1048576K
}
Event: 2.691 GC heap before
{Heap before GC invocations=7 (full 0):
 garbage-first heap   total 71680K, used 31019K [0x0000000080000000, 0x0000000100000000)
  region size 1024K, 11 young (11264K), 3 survivors (3072K)
 Metaspace       used 35617K, committed 35968K, reserved 1114112K
  class space    used 4916K, committed 5120K, reserved 1048576K
}
Event: 2.694 GC heap after
{Heap after GC invocations=8 (full 0):
 garbage-first heap   total 71680K, used 24658K [0x0000000080000000, 0x0000000100000000)
  region size 1024K, 3 young (3072K), 3 survivors (3072K)
 Metaspace       used 35617K, committed 35968K, reserved 1114112K
  class space    used 4916K, committed 5120K, reserved 1048576K
}
Event: 3.001 GC heap before
{Heap before GC invocations=9 (full 0):
 garbage-first heap   total 71680K, used 52306K [0x0000000080000000, 0x0000000100000000)
  region size 1024K, 31 young (31744K), 3 survivors (3072K)
 Metaspace       used 41203K, committed 41600K, reserved 1114112K
  class space    used 5472K, committed 5632K, reserved 1048576K
}
Event: 3.004 GC heap after
{Heap after GC invocations=10 (full 0):
 garbage-first heap   total 86016K, used 28127K [0x0000000080000000, 0x0000000100000000)
  region size 1024K, 4 young (4096K), 4 survivors (4096K)
 Metaspace       used 41203K, committed 41600K, reserved 1114112K
  class space    used 5472K, committed 5632K, reserved 1048576K
}
Event: 3.317 GC heap before
{Heap before GC invocations=10 (full 0):
 garbage-first heap   total 86016K, used 69087K [0x0000000080000000, 0x0000000100000000)
  region size 1024K, 40 young (40960K), 4 survivors (4096K)
 Metaspace       used 44107K, committed 44480K, reserved 1114112K
  class space    used 5802K, committed 5952K, reserved 1048576K
}
Event: 3.323 GC heap after
{Heap after GC invocations=11 (full 0):
 garbage-first heap   total 86016K, used 31088K [0x0000000080000000, 0x0000000100000000)
  region size 1024K, 5 young (5120K), 5 survivors (5120K)
 Metaspace       used 44107K, committed 44480K, reserved 1114112K
  class space    used 5802K, committed 5952K, reserved 1048576K
}
Event: 3.685 GC heap before
{Heap before GC invocations=11 (full 0):
 garbage-first heap   total 86016K, used 66928K [0x0000000080000000, 0x0000000100000000)
  region size 1024K, 39 young (39936K), 5 survivors (5120K)
 Metaspace       used 48130K, committed 48640K, reserved 1114112K
  class space    used 6367K, committed 6592K, reserved 1048576K
}
Event: 3.689 GC heap after
{Heap after GC invocations=12 (full 0):
 garbage-first heap   total 86016K, used 33896K [0x0000000080000000, 0x0000000100000000)
  region size 1024K, 3 young (3072K), 3 survivors (3072K)
 Metaspace       used 48130K, committed 48640K, reserved 1114112K
  class space    used 6367K, committed 6592K, reserved 1048576K
}
Event: 4.053 GC heap before
{Heap before GC invocations=12 (full 0):
 garbage-first heap   total 86016K, used 65640K [0x0000000080000000, 0x0000000100000000)
  region size 1024K, 34 young (34816K), 3 survivors (3072K)
 Metaspace       used 51972K, committed 52480K, reserved 1114112K
  class space    used 7000K, committed 7232K, reserved 1048576K
}
Event: 4.056 GC heap after
{Heap after GC invocations=13 (full 0):
 garbage-first heap   total 86016K, used 34930K [0x0000000080000000, 0x0000000100000000)
  region size 1024K, 4 young (4096K), 4 survivors (4096K)
 Metaspace       used 51972K, committed 52480K, reserved 1114112K
  class space    used 7000K, committed 7232K, reserved 1048576K
}
Event: 4.534 GC heap before
{Heap before GC invocations=13 (full 0):
 garbage-first heap   total 86016K, used 66674K [0x0000000080000000, 0x0000000100000000)
  region size 1024K, 36 young (36864K), 4 survivors (4096K)
 Metaspace       used 54242K, committed 54720K, reserved 1114112K
  class space    used 7291K, committed 7488K, reserved 1048576K
}
Event: 4.538 GC heap after
{Heap after GC invocations=14 (full 0):
 garbage-first heap   total 86016K, used 38149K [0x0000000080000000, 0x0000000100000000)
  region size 1024K, 5 young (5120K), 5 survivors (5120K)
 Metaspace       used 54242K, committed 54720K, reserved 1114112K
  class space    used 7291K, committed 7488K, reserved 1048576K
}
Event: 4.667 GC heap before
{Heap before GC invocations=14 (full 0):
 garbage-first heap   total 86016K, used 52485K [0x0000000080000000, 0x0000000100000000)
  region size 1024K, 17 young (17408K), 5 survivors (5120K)
 Metaspace       used 54427K, committed 54912K, reserved 1114112K
  class space    used 7303K, committed 7552K, reserved 1048576K
}
Event: 4.670 GC heap after
{Heap after GC invocations=15 (full 0):
 garbage-first heap   total 86016K, used 46490K [0x0000000080000000, 0x0000000100000000)
  region size 1024K, 5 young (5120K), 5 survivors (5120K)
 Metaspace       used 54427K, committed 54912K, reserved 1114112K
  class space    used 7303K, committed 7552K, reserved 1048576K
}
Event: 4.852 GC heap before
{Heap before GC invocations=16 (full 0):
 garbage-first heap   total 86016K, used 67994K [0x0000000080000000, 0x0000000100000000)
  region size 1024K, 25 young (25600K), 5 survivors (5120K)
 Metaspace       used 55996K, committed 56512K, reserved 1114112K
  class space    used 7522K, committed 7744K, reserved 1048576K
}

Dll operation events (3 events):
Event: 0.008 Loaded shared library C:\Program Files\Android\Android Studio\jbr\bin\java.dll
Event: 0.098 Loaded shared library C:\Program Files\Android\Android Studio\jbr\bin\zip.dll
Event: 0.339 Loaded shared library C:\Program Files\Android\Android Studio\jbr\bin\verify.dll

Deoptimization events (20 events):
Event: 4.548 Thread 0x000001a87303d9a0 DEOPT PACKING pc=0x000001a8556f15d1 sp=0x0000007aea8f87d0
Event: 4.548 Thread 0x000001a87303d9a0 DEOPT UNPACKING pc=0x000001a85c237143 sp=0x0000007aea8f7cc8 mode 0
Event: 4.552 Thread 0x000001a87303d9a0 DEOPT PACKING pc=0x000001a8556f15d1 sp=0x0000007aea8f87d0
Event: 4.552 Thread 0x000001a87303d9a0 DEOPT UNPACKING pc=0x000001a85c237143 sp=0x0000007aea8f7cc8 mode 0
Event: 4.556 Thread 0x000001a87303d9a0 DEOPT PACKING pc=0x000001a8556f15d1 sp=0x0000007aea8f8db0
Event: 4.556 Thread 0x000001a87303d9a0 DEOPT UNPACKING pc=0x000001a85c237143 sp=0x0000007aea8f82a8 mode 0
Event: 4.556 Thread 0x000001a87303d9a0 DEOPT PACKING pc=0x000001a8556f15d1 sp=0x0000007aea8f8db0
Event: 4.556 Thread 0x000001a87303d9a0 DEOPT UNPACKING pc=0x000001a85c237143 sp=0x0000007aea8f82a8 mode 0
Event: 4.557 Thread 0x000001a87303d9a0 DEOPT PACKING pc=0x000001a8556f15d1 sp=0x0000007aea8f8db0
Event: 4.557 Thread 0x000001a87303d9a0 DEOPT UNPACKING pc=0x000001a85c237143 sp=0x0000007aea8f82a8 mode 0
Event: 4.577 Thread 0x000001a87303d9a0 Uncommon trap: trap_request=0xfffffff4 fr.pc=0x000001a85cc34d04 relative=0x00000000000006a4
Event: 4.577 Thread 0x000001a87303d9a0 Uncommon trap: reason=null_check action=make_not_entrant pc=0x000001a85cc34d04 method=org.gradle.util.internal.SimpleMapInterner.intern(Ljava/lang/Object;)Ljava/lang/Object; @ 2 c2
Event: 4.577 Thread 0x000001a87303d9a0 DEOPT PACKING pc=0x000001a85cc34d04 sp=0x0000007aea8f9160
Event: 4.578 Thread 0x000001a87303d9a0 DEOPT UNPACKING pc=0x000001a85c2369a3 sp=0x0000007aea8f9128 mode 2
Event: 4.583 Thread 0x000001a87303d9a0 Uncommon trap: trap_request=0xffffff45 fr.pc=0x000001a85cad32dc relative=0x00000000000017fc
Event: 4.583 Thread 0x000001a87303d9a0 Uncommon trap: reason=unstable_if action=reinterpret pc=0x000001a85cad32dc method=java.util.zip.ZipFile.getInputStream(Ljava/util/zip/ZipEntry;)Ljava/io/InputStream; @ 101 c2
Event: 4.583 Thread 0x000001a87303d9a0 DEOPT PACKING pc=0x000001a85cad32dc sp=0x0000007aea8f7fd0
Event: 4.583 Thread 0x000001a87303d9a0 DEOPT UNPACKING pc=0x000001a85c2369a3 sp=0x0000007aea8f7f88 mode 2
Event: 4.585 Thread 0x000001a87303d9a0 DEOPT PACKING pc=0x000001a854e80c3d sp=0x0000007aea8f7d80
Event: 4.585 Thread 0x000001a87303d9a0 DEOPT UNPACKING pc=0x000001a85c237143 sp=0x0000007aea8f7218 mode 0

Classes unloaded (0 events):
No events

Classes redefined (0 events):
No events

Internal exceptions (20 events):
Event: 4.133 Thread 0x000001a87303d9a0 Exception <a 'java/lang/NoSuchMethodError'{0x0000000084d50fd8}: 'int java.lang.invoke.DirectMethodHandle$Holder.invokeStaticInit(java.lang.Object)'> (0x0000000084d50fd8) 
thrown [s\src\hotspot\share\interpreter\linkResolver.cpp, line 771]
Event: 4.141 Thread 0x000001a87303d9a0 Exception <a 'java/lang/NoSuchMethodError'{0x0000000084de1160}: 'java.lang.Object java.lang.invoke.DirectMethodHandle$Holder.newInvokeSpecial(java.lang.Object, java.lang.Object, java.lang.Object, java.lang.Object, java.lang.Object, int)'> (0x0000000084de1160) 
thrown [s\src\hotspot\share\interpreter\linkResolver.cpp, line 771]
Event: 4.142 Thread 0x000001a87303d9a0 Exception <a 'java/lang/NoSuchMethodError'{0x0000000084de67b8}: 'java.lang.Object java.lang.invoke.DirectMethodHandle$Holder.invokeSpecial(java.lang.Object, java.lang.Object, java.lang.Object, java.lang.Object, java.lang.Object, java.lang.Object, int)'> (0x0000000084de67b8) 
thrown [s\src\hotspot\share\interpreter\linkResolver.cpp, line 771]
Event: 4.157 Thread 0x000001a87303d9a0 Exception <a 'java/lang/NoSuchMethodError'{0x0000000084ccc990}: 'void java.lang.invoke.DirectMethodHandle$Holder.invokeStatic(java.lang.Object, java.lang.Object, java.lang.Object, int, java.lang.Object)'> (0x0000000084ccc990) 
thrown [s\src\hotspot\share\interpreter\linkResolver.cpp, line 771]
Event: 4.515 Thread 0x000001a87303d9a0 Exception <a 'java/lang/NoSuchMethodError'{0x000000008355d220}: 'long java.lang.invoke.DirectMethodHandle$Holder.invokeVirtual(java.lang.Object, java.lang.Object)'> (0x000000008355d220) 
thrown [s\src\hotspot\share\interpreter\linkResolver.cpp, line 771]
Event: 4.519 Thread 0x000001a87300cbb0 Exception <a 'java/lang/NoSuchMethodError'{0x00000000835893f8}: static Lorg/gradle/internal/build/event/types/DefaultOperationFinishedProgressEvent;.<clinit>()V> (0x00000000835893f8) 
thrown [s\src\hotspot\share\prims\jni.cpp, line 1108]
Event: 4.523 Thread 0x000001a87300cbb0 Exception <a 'java/lang/NoSuchMethodError'{0x0000000083117098}: static Lorg/gradle/internal/build/event/types/DefaultProjectConfigurationSuccessResult;.<clinit>()V> (0x0000000083117098) 
thrown [s\src\hotspot\share\prims\jni.cpp, line 1108]
Event: 4.523 Thread 0x000001a87300cbb0 Exception <a 'java/lang/NoSuchMethodError'{0x00000000831183d8}: static Lorg/gradle/internal/build/event/types/AbstractProjectConfigurationResult;.<clinit>()V> (0x00000000831183d8) 
thrown [s\src\hotspot\share\prims\jni.cpp, line 1108]
Event: 4.523 Thread 0x000001a87300cbb0 Exception <a 'java/lang/NoSuchMethodError'{0x0000000083119688}: static Lorg/gradle/internal/build/event/types/AbstractOperationResult;.<clinit>()V> (0x0000000083119688) 
thrown [s\src\hotspot\share\prims\jni.cpp, line 1108]
Event: 4.523 Thread 0x000001a87300cbb0 Exception <a 'java/lang/NoSuchMethodError'{0x000000008311a8c8}: static Lorg/gradle/internal/build/event/types/AbstractResult;.<clinit>()V> (0x000000008311a8c8) 
thrown [s\src\hotspot\share\prims\jni.cpp, line 1108]
Event: 4.526 Thread 0x000001a87300cbb0 Exception <a 'java/lang/NoSuchMethodError'{0x0000000083130500}: static Lorg/gradle/internal/build/event/types/DefaultPluginApplicationResult;.<clinit>()V> (0x0000000083130500) 
thrown [s\src\hotspot\share\prims\jni.cpp, line 1108]
Event: 4.527 Thread 0x000001a87300cbb0 Exception <a 'java/lang/NoSuchMethodError'{0x000000008314b858}: static Lorg/gradle/internal/build/event/types/DefaultBinaryPluginIdentifier;.<clinit>()V> (0x000000008314b858) 
thrown [s\src\hotspot\share\prims\jni.cpp, line 1108]
Event: 4.531 Thread 0x000001a87300cbb0 Exception <a 'java/lang/NoSuchMethodError'{0x00000000831af2e8}: static Lorg/gradle/internal/build/event/types/DefaultScriptPluginIdentifier;.<clinit>()V> (0x00000000831af2e8) 
thrown [s\src\hotspot\share\prims\jni.cpp, line 1108]
Event: 4.577 Thread 0x000001a87303d9a0 Implicit null exception at 0x000001a85cc34692 to 0x000001a85cc34cf4
Event: 4.663 Thread 0x000001a87303d9a0 Exception <a 'java/lang/ClassNotFoundException'{0x00000000849eda60}: sun/misc/SharedSecrets> (0x00000000849eda60) 
thrown [s\src\hotspot\share\classfile\systemDictionary.cpp, line 256]
Event: 4.663 Thread 0x000001a87303d9a0 Exception <a 'java/lang/ClassNotFoundException'{0x00000000849ef038}: org/gradle/api/internal/plugins/DefaultObjectConfigurationActionBeanInfo> (0x00000000849ef038) 
thrown [s\src\hotspot\share\classfile\systemDictionary.cpp, line 256]
Event: 4.664 Thread 0x000001a87303d9a0 Exception <a 'java/lang/ClassNotFoundException'{0x00000000848041e8}: org/gradle/api/internal/plugins/DefaultObjectConfigurationActionCustomizer> (0x00000000848041e8) 
thrown [s\src\hotspot\share\classfile\systemDictionary.cpp, line 256]
Event: 4.840 Thread 0x000001a87303d9a0 Exception <a 'java/lang/NoSuchMethodError'{0x0000000083b6eb50}: 'java.lang.Object java.lang.invoke.DirectMethodHandle$Holder.newInvokeSpecial(java.lang.Object, java.lang.Object, java.lang.Object, java.lang.Object, int)'> (0x0000000083b6eb50) 
thrown [s\src\hotspot\share\interpreter\linkResolver.cpp, line 771]
Event: 4.840 Thread 0x000001a87303d9a0 Exception <a 'java/lang/NoSuchMethodError'{0x0000000083b73f98}: 'java.lang.Object java.lang.invoke.DirectMethodHandle$Holder.invokeSpecial(java.lang.Object, java.lang.Object, java.lang.Object, java.lang.Object, java.lang.Object, int)'> (0x0000000083b73f98) 
thrown [s\src\hotspot\share\interpreter\linkResolver.cpp, line 771]
Event: 4.840 Thread 0x000001a87303d9a0 Exception <a 'java/lang/NoSuchMethodError'{0x0000000083b78d18}: 'java.lang.Object java.lang.invoke.Invokers$Holder.linkToTargetMethod(java.lang.Object, java.lang.Object, java.lang.Object, int, java.lang.Object)'> (0x0000000083b78d18) 
thrown [s\src\hotspot\share\interpreter\linkResolver.cpp, line 771]

VM Operations (20 events):
Event: 4.352 Executing VM operation: HandshakeAllThreads done
Event: 4.376 Executing VM operation: ICBufferFull
Event: 4.376 Executing VM operation: ICBufferFull done
Event: 4.408 Executing VM operation: HandshakeAllThreads
Event: 4.411 Executing VM operation: HandshakeAllThreads done
Event: 4.429 Executing VM operation: HandshakeAllThreads
Event: 4.429 Executing VM operation: HandshakeAllThreads done
Event: 4.449 Executing VM operation: HandshakeAllThreads
Event: 4.449 Executing VM operation: HandshakeAllThreads done
Event: 4.451 Executing VM operation: ICBufferFull
Event: 4.452 Executing VM operation: ICBufferFull done
Event: 4.534 Executing VM operation: G1CollectForAllocation
Event: 4.538 Executing VM operation: G1CollectForAllocation done
Event: 4.666 Executing VM operation: G1TryInitiateConcMark
Event: 4.671 Executing VM operation: G1TryInitiateConcMark done
Event: 4.680 Executing VM operation: G1Concurrent
Event: 4.687 Executing VM operation: G1Concurrent done
Event: 4.693 Executing VM operation: G1Concurrent
Event: 4.694 Executing VM operation: G1Concurrent done
Event: 4.852 Executing VM operation: G1CollectForAllocation

Events (20 events):
Event: 4.483 Thread 0x000001a876808ef0 Thread added: 0x000001a876808ef0
Event: 4.483 Thread 0x000001a87680b570 Thread added: 0x000001a87680b570
Event: 4.483 Thread 0x000001a87680d720 Thread added: 0x000001a87680d720
Event: 4.483 Thread 0x000001a87680a700 Thread added: 0x000001a87680a700
Event: 4.516 loading class java/util/stream/SortedOps
Event: 4.516 loading class java/util/stream/SortedOps done
Event: 4.516 loading class java/util/stream/SortedOps$OfRef
Event: 4.516 loading class java/util/stream/ReferencePipeline$StatefulOp
Event: 4.516 loading class java/util/stream/ReferencePipeline$StatefulOp done
Event: 4.516 loading class java/util/stream/SortedOps$OfRef done
Event: 4.517 loading class java/util/stream/SortedOps$RefSortingSink
Event: 4.517 loading class java/util/stream/SortedOps$AbstractRefSortingSink
Event: 4.517 loading class java/util/stream/SortedOps$AbstractRefSortingSink done
Event: 4.517 loading class java/util/stream/SortedOps$RefSortingSink done
Event: 4.528 loading class java/time/Ser
Event: 4.529 loading class java/time/Ser done
Event: 4.663 loading class sun/misc/SharedSecrets
Event: 4.663 loading class sun/misc/SharedSecrets done
Event: 4.664 loading class jdk/internal/reflect/UnsafeObjectFieldAccessorImpl
Event: 4.664 loading class jdk/internal/reflect/UnsafeObjectFieldAccessorImpl done


Dynamic libraries:
0x00007ff6289c0000 - 0x00007ff6289ca000 	C:\Program Files\Android\Android Studio\jbr\bin\java.exe
0x00007ff860530000 - 0x00007ff860747000 	C:\windows\SYSTEM32\ntdll.dll
0x00007ff85e280000 - 0x00007ff85e344000 	C:\windows\System32\KERNEL32.DLL
0x00007ff85daf0000 - 0x00007ff85de96000 	C:\windows\System32\KERNELBASE.dll
0x00007ff85e080000 - 0x00007ff85e191000 	C:\windows\System32\ucrtbase.dll
0x00007ff8390b0000 - 0x00007ff8390c7000 	C:\Program Files\Android\Android Studio\jbr\bin\jli.dll
0x00007ff8361c0000 - 0x00007ff8361db000 	C:\Program Files\Android\Android Studio\jbr\bin\VCRUNTIME140.dll
0x00007ff85f170000 - 0x00007ff85f31e000 	C:\windows\System32\USER32.dll
0x00007ff85e250000 - 0x00007ff85e276000 	C:\windows\System32\win32u.dll
0x00007ff85f140000 - 0x00007ff85f169000 	C:\windows\System32\GDI32.dll
0x00007ff85d910000 - 0x00007ff85da28000 	C:\windows\System32\gdi32full.dll
0x00007ff83aab0000 - 0x00007ff83ad43000 	C:\windows\WinSxS\amd64_microsoft.windows.common-controls_6595b64144ccf1df_6.0.22621.2506_none_270c5ae97388e100\COMCTL32.dll
0x00007ff85d870000 - 0x00007ff85d90a000 	C:\windows\System32\msvcp_win.dll
0x00007ff860440000 - 0x00007ff8604e7000 	C:\windows\System32\msvcrt.dll
0x00007ff8600d0000 - 0x00007ff860101000 	C:\windows\System32\IMM32.DLL
0x00007ff845ae0000 - 0x00007ff845aec000 	C:\Program Files\Android\Android Studio\jbr\bin\vcruntime140_1.dll
0x00007ff81a450000 - 0x00007ff81a4dd000 	C:\Program Files\Android\Android Studio\jbr\bin\msvcp140.dll
0x00007ffff6bc0000 - 0x00007ffff7840000 	C:\Program Files\Android\Android Studio\jbr\bin\server\jvm.dll
0x00007ff85ec70000 - 0x00007ff85ed23000 	C:\windows\System32\ADVAPI32.dll
0x00007ff85e520000 - 0x00007ff85e5c8000 	C:\windows\System32\sechost.dll
0x00007ff85e1a0000 - 0x00007ff85e1c8000 	C:\windows\System32\bcrypt.dll
0x00007ff85e400000 - 0x00007ff85e517000 	C:\windows\System32\RPCRT4.dll
0x00007ff82c990000 - 0x00007ff82c999000 	C:\windows\SYSTEM32\WSOCK32.dll
0x00007ff854130000 - 0x00007ff85413a000 	C:\windows\SYSTEM32\VERSION.dll
0x00007ff854910000 - 0x00007ff854944000 	C:\windows\SYSTEM32\WINMM.dll
0x00007ff8602e0000 - 0x00007ff860351000 	C:\windows\System32\WS2_32.dll
0x00007ff85c9a0000 - 0x00007ff85c9b8000 	C:\windows\SYSTEM32\kernel.appcore.dll
0x00007ff858820000 - 0x00007ff85882a000 	C:\Program Files\Android\Android Studio\jbr\bin\jimage.dll
0x00007ff85b230000 - 0x00007ff85b463000 	C:\windows\SYSTEM32\DBGHELP.DLL
0x00007ff85edb0000 - 0x00007ff85f139000 	C:\windows\System32\combase.dll
0x00007ff860360000 - 0x00007ff860437000 	C:\windows\System32\OLEAUT32.dll
0x00007ff853fc0000 - 0x00007ff853ff2000 	C:\windows\SYSTEM32\dbgcore.DLL
0x00007ff85e1d0000 - 0x00007ff85e24a000 	C:\windows\System32\bcryptPrimitives.dll
0x00007ff845ff0000 - 0x00007ff845ffe000 	C:\Program Files\Android\Android Studio\jbr\bin\instrument.dll
0x00007ff846000000 - 0x00007ff846025000 	C:\Program Files\Android\Android Studio\jbr\bin\java.dll
0x00007ff845ea0000 - 0x00007ff845eb8000 	C:\Program Files\Android\Android Studio\jbr\bin\zip.dll
0x00007ff85f7d0000 - 0x00007ff86002b000 	C:\windows\System32\SHELL32.dll
0x00007ff85b780000 - 0x00007ff85c076000 	C:\windows\SYSTEM32\windows.storage.dll
0x00007ff85b640000 - 0x00007ff85b77e000 	C:\windows\SYSTEM32\wintypes.dll
0x00007ff85e5d0000 - 0x00007ff85e6c3000 	C:\windows\System32\SHCORE.dll
0x00007ff85e890000 - 0x00007ff85e8ee000 	C:\windows\System32\shlwapi.dll
0x00007ff85d7a0000 - 0x00007ff85d7c6000 	C:\windows\SYSTEM32\profapi.dll
0x00007ff845cb0000 - 0x00007ff845cc9000 	C:\Program Files\Android\Android Studio\jbr\bin\net.dll
0x00007ff857c60000 - 0x00007ff857d97000 	C:\windows\SYSTEM32\WINHTTP.dll
0x00007ff85ce20000 - 0x00007ff85ce89000 	C:\windows\system32\mswsock.dll
0x00007ff839a70000 - 0x00007ff839a86000 	C:\Program Files\Android\Android Studio\jbr\bin\nio.dll
0x00007ff84dca0000 - 0x00007ff84dcb0000 	C:\Program Files\Android\Android Studio\jbr\bin\verify.dll
0x00007ff82cba0000 - 0x00007ff82cbc7000 	C:\Users\HP\.gradle\native\68d5fa5c4cc2d200863cafc0d521ce42e7d3e7ee720ec0a83991735586a16f82\windows-amd64\native-platform.dll
0x00007ff812cf0000 - 0x00007ff812e34000 	C:\Users\HP\.gradle\native\e376f236ea51e6404a007f0833ffe2c6e607c4080706a723a18a27aeea778392\windows-amd64\native-platform-file-events.dll
0x00007ff84a0f0000 - 0x00007ff84a0f9000 	C:\Program Files\Android\Android Studio\jbr\bin\management.dll
0x00007ff8462d0000 - 0x00007ff8462db000 	C:\Program Files\Android\Android Studio\jbr\bin\management_ext.dll
0x00007ff8602d0000 - 0x00007ff8602d8000 	C:\windows\System32\PSAPI.DLL
0x00007ff85d080000 - 0x00007ff85d09b000 	C:\windows\SYSTEM32\CRYPTSP.dll
0x00007ff85c900000 - 0x00007ff85c935000 	C:\windows\system32\rsaenh.dll
0x00007ff85cf10000 - 0x00007ff85cf3c000 	C:\windows\SYSTEM32\USERENV.dll
0x00007ff85d070000 - 0x00007ff85d07c000 	C:\windows\SYSTEM32\CRYPTBASE.dll
0x00007ff85c370000 - 0x00007ff85c39d000 	C:\windows\SYSTEM32\IPHLPAPI.DLL
0x00007ff85f320000 - 0x00007ff85f329000 	C:\windows\System32\NSI.dll
0x00007ff857c40000 - 0x00007ff857c59000 	C:\windows\SYSTEM32\dhcpcsvc6.DLL
0x00007ff857ab0000 - 0x00007ff857acf000 	C:\windows\SYSTEM32\dhcpcsvc.DLL
0x00007ff85c3a0000 - 0x00007ff85c499000 	C:\windows\SYSTEM32\DNSAPI.dll
0x00007ff838600000 - 0x00007ff838608000 	C:\windows\system32\wshunix.dll

dbghelp: loaded successfully - version: 4.0.5 - missing functions: none
symbol engine: initialized successfully - sym options: 0x614 - pdb path: .;C:\Program Files\Android\Android Studio\jbr\bin;C:\windows\SYSTEM32;C:\windows\WinSxS\amd64_microsoft.windows.common-controls_6595b64144ccf1df_6.0.22621.2506_none_270c5ae97388e100;C:\Program Files\Android\Android Studio\jbr\bin\server;C:\Users\HP\.gradle\native\68d5fa5c4cc2d200863cafc0d521ce42e7d3e7ee720ec0a83991735586a16f82\windows-amd64;C:\Users\HP\.gradle\native\e376f236ea51e6404a007f0833ffe2c6e607c4080706a723a18a27aeea778392\windows-amd64

VM Arguments:
jvm_args: --add-opens=java.base/java.util=ALL-UNNAMED --add-opens=java.base/java.lang=ALL-UNNAMED --add-opens=java.base/java.lang.invoke=ALL-UNNAMED --add-opens=java.prefs/java.util.prefs=ALL-UNNAMED --add-opens=java.base/java.nio.charset=ALL-UNNAMED --add-opens=java.base/java.net=ALL-UNNAMED --add-opens=java.base/java.util.concurrent.atomic=ALL-UNNAMED -Xmx2048m -Dfile.encoding=UTF-8 -Duser.country=ID -Duser.language=en -Duser.variant -javaagent:C:\Users\HP\.gradle\wrapper\dists\gradle-8.2-bin\bbg7u40eoinfdyxsxr3z4i7ta\gradle-8.2\lib\agents\gradle-instrumentation-agent-8.2.jar 
java_command: org.gradle.launcher.daemon.bootstrap.GradleDaemon 8.2
java_class_path (initial): C:\Users\HP\.gradle\wrapper\dists\gradle-8.2-bin\bbg7u40eoinfdyxsxr3z4i7ta\gradle-8.2\lib\gradle-launcher-8.2.jar
Launcher Type: SUN_STANDARD

[Global flags]
     intx CICompilerCount                          = 12                                        {product} {ergonomic}
     uint ConcGCThreads                            = 3                                         {product} {ergonomic}
     uint G1ConcRefinementThreads                  = 13                                        {product} {ergonomic}
   size_t G1HeapRegionSize                         = 1048576                                   {product} {ergonomic}
    uintx GCDrainStackTargetSize                   = 64                                        {product} {ergonomic}
   size_t InitialHeapSize                          = 130023424                                 {product} {ergonomic}
   size_t MarkStackSize                            = 4194304                                   {product} {ergonomic}
   size_t MaxHeapSize                              = 2147483648                                {product} {command line}
   size_t MaxNewSize                               = 1287651328                                {product} {ergonomic}
   size_t MinHeapDeltaBytes                        = 1048576                                   {product} {ergonomic}
   size_t MinHeapSize                              = 8388608                                   {product} {ergonomic}
    uintx NonNMethodCodeHeapSize                   = 7602480                                {pd product} {ergonomic}
    uintx NonProfiledCodeHeapSize                  = 122027880                              {pd product} {ergonomic}
    uintx ProfiledCodeHeapSize                     = 122027880                              {pd product} {ergonomic}
    uintx ReservedCodeCacheSize                    = 251658240                              {pd product} {ergonomic}
     bool SegmentedCodeCache                       = true                                      {product} {ergonomic}
   size_t SoftMaxHeapSize                          = 2147483648                             {manageable} {ergonomic}
     bool UseCompressedClassPointers               = true                           {product lp64_product} {ergonomic}
     bool UseCompressedOops                        = true                           {product lp64_product} {ergonomic}
     bool UseG1GC                                  = true                                      {product} {ergonomic}
     bool UseLargePagesIndividualAllocation        = false                                  {pd product} {ergonomic}

Logging:
Log output configuration:
 #0: stdout all=warning uptime,level,tags
 #1: stderr all=off uptime,level,tags

Environment Variables:
JAVA_HOME=C:\Program Files\Java\jdk-20\bin
PATH=C:\app\HP\product\21c\dbhomeXE\bin;C:\Program Files\Common Files\Oracle\Java\javapath;C:\windows\system32;C:\windows;C:\windows\System32\Wbem;C:\windows\System32\WindowsPowerShell\v1.0\;C:\windows\System32\OpenSSH\;C:\Program Files (x86)\NVIDIA Corporation\PhysX\Common;C:\Program Files\NVIDIA Corporation\NVIDIA NvDLISR;C:\Program Files\Java\jdk-20\bin;C:\Program Files\MySQL\MySQL Server 8.0\bin;C:\Program Files\Git\cmd;C:\Users\HP\AppData\Local\Programs\Python\Python312\Scripts\;C:\Users\HP\AppData\Local\Programs\Python\Python312\;C:\Program Files\MySQL\MySQL Shell 8.0\bin\;C:\Users\HP\AppData\Local\Microsoft\WindowsApps;;C:\Program Files\JetBrains\IntelliJ IDEA 2023.2.1\bin;;C:\Program Files\JetBrains\IntelliJ IDEA Community Edition 2023.2.1\bin;;C:\Users\HP\AppData\Local\Programs\Microsoft VS Code\bin
USERNAME=HP
OS=Windows_NT
PROCESSOR_IDENTIFIER=Intel64 Family 6 Model 154 Stepping 3, GenuineIntel
TMP=C:\Users\HP\AppData\Local\Temp
TEMP=C:\Users\HP\AppData\Local\Temp


JNI global refs:
JNI global refs: 35, weak refs: 0

JNI global refs memory usage: 843, weak refs: 841

OOME stack traces (most recent first):
Classloader memory used:
Loader org.gradle.internal.classloader.VisitableURLClassLoader                         : 3332K
Loader bootstrap                                                                       : 2416K
Loader org.gradle.initialization.MixInLegacyTypesClassLoader                           : 966K
Loader org.gradle.internal.classloader.VisitableURLClassLoader$InstrumentingVisitableURLClassLoader: 178K
Loader jdk.internal.loader.ClassLoaders$PlatformClassLoader                            : 65126B
Loader jdk.internal.loader.ClassLoaders$AppClassLoader                                 : 28448B
Loader jdk.internal.reflect.DelegatingClassLoader                                      : 13640B
Loader org.gradle.groovy.scripts.internal.DefaultScriptCompilationHandler$ScriptClassLoader: 1712B
Loader org.codehaus.groovy.runtime.callsite.CallSiteClassLoader                        : 356B

Classes loaded by more than one classloader:
Class Program                                                                         : loaded 4 times (x 72B)
Class com.google.common.collect.SingletonImmutableList                                : loaded 2 times (x 167B)
Class org.gradle.internal.classpath.ClassPath                                         : loaded 2 times (x 68B)
Class org.gradle.api.internal.classpath.DefaultModuleRegistry                         : loaded 2 times (x 84B)
Class Settings_gradle$1$1                                                             : loaded 2 times (x 72B)
Class com.google.common.collect.ListMultimap                                          : loaded 2 times (x 68B)
Class com.google.common.base.CharMatcher$JavaDigit                                    : loaded 2 times (x 109B)
Class com.google.common.base.CharMatcher$Digit                                        : loaded 2 times (x 110B)
Class com.google.common.collect.AbstractMultimap                                      : loaded 2 times (x 121B)
Class org.gradle.api.Action                                                           : loaded 2 times (x 68B)
Class com.google.common.collect.Lists$StringAsImmutableList                           : loaded 2 times (x 167B)
Class com.google.common.base.CharMatcher                                              : loaded 2 times (x 109B)
Class com.google.common.base.CharMatcher$IsNot                                        : loaded 2 times (x 109B)
Class com.google.common.base.Splitter                                                 : loaded 2 times (x 70B)
Class org.gradle.api.internal.DefaultClassPathProvider                                : loaded 2 times (x 74B)
Class org.gradle.internal.installation.GradleInstallation$1                           : loaded 2 times (x 73B)
Class com.google.common.base.CharMatcher$BitSetMatcher                                : loaded 2 times (x 110B)
Class com.google.common.collect.ImmutableMap$IteratorBasedImmutableMap                : loaded 2 times (x 123B)
Class com.google.common.collect.ImmutableMap                                          : loaded 2 times (x 118B)
Class com.google.common.base.Converter                                                : loaded 2 times (x 88B)
Class com.google.common.base.Predicate                                                : loaded 2 times (x 68B)
Class org.gradle.internal.classloader.FilteringClassLoader                            : loaded 2 times (x 102B)
Class org.gradle.internal.classpath.DefaultClassPath$ImmutableUniqueList$Builder      : loaded 2 times (x 73B)
Class com.google.common.collect.Maps$8                                                : loaded 2 times (x 80B)
Class com.google.common.base.CharMatcher$InRange                                      : loaded 2 times (x 109B)
Class com.google.common.collect.BiMap                                                 : loaded 2 times (x 68B)
Class com.google.common.collect.Lists                                                 : loaded 2 times (x 69B)
Class org.gradle.internal.classloader.ClassLoaderVisitor                              : loaded 2 times (x 74B)
Class org.gradle.internal.service.DefaultServiceLocator                               : loaded 2 times (x 81B)
Class org.gradle.internal.service.UnknownServiceException                             : loaded 2 times (x 81B)
Class com.google.common.collect.ArrayListMultimap                                     : loaded 2 times (x 170B)
Class org.gradle.internal.classloader.DefaultClassLoaderFactory                       : loaded 2 times (x 80B)
Class com.google.common.collect.UnmodifiableIterator                                  : loaded 2 times (x 78B)
Class com.google.common.base.CharMatcher$SingleWidth                                  : loaded 2 times (x 110B)
Class com.google.common.base.JdkPattern                                               : loaded 2 times (x 73B)
Class com.google.common.collect.Multimap                                              : loaded 2 times (x 68B)
Class org.gradle.internal.classloader.VisitableURLClassLoader$Spec                    : loaded 2 times (x 72B)
Class org.gradle.api.GradleException                                                  : loaded 2 times (x 80B)
Class com.google.common.base.CharMatcher$JavaLetterOrDigit                            : loaded 2 times (x 109B)
Class org.gradle.api.internal.classpath.ModuleRegistry                                : loaded 2 times (x 68B)
Class com.google.common.collect.ImmutableCollection                                   : loaded 2 times (x 123B)
Class org.gradle.api.internal.ClassPathProvider                                       : loaded 2 times (x 68B)
Class org.gradle.internal.classloader.ClasspathUtil$1                                 : loaded 2 times (x 74B)
Class com.google.common.collect.ImmutableEnumMap                                      : loaded 2 times (x 123B)
Class com.google.common.collect.ImmutableList$ReverseImmutableList                    : loaded 2 times (x 168B)
Class org.gradle.internal.classloader.ClassLoaderFactory                              : loaded 2 times (x 68B)
Class com.google.common.collect.ObjectArrays                                          : loaded 2 times (x 69B)
Class com.google.common.collect.ImmutableList                                         : loaded 2 times (x 166B)
Class org.gradle.api.internal.classpath.ManifestUtil                                  : loaded 2 times (x 69B)
Class org.gradle.api.specs.Spec                                                       : loaded 2 times (x 68B)
Class com.google.common.base.CharMatcher$Whitespace                                   : loaded 2 times (x 110B)
Class com.google.common.base.Preconditions                                            : loaded 2 times (x 69B)
Class com.google.common.base.Function                                                 : loaded 2 times (x 68B)
Class org.gradle.internal.IoActions                                                   : loaded 2 times (x 69B)
Class com.google.common.collect.CollectPreconditions                                  : loaded 2 times (x 69B)
Class com.google.common.collect.Maps                                                  : loaded 2 times (x 69B)
Class com.google.common.collect.AbstractIndexedListIterator                           : loaded 2 times (x 94B)
Class com.google.common.base.CharMatcher$None                                         : loaded 2 times (x 110B)
Class org.gradle.api.internal.classpath.EffectiveClassPath                            : loaded 2 times (x 88B)
Class com.google.common.collect.UnmodifiableListIterator                              : loaded 2 times (x 93B)
Class com.google.common.collect.ImmutableList$1                                       : loaded 2 times (x 95B)
Class com.google.common.base.Splitter$Strategy                                        : loaded 2 times (x 68B)
Class org.gradle.internal.installation.CurrentGradleInstallation                      : loaded 2 times (x 71B)
Class org.gradle.internal.agents.InstrumentingClassLoader                             : loaded 2 times (x 68B)
Class org.gradle.internal.installation.CurrentGradleInstallationLocator               : loaded 2 times (x 69B)
Class org.gradle.api.internal.classpath.Module                                        : loaded 2 times (x 68B)
Class com.google.common.base.Splitter$1$1                                             : loaded 2 times (x 84B)
Class org.gradle.internal.service.CachingServiceLocator                               : loaded 2 times (x 80B)
Class org.gradle.internal.classpath.DefaultClassPath                                  : loaded 2 times (x 88B)
Class com.google.common.base.Splitter$SplittingIterator                               : loaded 2 times (x 82B)
Class com.google.common.base.CharMatcher$Is                                           : loaded 2 times (x 109B)
Class com.google.common.collect.RegularImmutableAsList                                : loaded 2 times (x 176B)
Class org.gradle.internal.classloader.SystemClassLoaderSpec                           : loaded 2 times (x 69B)
Class [Lcom.google.common.base.AbstractIterator$State;                                : loaded 2 times (x 67B)
Class com.google.common.base.AbstractIterator                                         : loaded 2 times (x 78B)
Class com.google.common.base.AbstractIterator$1                                       : loaded 2 times (x 69B)
Class com.google.common.base.CharMatcher$1                                            : loaded 2 times (x 111B)
Class com.google.common.base.CharMatcher$Ascii                                        : loaded 2 times (x 110B)
Class org.gradle.api.UncheckedIOException                                             : loaded 2 times (x 80B)
Class com.google.common.base.CharMatcher$And                                          : loaded 2 times (x 110B)
Class com.google.common.collect.AbstractListMultimap                                  : loaded 2 times (x 170B)
Class com.google.common.base.CharMatcher$Any                                          : loaded 2 times (x 110B)
Class org.gradle.internal.installation.GradleInstallation                             : loaded 2 times (x 73B)
Class com.google.common.collect.ArrayListMultimapGwtSerializationDependencies         : loaded 2 times (x 170B)
Class com.google.common.base.CharMatcher$RangesMatcher                                : loaded 2 times (x 110B)
Class com.google.common.collect.ImmutableList$SubList                                 : loaded 2 times (x 168B)
Class org.gradle.internal.classloader.ClasspathUtil                                   : loaded 2 times (x 69B)
Class com.google.common.base.Splitter$1                                               : loaded 2 times (x 75B)
Class com.google.common.collect.Maps$BiMapConverter                                   : loaded 2 times (x 88B)
Class org.gradle.api.internal.DefaultClassPathRegistry                                : loaded 2 times (x 74B)
Class org.gradle.api.internal.classpath.DefaultModuleRegistry$DefaultModule           : loaded 2 times (x 84B)
Class com.google.common.base.CharMatcher$JavaIsoControl                               : loaded 2 times (x 110B)
Class com.google.common.base.CharMatcher$Or                                           : loaded 2 times (x 110B)
Class com.google.common.base.CharMatcher$JavaLowerCase                                : loaded 2 times (x 109B)
Class org.gradle.api.internal.classpath.UnknownModuleException                        : loaded 2 times (x 80B)
Class com.google.common.collect.Maps$EntryTransformer                                 : loaded 2 times (x 68B)
Class com.google.common.base.CommonPattern                                            : loaded 2 times (x 72B)
Class org.gradle.internal.service.ServiceLookupException                              : loaded 2 times (x 80B)
Class org.gradle.cache.GlobalCache                                                    : loaded 2 times (x 68B)
Class com.google.common.base.CharMatcher$NegatedFastMatcher                           : loaded 2 times (x 111B)
Class [Lorg.gradle.api.internal.ClassPathProvider;                                    : loaded 2 times (x 67B)
Class org.gradle.util.internal.GUtil                                                  : loaded 2 times (x 69B)
Class org.gradle.internal.classloader.ClassLoaderSpec                                 : loaded 2 times (x 69B)
Class com.google.common.base.NullnessCasts                                            : loaded 2 times (x 69B)
Class com.google.common.base.CharMatcher$Negated                                      : loaded 2 times (x 111B)
Class com.google.common.base.CharMatcher$ForPredicate                                 : loaded 2 times (x 110B)
Class com.google.common.collect.SortedMapDifference                                   : loaded 2 times (x 68B)
Class org.gradle.internal.classloader.VisitableURLClassLoader                         : loaded 2 times (x 114B)
Class org.gradle.internal.Cast                                                        : loaded 2 times (x 69B)
Class org.gradle.api.internal.ClassPathRegistry                                       : loaded 2 times (x 68B)
Class org.gradle.internal.classloader.VisitableURLClassLoader$InstrumentingVisitableURLClassLoader: loaded 2 times (x 120B)
Class org.gradle.internal.classloader.ClassLoaderHierarchy                            : loaded 2 times (x 68B)
Class com.google.common.base.AbstractIterator$State                                   : loaded 2 times (x 77B)
Class com.google.common.base.CharMatcher$NamedFastMatcher                             : loaded 2 times (x 110B)
Class org.gradle.internal.InternalTransformer                                         : loaded 2 times (x 68B)
Class org.gradle.internal.service.ServiceLocator                                      : loaded 2 times (x 68B)
Class Settings_gradle$1                                                               : loaded 2 times (x 72B)
Class com.google.common.base.CharMatcher$Invisible                                    : loaded 2 times (x 110B)
Class com.google.common.base.CharMatcher$FastMatcher                                  : loaded 2 times (x 109B)
Class org.gradle.internal.classpath.DefaultClassPath$ImmutableUniqueList              : loaded 2 times (x 159B)
Class com.google.common.base.CharMatcher$JavaLetter                                   : loaded 2 times (x 109B)
Class org.gradle.internal.classpath.TransformedClassPath                              : loaded 2 times (x 94B)
Class com.google.common.collect.MapDifference                                         : loaded 2 times (x 68B)
Class Settings_gradle                                                                 : loaded 2 times (x 126B)
Class com.google.common.collect.Platform                                              : loaded 2 times (x 69B)
Class com.google.common.collect.ImmutableAsList                                       : loaded 2 times (x 169B)
Class com.google.common.base.CharMatcher$AnyOf                                        : loaded 2 times (x 110B)
Class com.google.common.base.CharMatcher$IsEither                                     : loaded 2 times (x 109B)
Class com.google.common.collect.RegularImmutableList                                  : loaded 2 times (x 172B)
Class com.google.common.base.CharMatcher$JavaUpperCase                                : loaded 2 times (x 109B)
Class com.google.common.collect.Multiset                                              : loaded 2 times (x 68B)
Class com.google.common.collect.AbstractMapBasedMultimap                              : loaded 2 times (x 137B)


---------------  S Y S T E M  ---------------

OS:
 Windows 11 , 64 bit Build 22621 (10.0.22621.3085)
OS uptime: 0 days 1:17 hours
Hyper-V role detected

CPU: total 16 (initial active 16) (8 cores per cpu, 2 threads per core) family 6 model 154 stepping 3 microcode 0x42c, cx8, cmov, fxsr, ht, mmx, 3dnowpref, sse, sse2, sse3, ssse3, sse4.1, sse4.2, popcnt, lzcnt, tsc, tscinvbit, avx, avx2, aes, erms, clmul, bmi1, bmi2, adx, sha, fma, vzeroupper, clflush, clflushopt, clwb, hv

Memory: 4k page, system-wide physical 7859M (608M free)
TotalPageFile size 9907M (AvailPageFile size 18M)
current process WorkingSet (physical memory assigned to process): 292M, peak: 293M
current process commit charge ("private bytes"): 338M, peak: 357M

vm_info: OpenJDK 64-Bit Server VM (17.0.7+0-b2043.56-10550314) for windows-amd64 JRE (17.0.7+0-b2043.56-10550314), built on Jul 24 2023 18:27:45 by "androidbuild" with MS VC++ 16.10 / 16.11 (VS2019)

END.
